#
# There is insufficient memory for the Java Runtime Environment to continue.
# Native memory allocation (mmap) failed to map 264241152 bytes for G1 virtual space
# Possible reasons:
#   The system is out of physical RAM or swap space
#   The process is running with CompressedOops enabled, and the Java Heap may be blocking the growth of the native heap
# Possible solutions:
#   Reduce memory load on the system
#   Increase physical memory or swap space
#   Check if swap backing store is full
#   Decrease Java heap size (-Xmx/-Xms)
#   Decrease number of Java threads
#   Decrease Java thread stack sizes (-Xss)
#   Set larger code cache with -XX:ReservedCodeCacheSize=
#   JVM is running with Unscaled Compressed Oops mode in which the Java heap is
#     placed in the first 4GB address space. The Java Heap base address is the
#     maximum limit for the native heap growth. Please use -XX:HeapBaseMinAddress
#     to set the Java Heap base and to place the Java Heap above 4GB virtual address.
# This output file may be truncated or incomplete.
#
#  Out of Memory Error (os_windows.cpp:3617), pid=6328, tid=14580
#
# JRE version:  (17.0.8.1+1) (build )
# Java VM: OpenJDK 64-Bit Server VM (17.0.8.1+1, mixed mode, emulated-client, sharing, tiered, compressed oops, compressed class ptrs, g1 gc, windows-amd64)
# No core dump will be written. Minidumps are not enabled by default on client versions of Windows
#

---------------  S U M M A R Y ------------

Command Line: -XX:+HeapDumpOnOutOfMemoryError -Xmx1024m -Dsts.lsp.client=vscode -Dsts.log.file=/dev/null -XX:TieredStopAtLevel=1 -Xlog:jni+resolve=off -Dspring.config.location=file:c:\Users\HP\.vscode\extensions\vmware.vscode-spring-boot-1.50.2023101004\language-server\BOOT-INF\classes\application.properties org.springframework.ide.vscode.boot.app.BootLanguageServerBootApp

Host: 11th Gen Intel(R) Core(TM) i5-1135G7 @ 2.40GHz, 8 cores, 15G,  Windows 11 , 64 bit Build 22621 (10.0.22621.2215)
Time: Tue Oct 10 16:39:19 2023 SE Asia Standard Time elapsed time: 0.008450 seconds (0d 0h 0m 0s)

---------------  T H R E A D  ---------------

Current thread (0x00000230615f33f0):  JavaThread "Unknown thread" [_thread_in_vm, id=14580, stack(0x000000cd6cb00000,0x000000cd6cc00000)]

Stack: [0x000000cd6cb00000,0x000000cd6cc00000]
Native frames: (J=compiled Java code, j=interpreted, Vv=VM code, C=native code)
V  [jvm.dll+0x678b0a]
V  [jvm.dll+0x835e84]
V  [jvm.dll+0x83762e]
V  [jvm.dll+0x837c93]
V  [jvm.dll+0x24746f]
V  [jvm.dll+0x675859]
V  [jvm.dll+0x66a0ea]
V  [jvm.dll+0x306c7b]
V  [jvm.dll+0x30e166]
V  [jvm.dll+0x35dd3e]
V  [jvm.dll+0x35df6f]
V  [jvm.dll+0x2ddb48]
V  [jvm.dll+0x2deab4]
V  [jvm.dll+0x807f31]
V  [jvm.dll+0x36bb21]
V  [jvm.dll+0x7e733c]
V  [jvm.dll+0x3ee4af]
V  [jvm.dll+0x3f00c1]
C  [jli.dll+0x528b]
C  [ucrtbase.dll+0x29363]
C  [KERNEL32.DLL+0x1257d]
C  [ntdll.dll+0x5aa68]


---------------  P R O C E S S  ---------------

Threads class SMR info:
_java_thread_list=0x00007ff83623a018, length=0, elements={
}

Java Threads: ( => current thread )

Other Threads:
  0x0000023061631530 GCTaskThread "GC Thread#0" [stack: 0x000000cd6cc00000,0x000000cd6cd00000] [id=1964]
  0x000002306163a390 ConcurrentGCThread "G1 Main Marker" [stack: 0x000000cd6cd00000,0x000000cd6ce00000] [id=16616]
  0x000002306163acb0 ConcurrentGCThread "G1 Conc#0" [stack: 0x000000cd6ce00000,0x000000cd6cf00000] [id=6336]

[error occurred during error reporting (printing all threads), id 0xc0000005, EXCEPTION_ACCESS_VIOLATION (0xc0000005) at pc=0x00007ff835a0e587]

VM state: not at safepoint (not fully initialized)

VM Mutex/Monitor currently owned by a thread:  ([mutex/lock_event])
[0x00000230615efc10] Heap_lock - owner thread: 0x00000230615f33f0

Heap address: 0x00000000c0000000, size: 1024 MB, Compressed Oops mode: 32-bit

CDS archive(s) mapped at: [0x0000000000000000-0x0000000000000000-0x0000000000000000), size 0, SharedBaseAddress: 0x0000000800000000, ArchiveRelocationMode: 1.
Narrow klass base: 0x0000000000000000, Narrow klass shift: 0, Narrow klass range: 0x0

GC Precious Log:
<Empty>

Heap:
 garbage-first heap   total 0K, used 0K [0x00000000c0000000, 0x0000000100000000)
  region size 1024K, 0 young (0K), 0 survivors (0K)

[error occurred during error reporting (printing heap information), id 0xc0000005, EXCEPTION_ACCESS_VIOLATION (0xc0000005) at pc=0x00007ff835df2699]

GC Heap History (0 events):
No events

Dll operation events (1 events):
Event: 0.005 Loaded shared library c:\Users\HP\.vscode\extensions\redhat.java-1.23.0-win32-x64\jre\17.0.8.1-win32-x86_64\bin\java.dll

Deoptimization events (0 events):
No events

Classes unloaded (0 events):
No events

Classes redefined (0 events):
No events

Internal exceptions (0 events):
No events

VM Operations (0 events):
No events

Events (0 events):
No events


Dynamic libraries:
0x00007ff64b480000 - 0x00007ff64b48e000 	c:\Users\HP\.vscode\extensions\redhat.java-1.23.0-win32-x64\jre\17.0.8.1-win32-x86_64\bin\java.exe
0x00007ff8942d0000 - 0x00007ff8944e4000 	C:\WINDOWS\SYSTEM32\ntdll.dll
0x00007ff892d00000 - 0x00007ff892dc4000 	C:\WINDOWS\System32\KERNEL32.DLL
0x00007ff891930000 - 0x00007ff891cd4000 	C:\WINDOWS\System32\KERNELBASE.dll
0x00007ff891680000 - 0x00007ff891791000 	C:\WINDOWS\System32\ucrtbase.dll
0x00007ff8719b0000 - 0x00007ff8719c7000 	c:\Users\HP\.vscode\extensions\redhat.java-1.23.0-win32-x64\jre\17.0.8.1-win32-x86_64\bin\jli.dll
0x00007ff8717f0000 - 0x00007ff871809000 	c:\Users\HP\.vscode\extensions\redhat.java-1.23.0-win32-x64\jre\17.0.8.1-win32-x86_64\bin\VCRUNTIME140.dll
0x00007ff893790000 - 0x00007ff89393e000 	C:\WINDOWS\System32\USER32.dll
0x00007ff874340000 - 0x00007ff8745d3000 	C:\WINDOWS\WinSxS\amd64_microsoft.windows.common-controls_6595b64144ccf1df_6.0.22621.2215_none_270d72677387dfc3\COMCTL32.dll
0x00007ff891900000 - 0x00007ff891926000 	C:\WINDOWS\System32\win32u.dll
0x00007ff8941b0000 - 0x00007ff894257000 	C:\WINDOWS\System32\msvcrt.dll
0x00007ff8925c0000 - 0x00007ff8925e9000 	C:\WINDOWS\System32\GDI32.dll
0x00007ff891ec0000 - 0x00007ff891fd8000 	C:\WINDOWS\System32\gdi32full.dll
0x00007ff891860000 - 0x00007ff8918fa000 	C:\WINDOWS\System32\msvcp_win.dll
0x00007ff8928e0000 - 0x00007ff892911000 	C:\WINDOWS\System32\IMM32.DLL
0x00007ff887520000 - 0x00007ff88752c000 	c:\Users\HP\.vscode\extensions\redhat.java-1.23.0-win32-x64\jre\17.0.8.1-win32-x86_64\bin\vcruntime140_1.dll
0x00007ff848720000 - 0x00007ff8487b1000 	c:\Users\HP\.vscode\extensions\redhat.java-1.23.0-win32-x64\jre\17.0.8.1-win32-x86_64\bin\msvcp140.dll
0x00007ff835720000 - 0x00007ff83636c000 	c:\Users\HP\.vscode\extensions\redhat.java-1.23.0-win32-x64\jre\17.0.8.1-win32-x86_64\bin\server\jvm.dll
0x00007ff893ad0000 - 0x00007ff893b80000 	C:\WINDOWS\System32\ADVAPI32.dll
0x00007ff892940000 - 0x00007ff8929e6000 	C:\WINDOWS\System32\sechost.dll
0x00007ff893670000 - 0x00007ff893787000 	C:\WINDOWS\System32\RPCRT4.dll
0x00007ff877bb0000 - 0x00007ff877bb9000 	C:\WINDOWS\SYSTEM32\WSOCK32.dll
0x00007ff891100000 - 0x00007ff89114d000 	C:\WINDOWS\SYSTEM32\POWRPROF.dll
0x00007ff892540000 - 0x00007ff8925b1000 	C:\WINDOWS\System32\WS2_32.dll
0x00007ff8876c0000 - 0x00007ff8876f4000 	C:\WINDOWS\SYSTEM32\WINMM.dll
0x00007ff884f20000 - 0x00007ff884f2a000 	C:\WINDOWS\SYSTEM32\VERSION.dll
0x00007ff890fc0000 - 0x00007ff890fd3000 	C:\WINDOWS\SYSTEM32\UMPDC.dll
0x00007ff890680000 - 0x00007ff890698000 	C:\WINDOWS\SYSTEM32\kernel.appcore.dll
0x00007ff874150000 - 0x00007ff87415a000 	c:\Users\HP\.vscode\extensions\redhat.java-1.23.0-win32-x64\jre\17.0.8.1-win32-x86_64\bin\jimage.dll
0x00007ff88e700000 - 0x00007ff88e92e000 	C:\WINDOWS\SYSTEM32\DBGHELP.DLL
0x00007ff893be0000 - 0x00007ff893f6a000 	C:\WINDOWS\System32\combase.dll
0x00007ff893940000 - 0x00007ff893a17000 	C:\WINDOWS\System32\OLEAUT32.dll
0x00007ff86bdd0000 - 0x00007ff86be02000 	C:\WINDOWS\SYSTEM32\dbgcore.DLL
0x00007ff891fe0000 - 0x00007ff89205a000 	C:\WINDOWS\System32\bcryptPrimitives.dll
0x00007ff857490000 - 0x00007ff8574b5000 	c:\Users\HP\.vscode\extensions\redhat.java-1.23.0-win32-x64\jre\17.0.8.1-win32-x86_64\bin\java.dll

dbghelp: loaded successfully - version: 4.0.5 - missing functions: none
symbol engine: initialized successfully - sym options: 0x614 - pdb path: .;c:\Users\HP\.vscode\extensions\redhat.java-1.23.0-win32-x64\jre\17.0.8.1-win32-x86_64\bin;C:\WINDOWS\SYSTEM32;C:\WINDOWS\WinSxS\amd64_microsoft.windows.common-controls_6595b64144ccf1df_6.0.22621.2215_none_270d72677387dfc3;c:\Users\HP\.vscode\extensions\redhat.java-1.23.0-win32-x64\jre\17.0.8.1-win32-x86_64\bin\server

VM Arguments:
jvm_args: -XX:+HeapDumpOnOutOfMemoryError -Xmx1024m -Dsts.lsp.client=vscode -Dsts.log.file=/dev/null -XX:TieredStopAtLevel=1 -Xlog:jni+resolve=off -Dspring.config.location=file:c:\Users\HP\.vscode\extensions\vmware.vscode-spring-boot-1.50.2023101004\language-server\BOOT-INF\classes\application.properties 
java_command: org.springframework.ide.vscode.boot.app.BootLanguageServerBootApp
java_class_path (initial): c:\Users\HP\.vscode\extensions\vmware.vscode-spring-boot-1.50.2023101004\language-server\BOOT-INF\classes;c:\Users\HP\.vscode\extensions\vmware.vscode-spring-boot-1.50.2023101004\language-server\BOOT-INF\lib\annotations-24.0.1.jar;c:\Users\HP\.vscode\extensions\vmware.vscode-spring-boot-1.50.2023101004\language-server\BOOT-INF\lib\antlr-runtime-3.5.3.jar;c:\Users\HP\.vscode\extensions\vmware.vscode-spring-boot-1.50.2023101004\language-server\BOOT-INF\lib\antlr4-4.11.1.jar;c:\Users\HP\.vscode\extensions\vmware.vscode-spring-boot-1.50.2023101004\language-server\BOOT-INF\lib\antlr4-runtime-4.11.1.jar;c:\Users\HP\.vscode\extensions\vmware.vscode-spring-boot-1.50.2023101004\language-server\BOOT-INF\lib\archunit-1.1.0.jar;c:\Users\HP\.vscode\extensions\vmware.vscode-spring-boot-1.50.2023101004\language-server\BOOT-INF\lib\asm-9.5.jar;c:\Users\HP\.vscode\extensions\vmware.vscode-spring-boot-1.50.2023101004\language-server\BOOT-INF\lib\asm-analysis-9.5.jar;c:\Users\HP\.vscode\extensions\vmware.vscode-spring-boot-1.50.2023101004\language-server\BOOT-INF\lib\asm-tree-9.5.jar;c:\Users\HP\.vscode\extensions\vmware.vscode-spring-boot-1.50.2023101004\language-server\BOOT-INF\lib\asm-util-9.5.jar;c:\Users\HP\.vscode\extensions\vmware.vscode-spring-boot-1.50.2023101004\language-server\BOOT-INF\lib\bosh-language-server-1.50.0-SNAPSHOT.jar;c:\Users\HP\.vscode\extensions\vmware.vscode-spring-boot-1.50.2023101004\language-server\BOOT-INF\lib\caffeine-3.1.8.jar;c:\Users\HP\.vscode\extensions\vmware.vscode-spring-boot-1.50.2023101004\language-server\BOOT-INF\lib\checker-qual-3.12.0.jar;c:\Users\HP\.vscode\extensions\vmware.vscode-spring-boot-1.50.2023101004\language-server\BOOT-INF\lib\classgraph-4.8.149.jar;c:\Users\HP\.vscode\extensions\vmware.vscode-spring-boot-1.50.2023101004\language-server\BOOT-INF\lib\commons-codec-1.15.jar;c:\Users\HP\.vscode\extensions\vmware.vscode-spring-boot-1.50.2023101004\language-server\BOOT-INF\lib\commons-compress-1.24.0.jar;
Launcher Type: SUN_STANDARD

[Global flags]
     intx CICompilerCount                          = 4                                         {product} {ergonomic}
     uint ConcGCThreads                            = 2                                         {product} {ergonomic}
     uint G1ConcRefinementThreads                  = 8                                         {product} {ergonomic}
   size_t G1HeapRegionSize                         = 1048576                                   {product} {ergonomic}
    uintx GCDrainStackTargetSize                   = 64                                        {product} {ergonomic}
     bool HeapDumpOnOutOfMemoryError               = true                                   {manageable} {command line}
   size_t InitialHeapSize                          = 264241152                                 {product} {ergonomic}
   size_t MarkStackSize                            = 4194304                                   {product} {ergonomic}
   size_t MaxHeapSize                              = 1073741824                                {product} {command line}
   size_t MinHeapDeltaBytes                        = 1048576                                   {product} {ergonomic}
   size_t MinHeapSize                              = 8388608                                   {product} {ergonomic}
    uintx NonProfiledCodeHeapSize                  = 0                                      {pd product} {ergonomic}
     bool ProfileInterpreter                       = false                                  {pd product} {command line}
    uintx ProfiledCodeHeapSize                     = 0                                      {pd product} {ergonomic}
   size_t SoftMaxHeapSize                          = 1073741824                             {manageable} {ergonomic}
     intx TieredStopAtLevel                        = 1                                         {product} {command line}
     bool UseCompressedClassPointers               = true                           {product lp64_product} {ergonomic}
     bool UseCompressedOops                        = true                           {product lp64_product} {ergonomic}
     bool UseG1GC                                  = true                                      {product} {ergonomic}
     bool UseLargePagesIndividualAllocation        = false                                  {pd product} {ergonomic}

Logging:
Log output configuration:
 #0: stdout all=warning,jni+resolve=off uptime,level,tags (reconfigured)
 #1: stderr all=off uptime,level,tags

Environment Variables:
JAVA_HOME=C:\Program Files\Java\jdk-17.0.1
PATH=C:\Program Files\Common Files\Oracle\Java\javapath;C:\Program Files (x86)\Common Files\Oracle\Java\javapath;C:\ProgramData\Oracle\Java\javapath;C:\windows\system32;C:\windows;C:\windows\System32\Wbem;C:\windows\System32\WindowsPowerShell\v1.0\;C:\windows\System32\OpenSSH\;C:\Program Files\Microsoft SQL Server\150\Tools\Binn\;C:\Program Files\Microsoft SQL Server\Client SDK\ODBC\170\Tools\Binn\;C:\Program Files (x86)\Microsoft SQL Server\150\Tools\Binn\;C:\Program Files\Microsoft SQL Server\150\DTS\Binn\;C:\Program Files (x86)\Microsoft SQL Server\150\DTS\Binn\;C:\Program Files\dotnet\;C:\Program Files (x86)\dotnet\;C:\WINDOWS\system32;C:\WINDOWS;C:\WINDOWS\System32\Wbem;C:\WINDOWS\System32\WindowsPowerShell\v1.0\;C:\WINDOWS\System32\OpenSSH\;C:\ProgramData\chocolatey\bin;C:\Program Files\nodejs\;C:\Program Files\Git\cmd;C:\Program Files\MySQL\MySQL Shell 8.0\bin\;C:\Users\HP\AppData\Local\Microsoft\WindowsApps;C:\Program Files\Java\jdk-17.0.1\bin;C:\Program Files\Azure Data Studio\bin;C:\Users\HP\.dotnet\tools;C:\Users\HP\AppData\Local\Microsoft\WindowsApps;C:\Users\HP\AppData\Local\Programs\Microsoft VS Code\bin;C:\Users\HP\.dotnet\tools;C:\Users\HP\AppData\Roaming\npm
USERNAME=HP
OS=Windows_NT
PROCESSOR_IDENTIFIER=Intel64 Family 6 Model 140 Stepping 1, GenuineIntel
TMP=C:\Users\HP\AppData\Local\Temp
TEMP=C:\Users\HP\AppData\Local\Temp



---------------  S Y S T E M  ---------------

OS:
 Windows 11 , 64 bit Build 22621 (10.0.22621.2215)
OS uptime: 0 days 6:25 hours

CPU: total 8 (initial active 8) (4 cores per cpu, 2 threads per core) family 6 model 140 stepping 1 microcode 0xa4, cx8, cmov, fxsr, ht, mmx, 3dnowpref, sse, sse2, sse3, ssse3, sse4.1, sse4.2, popcnt, lzcnt, tsc, tscinvbit, avx, avx2, aes, erms, clmul, bmi1, bmi2, adx, avx512f, avx512dq, avx512cd, avx512bw, avx512vl, sha, fma, vzeroupper, avx512_vpopcntdq, avx512_vpclmulqdq, avx512_vaes, avx512_vnni, clflush, clflushopt, clwb, avx512_vbmi2, avx512_vbmi
Processor Information for all 8 processors :
  Max Mhz: 2419, Current Mhz: 2419, Mhz Limit: 2419

Memory: 4k page, system-wide physical 16051M (5360M free)
TotalPageFile size 16051M (AvailPageFile size 191M)
current process WorkingSet (physical memory assigned to process): 11M, peak: 11M
current process commit charge ("private bytes"): 55M, peak: 307M

vm_info: OpenJDK 64-Bit Server VM (17.0.8.1+1) for windows-amd64 JRE (17.0.8.1+1), built on Aug 23 2023 15:29:17 by "admin" with MS VC++ 16.7 (VS2019)

END.
