#
# There is insufficient memory for the Java Runtime Environment to continue.
# Native memory allocation (malloc) failed to allocate 2097152 bytes for AllocateHeap
# Possible reasons:
#   The system is out of physical RAM or swap space
#   The process is running with CompressedOops enabled, and the Java Heap may be blocking the growth of the native heap
# Possible solutions:
#   Reduce memory load on the system
#   Increase physical memory or swap space
#   Check if swap backing store is full
#   Decrease Java heap size (-Xmx/-Xms)
#   Decrease number of Java threads
#   Decrease Java thread stack sizes (-Xss)
#   Set larger code cache with -XX:ReservedCodeCacheSize=
#   JVM is running with Unscaled Compressed Oops mode in which the Java heap is
#     placed in the first 4GB address space. The Java Heap base address is the
#     maximum limit for the native heap growth. Please use -XX:HeapBaseMinAddress
#     to set the Java Heap base and to place the Java Heap above 4GB virtual address.
# This output file may be truncated or incomplete.
#
#  Out of Memory Error (allocation.cpp:44), pid=2784, tid=13720
#
# JRE version: OpenJDK Runtime Environment Temurin-17.0.8.1+1 (17.0.8.1+1) (build 17.0.8.1+1)
# Java VM: OpenJDK 64-Bit Server VM Temurin-17.0.8.1+1 (17.0.8.1+1, mixed mode, emulated-client, tiered, compressed oops, compressed class ptrs, g1 gc, windows-amd64)
# No core dump will be written. Minidumps are not enabled by default on client versions of Windows
#

---------------  S U M M A R Y ------------

Command Line: -XX:+HeapDumpOnOutOfMemoryError -Xmx1024m -Dsts.lsp.client=vscode -Dsts.log.file=/dev/null -XX:TieredStopAtLevel=1 -Xlog:jni+resolve=off -Dspring.config.location=file:c:\Users\HP\.vscode\extensions\vmware.vscode-spring-boot-1.50.2023101004\language-server\BOOT-INF\classes\application.properties org.springframework.ide.vscode.boot.app.BootLanguageServerBootApp

Host: 11th Gen Intel(R) Core(TM) i5-1135G7 @ 2.40GHz, 8 cores, 15G,  Windows 11 , 64 bit Build 22621 (10.0.22621.2215)
Time: Tue Oct 10 23:36:19 2023 SE Asia Standard Time elapsed time: 12120.537803 seconds (0d 3h 22m 0s)

---------------  T H R E A D  ---------------

Current thread (0x000001524ba93910):  VMThread "VM Thread" [stack: 0x0000002efd200000,0x0000002efd300000] [id=13720]

Stack: [0x0000002efd200000,0x0000002efd300000]
Native frames: (J=compiled Java code, j=interpreted, Vv=VM code, C=native code)
V  [jvm.dll+0x678b0a]
V  [jvm.dll+0x835e84]
V  [jvm.dll+0x83762e]
V  [jvm.dll+0x837c93]
V  [jvm.dll+0x24746f]
V  [jvm.dll+0xa697b]
V  [jvm.dll+0x2f7f41]
V  [jvm.dll+0x2f3b80]
V  [jvm.dll+0x2dc1c7]
V  [jvm.dll+0x31f227]
V  [jvm.dll+0x83c15b]
V  [jvm.dll+0x83ce94]
V  [jvm.dll+0x83d3ac]
V  [jvm.dll+0x83d784]
V  [jvm.dll+0x83d850]
V  [jvm.dll+0x7e64ca]
V  [jvm.dll+0x677955]
C  [ucrtbase.dll+0x29363]
C  [KERNEL32.DLL+0x1257d]
C  [ntdll.dll+0x5aa68]

VM_Operation (0x0000002efeafefd0): G1CollectFull, mode: safepoint, requested by thread 0x00000152506b0410


---------------  P R O C E S S  ---------------

Threads class SMR info:
_java_thread_list=0x0000015259f13df0, length=27, elements={
0x000001524ba7c690, 0x000001524ba7d160, 0x000001524bae3530, 0x000001524bae5f10,
0x000001524bae67e0, 0x000001524bae90c0, 0x000001524bae9990, 0x000001524baec2b0,
0x000001524bcf6160, 0x000001524bcfd560, 0x00000152509dcea0, 0x00000152506b0410,
0x000001525147c050, 0x000001523ec733f0, 0x0000015250669310, 0x0000015251508300,
0x0000015251071610, 0x00000152510706e0, 0x0000015251071100, 0x000001525106fcc0,
0x0000015251070bf0, 0x0000015251072a50, 0x000001525106f2a0, 0x00000152518a59e0,
0x00000152518a6910, 0x00000152518a6e20, 0x00000152518a7330
}

Java Threads: ( => current thread )
  0x000001524ba7c690 JavaThread "Reference Handler" daemon [_thread_blocked, id=13176, stack(0x0000002efd300000,0x0000002efd400000)]
  0x000001524ba7d160 JavaThread "Finalizer" daemon [_thread_blocked, id=8660, stack(0x0000002efd400000,0x0000002efd500000)]
  0x000001524bae3530 JavaThread "Signal Dispatcher" daemon [_thread_blocked, id=6064, stack(0x0000002efd500000,0x0000002efd600000)]
  0x000001524bae5f10 JavaThread "Attach Listener" daemon [_thread_blocked, id=12412, stack(0x0000002efd600000,0x0000002efd700000)]
  0x000001524bae67e0 JavaThread "Service Thread" daemon [_thread_blocked, id=12476, stack(0x0000002efd700000,0x0000002efd800000)]
  0x000001524bae90c0 JavaThread "Monitor Deflation Thread" daemon [_thread_blocked, id=12480, stack(0x0000002efd800000,0x0000002efd900000)]
  0x000001524bae9990 JavaThread "C1 CompilerThread0" daemon [_thread_blocked, id=16876, stack(0x0000002efd900000,0x0000002efda00000)]
  0x000001524baec2b0 JavaThread "Sweeper thread" daemon [_thread_blocked, id=18340, stack(0x0000002efda00000,0x0000002efdb00000)]
  0x000001524bcf6160 JavaThread "Notification Thread" daemon [_thread_blocked, id=8804, stack(0x0000002efdd00000,0x0000002efde00000)]
  0x000001524bcfd560 JavaThread "Common-Cleaner" daemon [_thread_blocked, id=16868, stack(0x0000002efdf00000,0x0000002efe000000)]
  0x00000152509dcea0 JavaThread "boundedElastic-evictor-1" daemon [_thread_blocked, id=4580, stack(0x0000002efe700000,0x0000002efe800000)]
  0x00000152506b0410 JavaThread "pool-11-thread-1" [_thread_blocked, id=18172, stack(0x0000002efea00000,0x0000002efeb00000)]
  0x000001525147c050 JavaThread "LanguageServerApp-lifecycle" [_thread_blocked, id=17416, stack(0x0000002efeb00000,0x0000002efec00000)]
  0x000001523ec733f0 JavaThread "DestroyJavaVM" [_thread_blocked, id=12252, stack(0x0000002efcc00000,0x0000002efcd00000)]
  0x0000015250669310 JavaThread "pool-12-thread-1" [_thread_in_native, id=15772, stack(0x0000002efec00000,0x0000002efed00000)]
  0x0000015251508300 JavaThread "Simple-Language-Server main thread" daemon [_thread_blocked, id=9744, stack(0x0000002efed00000,0x0000002efee00000)]
  0x0000015251071610 JavaThread "pool-7-thread-1" [_thread_blocked, id=12708, stack(0x0000002eff100000,0x0000002eff200000)]
  0x00000152510706e0 JavaThread "parallel-1" daemon [_thread_blocked, id=16328, stack(0x0000002eff200000,0x0000002eff300000)]
  0x0000015251071100 JavaThread "pool-5-thread-1" [_thread_blocked, id=8284, stack(0x0000002eff300000,0x0000002eff400000)]
  0x000001525106fcc0 JavaThread "parallel-2" daemon [_thread_blocked, id=1400, stack(0x0000002eff400000,0x0000002eff500000)]
  0x0000015251070bf0 JavaThread "parallel-3" daemon [_thread_blocked, id=8984, stack(0x0000002eff500000,0x0000002eff600000)]
  0x0000015251072a50 JavaThread "parallel-4" daemon [_thread_blocked, id=16636, stack(0x0000002eff700000,0x0000002eff800000)]
  0x000001525106f2a0 JavaThread "parallel-5" daemon [_thread_blocked, id=13804, stack(0x0000002eff800000,0x0000002eff900000)]
  0x00000152518a59e0 JavaThread "Reconciler-1" daemon [_thread_blocked, id=17776, stack(0x0000002effb00000,0x0000002effc00000)]
  0x00000152518a6910 JavaThread "parallel-6" daemon [_thread_blocked, id=18336, stack(0x0000002e80500000,0x0000002e80600000)]
  0x00000152518a6e20 JavaThread "parallel-7" daemon [_thread_blocked, id=14980, stack(0x0000002e80400000,0x0000002e80500000)]
  0x00000152518a7330 JavaThread "parallel-8" daemon [_thread_blocked, id=16116, stack(0x0000002e80100000,0x0000002e80200000)]

Other Threads:
=>0x000001524ba93910 VMThread "VM Thread" [stack: 0x0000002efd200000,0x0000002efd300000] [id=13720]
  0x000001524bcf6e50 WatcherThread [stack: 0x0000002efde00000,0x0000002efdf00000] [id=9008]
  0x000001523ecb1430 GCTaskThread "GC Thread#0" [stack: 0x0000002efcd00000,0x0000002efce00000] [id=17576]
  0x0000015250a61030 GCTaskThread "GC Thread#1" [stack: 0x0000002efe000000,0x0000002efe100000] [id=16732]
  0x0000015250a612f0 GCTaskThread "GC Thread#2" [stack: 0x0000002efe100000,0x0000002efe200000] [id=10228]
  0x0000015250a615b0 GCTaskThread "GC Thread#3" [stack: 0x0000002efe200000,0x0000002efe300000] [id=9664]
  0x0000015250a61870 GCTaskThread "GC Thread#4" [stack: 0x0000002efe300000,0x0000002efe400000] [id=12756]
  0x0000015250a61b30 GCTaskThread "GC Thread#5" [stack: 0x0000002efe400000,0x0000002efe500000] [id=4360]
  0x0000015250c527a0 GCTaskThread "GC Thread#6" [stack: 0x0000002efe500000,0x0000002efe600000] [id=15720]
  0x0000015250c52a60 GCTaskThread "GC Thread#7" [stack: 0x0000002efe600000,0x0000002efe700000] [id=3676]
  0x000001523ecba290 ConcurrentGCThread "G1 Main Marker" [stack: 0x0000002efce00000,0x0000002efcf00000] [id=17140]
  0x000001523ecbabb0 ConcurrentGCThread "G1 Conc#0" [stack: 0x0000002efcf00000,0x0000002efd000000] [id=6876]
  0x0000015250ea4680 ConcurrentGCThread "G1 Conc#1" [stack: 0x0000002efe900000,0x0000002efea00000] [id=11740]
  0x000001523ed1dff0 ConcurrentGCThread "G1 Refine#0" [stack: 0x0000002efd000000,0x0000002efd100000] [id=18048]
  0x000001523ed1e930 ConcurrentGCThread "G1 Service" [stack: 0x0000002efd100000,0x0000002efd200000] [id=6760]

Threads with active compile tasks:

VM state: at safepoint (normal execution)

VM Mutex/Monitor currently owned by a thread:  ([mutex/lock_event])
[0x000001523ea71b90] Threads_lock - owner thread: 0x000001524ba93910
[0x000001523ec70510] Heap_lock - owner thread: 0x00000152506b0410

Heap address: 0x00000000c0000000, size: 1024 MB, Compressed Oops mode: 32-bit

CDS archive(s) not mapped
Compressed class space mapped at: 0x0000000100000000-0x0000000140000000, reserved size: 1073741824
Narrow klass base: 0x0000000000000000, Narrow klass shift: 3, Narrow klass range: 0x140000000

GC Precious Log:
 CPUs: 8 total, 8 available
 Memory: 16051M
 Large Page Support: Disabled
 NUMA Support: Disabled
 Compressed Oops: Enabled (32-bit)
 Heap Region Size: 1M
 Heap Min Capacity: 8M
 Heap Initial Capacity: 252M
 Heap Max Capacity: 1G
 Pre-touch: Disabled
 Parallel Workers: 8
 Concurrent Workers: 2
 Concurrent Refinement Workers: 8
 Periodic GC: Disabled

Heap:
 garbage-first heap   total 102400K, used 30160K [0x00000000c0000000, 0x0000000100000000)
  region size 1024K, 1 young (1024K), 0 survivors (0K)
 Metaspace       used 59762K, committed 60224K, reserved 1114112K
  class space    used 7453K, committed 7680K, reserved 1048576K

Heap Regions: E=young(eden), S=young(survivor), O=old, HS=humongous(starts), HC=humongous(continues), CS=collection set, F=free, OA=open archive, CA=closed archive, TAMS=top-at-mark-start (previous, next)
|   0|0x00000000c0000000, 0x00000000c0100000, 0x00000000c0100000|100%| O|  |TAMS 0x00000000c0100000, 0x00000000c0000000| Untracked 
|   1|0x00000000c0100000, 0x00000000c0200000, 0x00000000c0200000|100%| O|  |TAMS 0x00000000c0200000, 0x00000000c0100000| Untracked 
|   2|0x00000000c0200000, 0x00000000c0300000, 0x00000000c0300000|100%| O|  |TAMS 0x00000000c0300000, 0x00000000c0200000| Untracked 
|   3|0x00000000c0300000, 0x00000000c03ffff8, 0x00000000c0400000| 99%| O|  |TAMS 0x00000000c03ffff8, 0x00000000c0300000| Untracked 
|   4|0x00000000c0400000, 0x00000000c0500000, 0x00000000c0500000|100%| O|  |TAMS 0x00000000c0500000, 0x00000000c0400000| Untracked 
|   5|0x00000000c0500000, 0x00000000c05fffe8, 0x00000000c0600000| 99%| O|  |TAMS 0x00000000c05fffe8, 0x00000000c0500000| Untracked 
|   6|0x00000000c0600000, 0x00000000c06ffff8, 0x00000000c0700000| 99%| O|  |TAMS 0x00000000c06ffff8, 0x00000000c0600000| Untracked 
|   7|0x00000000c0700000, 0x00000000c07ffff8, 0x00000000c0800000| 99%| O|  |TAMS 0x00000000c07ffff8, 0x00000000c0700000| Untracked 
|   8|0x00000000c0800000, 0x00000000c0900000, 0x00000000c0900000|100%| O|  |TAMS 0x00000000c0900000, 0x00000000c0800000| Untracked 
|   9|0x00000000c0900000, 0x00000000c09fffe8, 0x00000000c0a00000| 99%| O|  |TAMS 0x00000000c09fffe8, 0x00000000c0900000| Untracked 
|  10|0x00000000c0a00000, 0x00000000c0afffe0, 0x00000000c0b00000| 99%| O|  |TAMS 0x00000000c0afffe0, 0x00000000c0a00000| Untracked 
|  11|0x00000000c0b00000, 0x00000000c0bfffe8, 0x00000000c0c00000| 99%| O|  |TAMS 0x00000000c0bfffe8, 0x00000000c0b00000| Untracked 
|  12|0x00000000c0c00000, 0x00000000c0cfe810, 0x00000000c0d00000| 99%| O|  |TAMS 0x00000000c0cfe810, 0x00000000c0c00000| Untracked 
|  13|0x00000000c0d00000, 0x00000000c0dfffc8, 0x00000000c0e00000| 99%| O|  |TAMS 0x00000000c0dfffc8, 0x00000000c0d00000| Untracked 
|  14|0x00000000c0e00000, 0x00000000c0efffd8, 0x00000000c0f00000| 99%| O|  |TAMS 0x00000000c0efffd8, 0x00000000c0e00000| Untracked 
|  15|0x00000000c0f00000, 0x00000000c0ffffe0, 0x00000000c1000000| 99%| O|  |TAMS 0x00000000c0ffffe0, 0x00000000c0f00000| Untracked 
|  16|0x00000000c1000000, 0x00000000c10f9cf8, 0x00000000c1100000| 97%| O|  |TAMS 0x00000000c10f9cf8, 0x00000000c1000000| Untracked 
|  17|0x00000000c1100000, 0x00000000c11ffff0, 0x00000000c1200000| 99%| O|  |TAMS 0x00000000c11ffff0, 0x00000000c1100000| Untracked 
|  18|0x00000000c1200000, 0x00000000c12fff60, 0x00000000c1300000| 99%| O|  |TAMS 0x00000000c12fff60, 0x00000000c1200000| Untracked 
|  19|0x00000000c1300000, 0x00000000c13ffff0, 0x00000000c1400000| 99%| O|  |TAMS 0x00000000c13ffff0, 0x00000000c1300000| Untracked 
|  20|0x00000000c1400000, 0x00000000c14fffd0, 0x00000000c1500000| 99%| O|  |TAMS 0x00000000c14fffd0, 0x00000000c1400000| Untracked 
|  21|0x00000000c1500000, 0x00000000c15ff330, 0x00000000c1600000| 99%| O|  |TAMS 0x00000000c15ff330, 0x00000000c1500000| Untracked 
|  22|0x00000000c1600000, 0x00000000c16fff58, 0x00000000c1700000| 99%| O|  |TAMS 0x00000000c16fff58, 0x00000000c1600000| Untracked 
|  23|0x00000000c1700000, 0x00000000c17fffe0, 0x00000000c1800000| 99%| O|  |TAMS 0x00000000c17fffe0, 0x00000000c1700000| Untracked 
|  24|0x00000000c1800000, 0x00000000c18fb488, 0x00000000c1900000| 98%| O|  |TAMS 0x00000000c18fb488, 0x00000000c1800000| Untracked 
|  25|0x00000000c1900000, 0x00000000c19ff5f8, 0x00000000c1a00000| 99%| O|  |TAMS 0x00000000c19ff5f8, 0x00000000c1900000| Untracked 
|  26|0x00000000c1a00000, 0x00000000c1aff728, 0x00000000c1b00000| 99%| O|  |TAMS 0x00000000c1aff728, 0x00000000c1a00000| Untracked 
|  27|0x00000000c1b00000, 0x00000000c1b82c08, 0x00000000c1c00000| 51%| O|  |TAMS 0x00000000c1b00000, 0x00000000c1b00000| Untracked 
|  28|0x00000000c1c00000, 0x00000000c1c00068, 0x00000000c1d00000|  0%| O|  |TAMS 0x00000000c1c00000, 0x00000000c1c00000| Untracked 
|  29|0x00000000c1d00000, 0x00000000c1e00000, 0x00000000c1e00000|100%|HS|  |TAMS 0x00000000c1e00000, 0x00000000c1d00000| Untracked 
|  30|0x00000000c1e00000, 0x00000000c1e00000, 0x00000000c1f00000|  0%| F|  |TAMS 0x00000000c1e00000, 0x00000000c1e00000| Untracked 
|  31|0x00000000c1f00000, 0x00000000c1f00000, 0x00000000c2000000|  0%| F|  |TAMS 0x00000000c1f00000, 0x00000000c1f00000| Untracked 
|  32|0x00000000c2000000, 0x00000000c2100000, 0x00000000c2100000|100%| O|  |TAMS 0x00000000c2100000, 0x00000000c2000000| Untracked 
|  33|0x00000000c2100000, 0x00000000c2100000, 0x00000000c2200000|  0%| F|  |TAMS 0x00000000c2100000, 0x00000000c2100000| Untracked 
|  34|0x00000000c2200000, 0x00000000c2200000, 0x00000000c2300000|  0%| F|  |TAMS 0x00000000c2200000, 0x00000000c2200000| Untracked 
|  35|0x00000000c2300000, 0x00000000c2300000, 0x00000000c2400000|  0%| F|  |TAMS 0x00000000c2300000, 0x00000000c2300000| Untracked 
|  36|0x00000000c2400000, 0x00000000c2400000, 0x00000000c2500000|  0%| F|  |TAMS 0x00000000c2400000, 0x00000000c2400000| Untracked 
|  37|0x00000000c2500000, 0x00000000c2500000, 0x00000000c2600000|  0%| F|  |TAMS 0x00000000c2500000, 0x00000000c2500000| Untracked 
|  38|0x00000000c2600000, 0x00000000c2600000, 0x00000000c2700000|  0%| F|  |TAMS 0x00000000c2600000, 0x00000000c2600000| Untracked 
|  39|0x00000000c2700000, 0x00000000c2700000, 0x00000000c2800000|  0%| F|  |TAMS 0x00000000c2700000, 0x00000000c2700000| Untracked 
|  40|0x00000000c2800000, 0x00000000c2800000, 0x00000000c2900000|  0%| F|  |TAMS 0x00000000c2800000, 0x00000000c2800000| Untracked 
|  41|0x00000000c2900000, 0x00000000c2900000, 0x00000000c2a00000|  0%| F|  |TAMS 0x00000000c2900000, 0x00000000c2900000| Untracked 
|  42|0x00000000c2a00000, 0x00000000c2a00000, 0x00000000c2b00000|  0%| F|  |TAMS 0x00000000c2a00000, 0x00000000c2a00000| Untracked 
|  43|0x00000000c2b00000, 0x00000000c2b00000, 0x00000000c2c00000|  0%| F|  |TAMS 0x00000000c2b00000, 0x00000000c2b00000| Untracked 
|  44|0x00000000c2c00000, 0x00000000c2c00000, 0x00000000c2d00000|  0%| F|  |TAMS 0x00000000c2c00000, 0x00000000c2c00000| Untracked 
|  45|0x00000000c2d00000, 0x00000000c2d00000, 0x00000000c2e00000|  0%| F|  |TAMS 0x00000000c2d00000, 0x00000000c2d00000| Untracked 
|  46|0x00000000c2e00000, 0x00000000c2e00000, 0x00000000c2f00000|  0%| F|  |TAMS 0x00000000c2e00000, 0x00000000c2e00000| Untracked 
|  47|0x00000000c2f00000, 0x00000000c2f00000, 0x00000000c3000000|  0%| F|  |TAMS 0x00000000c2f00000, 0x00000000c2f00000| Untracked 
|  48|0x00000000c3000000, 0x00000000c3000000, 0x00000000c3100000|  0%| F|  |TAMS 0x00000000c3000000, 0x00000000c3000000| Untracked 
|  49|0x00000000c3100000, 0x00000000c3100000, 0x00000000c3200000|  0%| F|  |TAMS 0x00000000c3100000, 0x00000000c3100000| Untracked 
|  50|0x00000000c3200000, 0x00000000c3200000, 0x00000000c3300000|  0%| F|  |TAMS 0x00000000c3200000, 0x00000000c3200000| Untracked 
|  51|0x00000000c3300000, 0x00000000c3300000, 0x00000000c3400000|  0%| F|  |TAMS 0x00000000c3300000, 0x00000000c3300000| Untracked 
|  52|0x00000000c3400000, 0x00000000c3400000, 0x00000000c3500000|  0%| F|  |TAMS 0x00000000c3400000, 0x00000000c3400000| Untracked 
|  53|0x00000000c3500000, 0x00000000c3500000, 0x00000000c3600000|  0%| F|  |TAMS 0x00000000c3500000, 0x00000000c3500000| Untracked 
|  54|0x00000000c3600000, 0x00000000c3600000, 0x00000000c3700000|  0%| F|  |TAMS 0x00000000c3600000, 0x00000000c3600000| Untracked 
|  55|0x00000000c3700000, 0x00000000c3700000, 0x00000000c3800000|  0%| F|  |TAMS 0x00000000c3700000, 0x00000000c3700000| Untracked 
|  56|0x00000000c3800000, 0x00000000c3800000, 0x00000000c3900000|  0%| F|  |TAMS 0x00000000c3800000, 0x00000000c3800000| Untracked 
|  57|0x00000000c3900000, 0x00000000c3900000, 0x00000000c3a00000|  0%| F|  |TAMS 0x00000000c3900000, 0x00000000c3900000| Untracked 
|  58|0x00000000c3a00000, 0x00000000c3a00000, 0x00000000c3b00000|  0%| F|  |TAMS 0x00000000c3a00000, 0x00000000c3a00000| Untracked 
|  59|0x00000000c3b00000, 0x00000000c3b00000, 0x00000000c3c00000|  0%| F|  |TAMS 0x00000000c3b00000, 0x00000000c3b00000| Untracked 
|  60|0x00000000c3c00000, 0x00000000c3c00000, 0x00000000c3d00000|  0%| F|  |TAMS 0x00000000c3c00000, 0x00000000c3c00000| Untracked 
|  61|0x00000000c3d00000, 0x00000000c3d00000, 0x00000000c3e00000|  0%| F|  |TAMS 0x00000000c3d00000, 0x00000000c3d00000| Untracked 
|  62|0x00000000c3e00000, 0x00000000c3e00000, 0x00000000c3f00000|  0%| F|  |TAMS 0x00000000c3e00000, 0x00000000c3e00000| Untracked 
|  63|0x00000000c3f00000, 0x00000000c3f00000, 0x00000000c4000000|  0%| F|  |TAMS 0x00000000c3f00000, 0x00000000c3f00000| Untracked 
|  64|0x00000000c4000000, 0x00000000c4000000, 0x00000000c4100000|  0%| F|  |TAMS 0x00000000c4000000, 0x00000000c4000000| Untracked 
|  65|0x00000000c4100000, 0x00000000c4100000, 0x00000000c4200000|  0%| F|  |TAMS 0x00000000c4100000, 0x00000000c4100000| Untracked 
|  66|0x00000000c4200000, 0x00000000c4200000, 0x00000000c4300000|  0%| F|  |TAMS 0x00000000c4200000, 0x00000000c4200000| Untracked 
|  67|0x00000000c4300000, 0x00000000c4300000, 0x00000000c4400000|  0%| F|  |TAMS 0x00000000c4300000, 0x00000000c4300000| Untracked 
|  68|0x00000000c4400000, 0x00000000c4400000, 0x00000000c4500000|  0%| F|  |TAMS 0x00000000c4400000, 0x00000000c4400000| Untracked 
|  69|0x00000000c4500000, 0x00000000c4500000, 0x00000000c4600000|  0%| F|  |TAMS 0x00000000c4500000, 0x00000000c4500000| Untracked 
|  70|0x00000000c4600000, 0x00000000c4600000, 0x00000000c4700000|  0%| F|  |TAMS 0x00000000c4600000, 0x00000000c4600000| Untracked 
|  71|0x00000000c4700000, 0x00000000c4700000, 0x00000000c4800000|  0%| F|  |TAMS 0x00000000c4700000, 0x00000000c4700000| Untracked 
|  72|0x00000000c4800000, 0x00000000c4800000, 0x00000000c4900000|  0%| F|  |TAMS 0x00000000c4800000, 0x00000000c4800000| Untracked 
|  73|0x00000000c4900000, 0x00000000c4900000, 0x00000000c4a00000|  0%| F|  |TAMS 0x00000000c4900000, 0x00000000c4900000| Untracked 
|  74|0x00000000c4a00000, 0x00000000c4a00000, 0x00000000c4b00000|  0%| F|  |TAMS 0x00000000c4a00000, 0x00000000c4a00000| Untracked 
|  75|0x00000000c4b00000, 0x00000000c4b00000, 0x00000000c4c00000|  0%| F|  |TAMS 0x00000000c4b00000, 0x00000000c4b00000| Untracked 
|  76|0x00000000c4c00000, 0x00000000c4c00000, 0x00000000c4d00000|  0%| F|  |TAMS 0x00000000c4c00000, 0x00000000c4c00000| Untracked 
|  77|0x00000000c4d00000, 0x00000000c4d00000, 0x00000000c4e00000|  0%| F|  |TAMS 0x00000000c4d00000, 0x00000000c4d00000| Untracked 
|  78|0x00000000c4e00000, 0x00000000c4e00000, 0x00000000c4f00000|  0%| F|  |TAMS 0x00000000c4e00000, 0x00000000c4e00000| Untracked 
|  79|0x00000000c4f00000, 0x00000000c4f00000, 0x00000000c5000000|  0%| F|  |TAMS 0x00000000c4f00000, 0x00000000c4f00000| Untracked 
|  80|0x00000000c5000000, 0x00000000c5000000, 0x00000000c5100000|  0%| F|  |TAMS 0x00000000c5000000, 0x00000000c5000000| Untracked 
|  81|0x00000000c5100000, 0x00000000c5100000, 0x00000000c5200000|  0%| F|  |TAMS 0x00000000c5100000, 0x00000000c5100000| Untracked 
|  82|0x00000000c5200000, 0x00000000c5200000, 0x00000000c5300000|  0%| F|  |TAMS 0x00000000c5200000, 0x00000000c5200000| Untracked 
|  83|0x00000000c5300000, 0x00000000c5300000, 0x00000000c5400000|  0%| F|  |TAMS 0x00000000c5300000, 0x00000000c5300000| Untracked 
|  84|0x00000000c5400000, 0x00000000c5400000, 0x00000000c5500000|  0%| F|  |TAMS 0x00000000c5400000, 0x00000000c5400000| Untracked 
|  85|0x00000000c5500000, 0x00000000c5500000, 0x00000000c5600000|  0%| F|  |TAMS 0x00000000c5500000, 0x00000000c5500000| Untracked 
|  86|0x00000000c5600000, 0x00000000c5600000, 0x00000000c5700000|  0%| F|  |TAMS 0x00000000c5600000, 0x00000000c5600000| Untracked 
|  87|0x00000000c5700000, 0x00000000c5700000, 0x00000000c5800000|  0%| F|  |TAMS 0x00000000c5700000, 0x00000000c5700000| Untracked 
|  88|0x00000000c5800000, 0x00000000c5800000, 0x00000000c5900000|  0%| F|  |TAMS 0x00000000c5800000, 0x00000000c5800000| Untracked 
|  89|0x00000000c5900000, 0x00000000c5900000, 0x00000000c5a00000|  0%| F|  |TAMS 0x00000000c5900000, 0x00000000c5900000| Untracked 
|  90|0x00000000c5a00000, 0x00000000c5a00000, 0x00000000c5b00000|  0%| F|  |TAMS 0x00000000c5a00000, 0x00000000c5a00000| Untracked 
|  91|0x00000000c5b00000, 0x00000000c5b00000, 0x00000000c5c00000|  0%| F|  |TAMS 0x00000000c5b00000, 0x00000000c5b00000| Untracked 
|  92|0x00000000c5c00000, 0x00000000c5c00000, 0x00000000c5d00000|  0%| F|  |TAMS 0x00000000c5c00000, 0x00000000c5c00000| Untracked 
|  93|0x00000000c5d00000, 0x00000000c5d00000, 0x00000000c5e00000|  0%| F|  |TAMS 0x00000000c5d00000, 0x00000000c5d00000| Untracked 
|  94|0x00000000c5e00000, 0x00000000c5e00000, 0x00000000c5f00000|  0%| F|  |TAMS 0x00000000c5e00000, 0x00000000c5e00000| Untracked 
|  95|0x00000000c5f00000, 0x00000000c5f00000, 0x00000000c6000000|  0%| F|  |TAMS 0x00000000c5f00000, 0x00000000c5f00000| Untracked 
|  96|0x00000000c6000000, 0x00000000c6000000, 0x00000000c6100000|  0%| F|  |TAMS 0x00000000c6000000, 0x00000000c6000000| Untracked 
|  97|0x00000000c6100000, 0x00000000c6100000, 0x00000000c6200000|  0%| F|  |TAMS 0x00000000c6100000, 0x00000000c6100000| Untracked 
|  98|0x00000000c6200000, 0x00000000c6200000, 0x00000000c6300000|  0%| F|  |TAMS 0x00000000c6200000, 0x00000000c6200000| Untracked 
|  99|0x00000000c6300000, 0x00000000c63058a8, 0x00000000c6400000|  2%| E|  |TAMS 0x00000000c6300000, 0x00000000c6300000| Complete 

Card table byte_map: [0x0000015246ba0000,0x0000015246da0000] _byte_map_base: 0x00000152465a0000

Marking Bits (Prev, Next): (CMBitMap*) 0x000001523ecb19a0, (CMBitMap*) 0x000001523ecb1960
 Prev Bits: [0x0000015247fa0000, 0x0000015248fa0000)
 Next Bits: [0x0000015246fa0000, 0x0000015247fa0000)

Polling page: 0x000001523ed20000

Metaspace:

Usage:
  Non-class:     51.08 MB used.
      Class:      7.28 MB used.
       Both:     58.36 MB used.

Virtual space:
  Non-class space:       64.00 MB reserved,      51.31 MB ( 80%) committed,  1 nodes.
      Class space:        1.00 GB reserved,       7.50 MB ( <1%) committed,  1 nodes.
             Both:        1.06 GB reserved,      58.81 MB (  5%) committed. 

Chunk freelists:
   Non-Class:  11.79 MB
       Class:  8.49 MB
        Both:  20.29 MB

MaxMetaspaceSize: unlimited
CompressedClassSpaceSize: 1.00 GB
Initial GC threshold: 21.00 MB
Current GC threshold: 97.81 MB
CDS: off
MetaspaceReclaimPolicy: balanced
 - commit_granule_bytes: 65536.
 - commit_granule_words: 8192.
 - virtual_space_node_default_size: 8388608.
 - enlarge_chunks_in_place: 1.
 - new_chunks_are_fully_committed: 0.
 - uncommit_free_chunks: 1.
 - use_allocation_guard: 0.
 - handle_deallocations: 1.


Internal statistics:

num_allocs_failed_limit: 8.
num_arena_births: 908.
num_arena_deaths: 382.
num_vsnodes_births: 2.
num_vsnodes_deaths: 0.
num_space_committed: 941.
num_space_uncommitted: 0.
num_chunks_returned_to_freelist: 484.
num_chunks_taken_from_freelist: 2963.
num_chunk_merges: 132.
num_chunk_splits: 1878.
num_chunks_enlarged: 1379.
num_inconsistent_stats: 0.

CodeCache: size=49152Kb used=21152Kb max_used=22428Kb free=27999Kb
 bounds [0x00000152430b0000, 0x00000152446c0000, 0x00000152460b0000]
 total_blobs=11410 nmethods=10734 adapters=601
 compilation: enabled
              stopped_count=0, restarted_count=0
 full_count=0

Compilation events (20 events):
Event: 10188.896 Thread 0x000001524bae9990 10876       1       jdk.internal.jrtfs.JrtFileSystem::newByteChannel (44 bytes)
Event: 10188.897 Thread 0x000001524bae9990 nmethod 10876 0x00000152444ead10 code [0x00000152444eaf00, 0x00000152444eb5a8]
Event: 10188.908 Thread 0x000001524bae9990 10877       1       org.springframework.ide.vscode.boot.java.reconcilers.AnnotationParamReconciler::visitNornalAnnotation (134 bytes)
Event: 10188.909 Thread 0x000001524bae9990 nmethod 10877 0x00000152444ea310 code [0x00000152444ea540, 0x00000152444eaa08]
Event: 10188.909 Thread 0x000001524bae9990 10878       1       org.eclipse.jdt.core.dom.ASTVisitor::visit (2 bytes)
Event: 10188.909 Thread 0x000001524bae9990 nmethod 10878 0x00000152444ea010 code [0x00000152444ea1a0, 0x00000152444ea278]
Event: 10188.909 Thread 0x000001524bae9990 10879       1       org.eclipse.jdt.core.dom.ASTVisitor::visit (2 bytes)
Event: 10188.909 Thread 0x000001524bae9990 nmethod 10879 0x00000152444e9d10 code [0x00000152444e9ea0, 0x00000152444e9f78]
Event: 10189.706 Thread 0x000001524bae9990 10880       1       org.eclipse.jdt.core.dom.NormalAnnotation::accept0 (34 bytes)
Event: 10189.707 Thread 0x000001524bae9990 nmethod 10880 0x00000152444e9690 code [0x00000152444e9880, 0x00000152444e9b28]
Event: 10190.062 Thread 0x000001524bae9990 10881       1       org.eclipse.jdt.internal.compiler.ast.TypeReference::isTypeNameVar (42 bytes)
Event: 10190.062 Thread 0x000001524bae9990 nmethod 10881 0x00000152444e9190 code [0x00000152444e9340, 0x00000152444e9518]
Event: 10190.066 Thread 0x000001524bae9990 10882       1       org.eclipse.jdt.internal.compiler.ast.TypeReference::getTypeName (25 bytes)
Event: 10190.066 Thread 0x000001524bae9990 nmethod 10882 0x00000152444e8d90 code [0x00000152444e8f40, 0x00000152444e90a8]
Event: 10190.153 Thread 0x000001524bae9990 10883       1       org.eclipse.jdt.internal.compiler.flow.ConditionalFlowInfo::initsWhenTrue (5 bytes)
Event: 10190.153 Thread 0x000001524bae9990 nmethod 10883 0x00000152444e8a90 code [0x00000152444e8c20, 0x00000152444e8cf8]
Event: 10313.625 Thread 0x000001524bae9990 10884       1       org.eclipse.jdt.internal.compiler.flow.ConditionalFlowInfo::<init> (30 bytes)
Event: 10313.626 Thread 0x000001524bae9990 nmethod 10884 0x00000152444e8690 code [0x00000152444e8820, 0x00000152444e8998]
Event: 10394.147 Thread 0x000001524bae9990 10885       1       org.eclipse.jdt.internal.compiler.flow.FlowInfo::conditional (17 bytes)
Event: 10394.148 Thread 0x000001524bae9990 nmethod 10885 0x00000152444e8210 code [0x00000152444e83c0, 0x00000152444e85b8]

GC Heap History (20 events):
Event: 12019.055 GC heap before
{Heap before GC invocations=1082 (full 722):
 garbage-first heap   total 102400K, used 30160K [0x00000000c0000000, 0x0000000100000000)
  region size 1024K, 1 young (1024K), 0 survivors (0K)
 Metaspace       used 59762K, committed 60224K, reserved 1114112K
  class space    used 7453K, committed 7680K, reserved 1048576K
}
Event: 12019.084 GC heap after
{Heap after GC invocations=1083 (full 723):
 garbage-first heap   total 102400K, used 30160K [0x00000000c0000000, 0x0000000100000000)
  region size 1024K, 0 young (0K), 0 survivors (0K)
 Metaspace       used 59762K, committed 60224K, reserved 1114112K
  class space    used 7453K, committed 7680K, reserved 1048576K
}
Event: 12029.207 GC heap before
{Heap before GC invocations=1083 (full 723):
 garbage-first heap   total 102400K, used 30160K [0x00000000c0000000, 0x0000000100000000)
  region size 1024K, 1 young (1024K), 0 survivors (0K)
 Metaspace       used 59762K, committed 60224K, reserved 1114112K
  class space    used 7453K, committed 7680K, reserved 1048576K
}
Event: 12029.251 GC heap after
{Heap after GC invocations=1084 (full 724):
 garbage-first heap   total 102400K, used 30160K [0x00000000c0000000, 0x0000000100000000)
  region size 1024K, 0 young (0K), 0 survivors (0K)
 Metaspace       used 59762K, committed 60224K, reserved 1114112K
  class space    used 7453K, committed 7680K, reserved 1048576K
}
Event: 12039.397 GC heap before
{Heap before GC invocations=1084 (full 724):
 garbage-first heap   total 102400K, used 30160K [0x00000000c0000000, 0x0000000100000000)
  region size 1024K, 1 young (1024K), 0 survivors (0K)
 Metaspace       used 59762K, committed 60224K, reserved 1114112K
  class space    used 7453K, committed 7680K, reserved 1048576K
}
Event: 12039.446 GC heap after
{Heap after GC invocations=1085 (full 725):
 garbage-first heap   total 102400K, used 30160K [0x00000000c0000000, 0x0000000100000000)
  region size 1024K, 0 young (0K), 0 survivors (0K)
 Metaspace       used 59762K, committed 60224K, reserved 1114112K
  class space    used 7453K, committed 7680K, reserved 1048576K
}
Event: 12049.568 GC heap before
{Heap before GC invocations=1085 (full 725):
 garbage-first heap   total 102400K, used 30160K [0x00000000c0000000, 0x0000000100000000)
  region size 1024K, 1 young (1024K), 0 survivors (0K)
 Metaspace       used 59762K, committed 60224K, reserved 1114112K
  class space    used 7453K, committed 7680K, reserved 1048576K
}
Event: 12049.603 GC heap after
{Heap after GC invocations=1086 (full 726):
 garbage-first heap   total 102400K, used 30160K [0x00000000c0000000, 0x0000000100000000)
  region size 1024K, 0 young (0K), 0 survivors (0K)
 Metaspace       used 59762K, committed 60224K, reserved 1114112K
  class space    used 7453K, committed 7680K, reserved 1048576K
}
Event: 12059.703 GC heap before
{Heap before GC invocations=1086 (full 726):
 garbage-first heap   total 102400K, used 30160K [0x00000000c0000000, 0x0000000100000000)
  region size 1024K, 1 young (1024K), 0 survivors (0K)
 Metaspace       used 59762K, committed 60224K, reserved 1114112K
  class space    used 7453K, committed 7680K, reserved 1048576K
}
Event: 12059.737 GC heap after
{Heap after GC invocations=1087 (full 727):
 garbage-first heap   total 102400K, used 30160K [0x00000000c0000000, 0x0000000100000000)
  region size 1024K, 0 young (0K), 0 survivors (0K)
 Metaspace       used 59762K, committed 60224K, reserved 1114112K
  class space    used 7453K, committed 7680K, reserved 1048576K
}
Event: 12069.845 GC heap before
{Heap before GC invocations=1087 (full 727):
 garbage-first heap   total 102400K, used 30160K [0x00000000c0000000, 0x0000000100000000)
  region size 1024K, 1 young (1024K), 0 survivors (0K)
 Metaspace       used 59762K, committed 60224K, reserved 1114112K
  class space    used 7453K, committed 7680K, reserved 1048576K
}
Event: 12069.877 GC heap after
{Heap after GC invocations=1088 (full 728):
 garbage-first heap   total 102400K, used 30160K [0x00000000c0000000, 0x0000000100000000)
  region size 1024K, 0 young (0K), 0 survivors (0K)
 Metaspace       used 59762K, committed 60224K, reserved 1114112K
  class space    used 7453K, committed 7680K, reserved 1048576K
}
Event: 12079.997 GC heap before
{Heap before GC invocations=1088 (full 728):
 garbage-first heap   total 102400K, used 30160K [0x00000000c0000000, 0x0000000100000000)
  region size 1024K, 1 young (1024K), 0 survivors (0K)
 Metaspace       used 59762K, committed 60224K, reserved 1114112K
  class space    used 7453K, committed 7680K, reserved 1048576K
}
Event: 12080.031 GC heap after
{Heap after GC invocations=1089 (full 729):
 garbage-first heap   total 102400K, used 30160K [0x00000000c0000000, 0x0000000100000000)
  region size 1024K, 0 young (0K), 0 survivors (0K)
 Metaspace       used 59762K, committed 60224K, reserved 1114112K
  class space    used 7453K, committed 7680K, reserved 1048576K
}
Event: 12090.166 GC heap before
{Heap before GC invocations=1089 (full 729):
 garbage-first heap   total 102400K, used 30160K [0x00000000c0000000, 0x0000000100000000)
  region size 1024K, 1 young (1024K), 0 survivors (0K)
 Metaspace       used 59762K, committed 60224K, reserved 1114112K
  class space    used 7453K, committed 7680K, reserved 1048576K
}
Event: 12090.198 GC heap after
{Heap after GC invocations=1090 (full 730):
 garbage-first heap   total 102400K, used 30160K [0x00000000c0000000, 0x0000000100000000)
  region size 1024K, 0 young (0K), 0 survivors (0K)
 Metaspace       used 59762K, committed 60224K, reserved 1114112K
  class space    used 7453K, committed 7680K, reserved 1048576K
}
Event: 12100.305 GC heap before
{Heap before GC invocations=1090 (full 730):
 garbage-first heap   total 102400K, used 30160K [0x00000000c0000000, 0x0000000100000000)
  region size 1024K, 1 young (1024K), 0 survivors (0K)
 Metaspace       used 59762K, committed 60224K, reserved 1114112K
  class space    used 7453K, committed 7680K, reserved 1048576K
}
Event: 12100.350 GC heap after
{Heap after GC invocations=1091 (full 731):
 garbage-first heap   total 102400K, used 30160K [0x00000000c0000000, 0x0000000100000000)
  region size 1024K, 0 young (0K), 0 survivors (0K)
 Metaspace       used 59762K, committed 60224K, reserved 1114112K
  class space    used 7453K, committed 7680K, reserved 1048576K
}
Event: 12110.469 GC heap before
{Heap before GC invocations=1091 (full 731):
 garbage-first heap   total 102400K, used 30160K [0x00000000c0000000, 0x0000000100000000)
  region size 1024K, 1 young (1024K), 0 survivors (0K)
 Metaspace       used 59762K, committed 60224K, reserved 1114112K
  class space    used 7453K, committed 7680K, reserved 1048576K
}
Event: 12110.507 GC heap after
{Heap after GC invocations=1092 (full 732):
 garbage-first heap   total 102400K, used 30160K [0x00000000c0000000, 0x0000000100000000)
  region size 1024K, 0 young (0K), 0 survivors (0K)
 Metaspace       used 59762K, committed 60224K, reserved 1114112K
  class space    used 7453K, committed 7680K, reserved 1048576K
}

Dll operation events (9 events):
Event: 0.022 Loaded shared library c:\Users\HP\.vscode\extensions\redhat.java-1.23.0-win32-x64\jre\17.0.8.1-win32-x86_64\bin\java.dll
Event: 0.602 Loaded shared library C:\Users\HP\.vscode\extensions\redhat.java-1.23.0-win32-x64\jre\17.0.8.1-win32-x86_64\bin\net.dll
Event: 0.604 Loaded shared library C:\Users\HP\.vscode\extensions\redhat.java-1.23.0-win32-x64\jre\17.0.8.1-win32-x86_64\bin\nio.dll
Event: 0.625 Loaded shared library C:\Users\HP\.vscode\extensions\redhat.java-1.23.0-win32-x64\jre\17.0.8.1-win32-x86_64\bin\zip.dll
Event: 1.215 Loaded shared library C:\Users\HP\.vscode\extensions\redhat.java-1.23.0-win32-x64\jre\17.0.8.1-win32-x86_64\bin\jimage.dll
Event: 5.580 Loaded shared library c:\Users\HP\.vscode\extensions\redhat.java-1.23.0-win32-x64\jre\17.0.8.1-win32-x86_64\bin\verify.dll
Event: 6.276 Loaded shared library C:\Users\HP\.vscode\extensions\redhat.java-1.23.0-win32-x64\jre\17.0.8.1-win32-x86_64\bin\management.dll
Event: 6.280 Loaded shared library C:\Users\HP\.vscode\extensions\redhat.java-1.23.0-win32-x64\jre\17.0.8.1-win32-x86_64\bin\management_ext.dll
Event: 7.323 Loaded shared library C:\Users\HP\.vscode\extensions\redhat.java-1.23.0-win32-x64\jre\17.0.8.1-win32-x86_64\bin\sunmscapi.dll

Deoptimization events (20 events):
Event: 3886.166 Thread 0x00000152518a96a0 DEOPT PACKING pc=0x000001524421a7bb sp=0x0000002e803fe750
Event: 3886.166 Thread 0x00000152518a96a0 DEOPT UNPACKING pc=0x000001524310ace3 sp=0x0000002e803fdc28 mode 3
Event: 3992.522 Thread 0x0000015251071100 DEOPT PACKING pc=0x000001524443819d sp=0x0000002eff3fc340
Event: 3992.522 Thread 0x0000015251071100 DEOPT UNPACKING pc=0x000001524310ace3 sp=0x0000002eff3fb870 mode 3
Event: 4004.407 Thread 0x0000015251071100 DEOPT PACKING pc=0x0000015244421daf sp=0x0000002eff3fe330
Event: 4004.407 Thread 0x0000015251071100 DEOPT UNPACKING pc=0x000001524310ace3 sp=0x0000002eff3fd860 mode 3
Event: 4007.809 Thread 0x00000152518ab500 DEOPT PACKING pc=0x000001524440b50f sp=0x0000002e809fd380
Event: 4007.809 Thread 0x00000152518ab500 DEOPT UNPACKING pc=0x000001524310ace3 sp=0x0000002e809fc888 mode 3
Event: 4941.319 Thread 0x00000152518a8c80 DEOPT PACKING pc=0x0000015243caf319 sp=0x0000002e800fdf60
Event: 4941.319 Thread 0x00000152518a8c80 DEOPT UNPACKING pc=0x000001524310ace3 sp=0x0000002e800fd4f0 mode 3
Event: 4941.321 Thread 0x00000152518a8c80 DEOPT PACKING pc=0x0000015243e149ec sp=0x0000002e800fd990
Event: 4941.321 Thread 0x00000152518a8c80 DEOPT UNPACKING pc=0x000001524310ace3 sp=0x0000002e800fcf10 mode 0
Event: 5869.391 Thread 0x00000152518a59e0 DEOPT PACKING pc=0x00000152432749fd sp=0x0000002effbfd400
Event: 5869.391 Thread 0x00000152518a59e0 DEOPT UNPACKING pc=0x000001524310ace3 sp=0x0000002effbfc968 mode 3
Event: 6744.103 Thread 0x00000152518a54d0 DEOPT PACKING pc=0x0000015244430c2b sp=0x0000002e802fdb80
Event: 6744.103 Thread 0x00000152518a54d0 DEOPT UNPACKING pc=0x000001524310ace3 sp=0x0000002e802fd080 mode 3
Event: 6779.915 Thread 0x00000152518a54d0 DEOPT PACKING pc=0x000001524386f051 sp=0x0000002e802fe520
Event: 6779.915 Thread 0x00000152518a54d0 DEOPT UNPACKING pc=0x000001524310ace3 sp=0x0000002e802fda08 mode 3
Event: 6966.367 Thread 0x00000152518a54d0 DEOPT PACKING pc=0x000001524428de94 sp=0x0000002e802fdd60
Event: 6966.367 Thread 0x00000152518a54d0 DEOPT UNPACKING pc=0x000001524310ace3 sp=0x0000002e802fd298 mode 0

Classes unloaded (20 events):
Event: 5977.687 Thread 0x000001524ba93910 Unloading class 0x0000000100755400 'java/lang/invoke/LambdaForm$MH+0x0000000100755400'
Event: 5977.687 Thread 0x000001524ba93910 Unloading class 0x0000000100755800 'java/lang/invoke/LambdaForm$MH+0x0000000100755800'
Event: 5977.687 Thread 0x000001524ba93910 Unloading class 0x0000000100743000 'java/lang/invoke/LambdaForm$MH+0x0000000100743000'
Event: 7092.499 Thread 0x000001524ba93910 Unloading class 0x0000000100784400 'jdk/internal/reflect/GeneratedConstructorAccessor80'
Event: 7092.499 Thread 0x000001524ba93910 Unloading class 0x0000000100784000 'jdk/internal/reflect/GeneratedMethodAccessor34'
Event: 7092.499 Thread 0x000001524ba93910 Unloading class 0x0000000100755800 'jdk/internal/reflect/GeneratedMethodAccessor33'
Event: 7092.499 Thread 0x000001524ba93910 Unloading class 0x0000000100755400 'jdk/internal/reflect/GeneratedConstructorAccessor79'
Event: 7092.499 Thread 0x000001524ba93910 Unloading class 0x0000000100749800 'jdk/internal/reflect/GeneratedMethodAccessor32'
Event: 7092.499 Thread 0x000001524ba93910 Unloading class 0x0000000100748c00 'jdk/internal/reflect/GeneratedConstructorAccessor78'
Event: 7092.499 Thread 0x000001524ba93910 Unloading class 0x0000000100741000 'jdk/internal/reflect/GeneratedMethodAccessor31'
Event: 7092.499 Thread 0x000001524ba93910 Unloading class 0x0000000100742c00 'jdk/internal/reflect/GeneratedMethodAccessor30'
Event: 7092.499 Thread 0x000001524ba93910 Unloading class 0x0000000100756c00 'jdk/internal/reflect/GeneratedMethodAccessor29'
Event: 7092.499 Thread 0x000001524ba93910 Unloading class 0x0000000100758400 'jdk/internal/reflect/GeneratedConstructorAccessor77'
Event: 7092.499 Thread 0x000001524ba93910 Unloading class 0x0000000100759000 'jdk/internal/reflect/GeneratedConstructorAccessor76'
Event: 8056.888 Thread 0x000001524ba93910 Unloading class 0x0000000100755400 'jdk/internal/reflect/GeneratedConstructorAccessor82'
Event: 8056.888 Thread 0x000001524ba93910 Unloading class 0x0000000100755800 'jdk/internal/reflect/GeneratedConstructorAccessor81'
Event: 8430.617 Thread 0x000001524ba93910 Unloading class 0x0000000100748c00 'java/lang/invoke/LambdaForm$MH+0x0000000100748c00'
Event: 8430.617 Thread 0x000001524ba93910 Unloading class 0x0000000100749800 'java/lang/invoke/LambdaForm$MH+0x0000000100749800'
Event: 8430.617 Thread 0x000001524ba93910 Unloading class 0x0000000100755800 'java/lang/invoke/LambdaForm$MH+0x0000000100755800'
Event: 8430.617 Thread 0x000001524ba93910 Unloading class 0x0000000100755400 'java/lang/invoke/LambdaForm$MH+0x0000000100755400'

Classes redefined (0 events):
No events

Internal exceptions (20 events):
Event: 5869.369 Thread 0x00000152518a59e0 Exception <a 'sun/nio/fs/WindowsException'{0x00000000c613cc90}> (0x00000000c613cc90) 
thrown [s\src\hotspot\share\prims\jni.cpp, line 516]
Event: 5869.369 Thread 0x00000152518a59e0 Exception <a 'sun/nio/fs/WindowsException'{0x00000000c613dc78}> (0x00000000c613dc78) 
thrown [s\src\hotspot\share\prims\jni.cpp, line 516]
Event: 5869.369 Thread 0x00000152518a59e0 Exception <a 'sun/nio/fs/WindowsException'{0x00000000c613e0f8}> (0x00000000c613e0f8) 
thrown [s\src\hotspot\share\prims\jni.cpp, line 516]
Event: 5869.369 Thread 0x00000152518a59e0 Exception <a 'sun/nio/fs/WindowsException'{0x00000000c613eea8}> (0x00000000c613eea8) 
thrown [s\src\hotspot\share\prims\jni.cpp, line 516]
Event: 5869.369 Thread 0x00000152518a59e0 Exception <a 'sun/nio/fs/WindowsException'{0x00000000c613f720}> (0x00000000c613f720) 
thrown [s\src\hotspot\share\prims\jni.cpp, line 516]
Event: 5869.369 Thread 0x00000152518a59e0 Exception <a 'sun/nio/fs/WindowsException'{0x00000000c613fb60}> (0x00000000c613fb60) 
thrown [s\src\hotspot\share\prims\jni.cpp, line 516]
Event: 5869.369 Thread 0x00000152518a59e0 Exception <a 'sun/nio/fs/WindowsException'{0x00000000c6140b48}> (0x00000000c6140b48) 
thrown [s\src\hotspot\share\prims\jni.cpp, line 516]
Event: 5869.369 Thread 0x00000152518a59e0 Exception <a 'sun/nio/fs/WindowsException'{0x00000000c6140fc8}> (0x00000000c6140fc8) 
thrown [s\src\hotspot\share\prims\jni.cpp, line 516]
Event: 5869.459 Thread 0x00000152518a59e0 Exception <a 'sun/nio/fs/WindowsException'{0x00000000c5557458}> (0x00000000c5557458) 
thrown [s\src\hotspot\share\prims\jni.cpp, line 516]
Event: 5869.459 Thread 0x00000152518a59e0 Exception <a 'sun/nio/fs/WindowsException'{0x00000000c5557c78}> (0x00000000c5557c78) 
thrown [s\src\hotspot\share\prims\jni.cpp, line 516]
Event: 5869.459 Thread 0x00000152518a59e0 Exception <a 'sun/nio/fs/WindowsException'{0x00000000c5558098}> (0x00000000c5558098) 
thrown [s\src\hotspot\share\prims\jni.cpp, line 516]
Event: 5869.459 Thread 0x00000152518a59e0 Exception <a 'sun/nio/fs/WindowsException'{0x00000000c5559088}> (0x00000000c5559088) 
thrown [s\src\hotspot\share\prims\jni.cpp, line 516]
Event: 5869.459 Thread 0x00000152518a59e0 Exception <a 'sun/nio/fs/WindowsException'{0x00000000c55594e8}> (0x00000000c55594e8) 
thrown [s\src\hotspot\share\prims\jni.cpp, line 516]
Event: 5869.459 Thread 0x00000152518a59e0 Exception <a 'sun/nio/fs/WindowsException'{0x00000000c555a298}> (0x00000000c555a298) 
thrown [s\src\hotspot\share\prims\jni.cpp, line 516]
Event: 5869.459 Thread 0x00000152518a59e0 Exception <a 'sun/nio/fs/WindowsException'{0x00000000c555aaf8}> (0x00000000c555aaf8) 
thrown [s\src\hotspot\share\prims\jni.cpp, line 516]
Event: 5869.459 Thread 0x00000152518a59e0 Exception <a 'sun/nio/fs/WindowsException'{0x00000000c555af38}> (0x00000000c555af38) 
thrown [s\src\hotspot\share\prims\jni.cpp, line 516]
Event: 5869.459 Thread 0x00000152518a59e0 Exception <a 'sun/nio/fs/WindowsException'{0x00000000c555bf20}> (0x00000000c555bf20) 
thrown [s\src\hotspot\share\prims\jni.cpp, line 516]
Event: 5869.459 Thread 0x00000152518a59e0 Exception <a 'sun/nio/fs/WindowsException'{0x00000000c555c3a0}> (0x00000000c555c3a0) 
thrown [s\src\hotspot\share\prims\jni.cpp, line 516]
Event: 6744.103 Thread 0x00000152518a54d0 Implicit null exception at 0x0000015244430355 to 0x0000015244430c26
Event: 6779.915 Thread 0x00000152518a54d0 Implicit null exception at 0x000001524386ee5a to 0x000001524386f04c

VM Operations (20 events):
Event: 12019.084 Executing VM operation: G1CollectFull done
Event: 12029.207 Executing VM operation: G1CollectFull
Event: 12029.252 Executing VM operation: G1CollectFull done
Event: 12039.397 Executing VM operation: G1CollectFull
Event: 12039.447 Executing VM operation: G1CollectFull done
Event: 12049.567 Executing VM operation: G1CollectFull
Event: 12049.603 Executing VM operation: G1CollectFull done
Event: 12059.703 Executing VM operation: G1CollectFull
Event: 12059.737 Executing VM operation: G1CollectFull done
Event: 12069.845 Executing VM operation: G1CollectFull
Event: 12069.877 Executing VM operation: G1CollectFull done
Event: 12079.997 Executing VM operation: G1CollectFull
Event: 12080.031 Executing VM operation: G1CollectFull done
Event: 12090.166 Executing VM operation: G1CollectFull
Event: 12090.198 Executing VM operation: G1CollectFull done
Event: 12100.305 Executing VM operation: G1CollectFull
Event: 12100.350 Executing VM operation: G1CollectFull done
Event: 12110.469 Executing VM operation: G1CollectFull
Event: 12110.507 Executing VM operation: G1CollectFull done
Event: 12120.535 Executing VM operation: G1CollectFull

Events (20 events):
Event: 9365.952 Thread 0x00000152518a6400 Thread added: 0x00000152518a6400
Event: 9365.953 Thread 0x00000152518aaae0 Thread added: 0x00000152518aaae0
Event: 9425.980 Thread 0x00000152518aaae0 Thread exited: 0x00000152518aaae0
Event: 9425.980 Thread 0x00000152518a6400 Thread exited: 0x00000152518a6400
Event: 9947.992 Thread 0x00000152518a6400 Thread added: 0x00000152518a6400
Event: 10012.700 Thread 0x00000152518a6400 Thread exited: 0x00000152518a6400
Event: 10136.312 Thread 0x00000152518a7d50 Thread added: 0x00000152518a7d50
Event: 10136.312 Thread 0x00000152518a54d0 Thread added: 0x00000152518a54d0
Event: 10136.319 Thread 0x00000152518a6400 Thread added: 0x00000152518a6400
Event: 10250.080 Thread 0x00000152518a6400 Thread exited: 0x00000152518a6400
Event: 10252.884 Thread 0x00000152518a7d50 Thread exited: 0x00000152518a7d50
Event: 10253.115 Thread 0x00000152518a54d0 Thread exited: 0x00000152518a54d0
Event: 10313.607 Thread 0x00000152518a8c80 Thread added: 0x00000152518a8c80
Event: 10313.609 Thread 0x00000152518a96a0 Thread added: 0x00000152518a96a0
Event: 10373.631 Thread 0x00000152518a96a0 Thread exited: 0x00000152518a96a0
Event: 10373.631 Thread 0x00000152518a8c80 Thread exited: 0x00000152518a8c80
Event: 10394.110 Thread 0x00000152518a7840 Thread added: 0x00000152518a7840
Event: 10394.111 Thread 0x00000152518abf20 Thread added: 0x00000152518abf20
Event: 10454.157 Thread 0x00000152518a7840 Thread exited: 0x00000152518a7840
Event: 10454.174 Thread 0x00000152518abf20 Thread exited: 0x00000152518abf20


Dynamic libraries:
0x00007ff660240000 - 0x00007ff66024e000 	c:\Users\HP\.vscode\extensions\redhat.java-1.23.0-win32-x64\jre\17.0.8.1-win32-x86_64\bin\java.exe
0x00007ff8942d0000 - 0x00007ff8944e4000 	C:\WINDOWS\SYSTEM32\ntdll.dll
0x00007ff892d00000 - 0x00007ff892dc4000 	C:\WINDOWS\System32\KERNEL32.DLL
0x00007ff891930000 - 0x00007ff891cd4000 	C:\WINDOWS\System32\KERNELBASE.dll
0x00007ff891680000 - 0x00007ff891791000 	C:\WINDOWS\System32\ucrtbase.dll
0x00007ff876cb0000 - 0x00007ff876cc7000 	c:\Users\HP\.vscode\extensions\redhat.java-1.23.0-win32-x64\jre\17.0.8.1-win32-x86_64\bin\jli.dll
0x00007ff893790000 - 0x00007ff89393e000 	C:\WINDOWS\System32\USER32.dll
0x00007ff877bd0000 - 0x00007ff877be9000 	c:\Users\HP\.vscode\extensions\redhat.java-1.23.0-win32-x64\jre\17.0.8.1-win32-x86_64\bin\VCRUNTIME140.dll
0x00007ff891900000 - 0x00007ff891926000 	C:\WINDOWS\System32\win32u.dll
0x00007ff8925c0000 - 0x00007ff8925e9000 	C:\WINDOWS\System32\GDI32.dll
0x00007ff874340000 - 0x00007ff8745d3000 	C:\WINDOWS\WinSxS\amd64_microsoft.windows.common-controls_6595b64144ccf1df_6.0.22621.2215_none_270d72677387dfc3\COMCTL32.dll
0x00007ff891ec0000 - 0x00007ff891fd8000 	C:\WINDOWS\System32\gdi32full.dll
0x00007ff891860000 - 0x00007ff8918fa000 	C:\WINDOWS\System32\msvcp_win.dll
0x00007ff8941b0000 - 0x00007ff894257000 	C:\WINDOWS\System32\msvcrt.dll
0x00007ff8928e0000 - 0x00007ff892911000 	C:\WINDOWS\System32\IMM32.DLL
0x00007ff877140000 - 0x00007ff87714c000 	c:\Users\HP\.vscode\extensions\redhat.java-1.23.0-win32-x64\jre\17.0.8.1-win32-x86_64\bin\vcruntime140_1.dll
0x00007ff83eaf0000 - 0x00007ff83eb81000 	c:\Users\HP\.vscode\extensions\redhat.java-1.23.0-win32-x64\jre\17.0.8.1-win32-x86_64\bin\msvcp140.dll
0x00007ff8232b0000 - 0x00007ff823efc000 	c:\Users\HP\.vscode\extensions\redhat.java-1.23.0-win32-x64\jre\17.0.8.1-win32-x86_64\bin\server\jvm.dll
0x00007ff893ad0000 - 0x00007ff893b80000 	C:\WINDOWS\System32\ADVAPI32.dll
0x00007ff892940000 - 0x00007ff8929e6000 	C:\WINDOWS\System32\sechost.dll
0x00007ff893670000 - 0x00007ff893787000 	C:\WINDOWS\System32\RPCRT4.dll
0x00007ff891100000 - 0x00007ff89114d000 	C:\WINDOWS\SYSTEM32\POWRPROF.dll
0x00007ff875120000 - 0x00007ff875129000 	C:\WINDOWS\SYSTEM32\WSOCK32.dll
0x00007ff892540000 - 0x00007ff8925b1000 	C:\WINDOWS\System32\WS2_32.dll
0x00007ff8876c0000 - 0x00007ff8876f4000 	C:\WINDOWS\SYSTEM32\WINMM.dll
0x00007ff884f20000 - 0x00007ff884f2a000 	C:\WINDOWS\SYSTEM32\VERSION.dll
0x00007ff890fc0000 - 0x00007ff890fd3000 	C:\WINDOWS\SYSTEM32\UMPDC.dll
0x00007ff890680000 - 0x00007ff890698000 	C:\WINDOWS\SYSTEM32\kernel.appcore.dll
0x00007ff875110000 - 0x00007ff87511a000 	c:\Users\HP\.vscode\extensions\redhat.java-1.23.0-win32-x64\jre\17.0.8.1-win32-x86_64\bin\jimage.dll
0x00007ff88e700000 - 0x00007ff88e92e000 	C:\WINDOWS\SYSTEM32\DBGHELP.DLL
0x00007ff893be0000 - 0x00007ff893f6a000 	C:\WINDOWS\System32\combase.dll
0x00007ff893940000 - 0x00007ff893a17000 	C:\WINDOWS\System32\OLEAUT32.dll
0x00007ff86bdd0000 - 0x00007ff86be02000 	C:\WINDOWS\SYSTEM32\dbgcore.DLL
0x00007ff891fe0000 - 0x00007ff89205a000 	C:\WINDOWS\System32\bcryptPrimitives.dll
0x00007ff840d10000 - 0x00007ff840d35000 	c:\Users\HP\.vscode\extensions\redhat.java-1.23.0-win32-x64\jre\17.0.8.1-win32-x86_64\bin\java.dll
0x00007ff873a50000 - 0x00007ff873a68000 	c:\Users\HP\.vscode\extensions\redhat.java-1.23.0-win32-x64\jre\17.0.8.1-win32-x86_64\bin\zip.dll
0x00007ff892e40000 - 0x00007ff893663000 	C:\WINDOWS\System32\SHELL32.dll
0x00007ff88f610000 - 0x00007ff88fefa000 	C:\WINDOWS\SYSTEM32\windows.storage.dll
0x00007ff88f4d0000 - 0x00007ff88f60e000 	C:\WINDOWS\SYSTEM32\wintypes.dll
0x00007ff892660000 - 0x00007ff892753000 	C:\WINDOWS\System32\SHCORE.dll
0x00007ff892de0000 - 0x00007ff892e3e000 	C:\WINDOWS\System32\shlwapi.dll
0x00007ff8915b0000 - 0x00007ff8915d6000 	C:\WINDOWS\SYSTEM32\profapi.dll
0x00007ff83ead0000 - 0x00007ff83eae9000 	C:\Users\HP\.vscode\extensions\redhat.java-1.23.0-win32-x64\jre\17.0.8.1-win32-x86_64\bin\net.dll
0x00007ff88a8d0000 - 0x00007ff88aa07000 	C:\WINDOWS\SYSTEM32\WINHTTP.dll
0x00007ff890bc0000 - 0x00007ff890c29000 	C:\WINDOWS\system32\mswsock.dll
0x00007ff83eab0000 - 0x00007ff83eac5000 	C:\Users\HP\.vscode\extensions\redhat.java-1.23.0-win32-x64\jre\17.0.8.1-win32-x86_64\bin\nio.dll
0x00007ff890e10000 - 0x00007ff890e2b000 	C:\WINDOWS\SYSTEM32\CRYPTSP.dll
0x00007ff890640000 - 0x00007ff890675000 	C:\WINDOWS\system32\rsaenh.dll
0x00007ff890cb0000 - 0x00007ff890cdc000 	C:\WINDOWS\SYSTEM32\USERENV.dll
0x00007ff890fe0000 - 0x00007ff891008000 	C:\WINDOWS\SYSTEM32\bcrypt.dll
0x00007ff890e30000 - 0x00007ff890e3c000 	C:\WINDOWS\SYSTEM32\CRYPTBASE.dll
0x00007ff890160000 - 0x00007ff89018d000 	C:\WINDOWS\SYSTEM32\IPHLPAPI.DLL
0x00007ff892dd0000 - 0x00007ff892dd9000 	C:\WINDOWS\System32\NSI.dll
0x00007ff88aa20000 - 0x00007ff88aa39000 	C:\WINDOWS\SYSTEM32\dhcpcsvc6.DLL
0x00007ff88a8b0000 - 0x00007ff88a8cf000 	C:\WINDOWS\SYSTEM32\dhcpcsvc.DLL
0x00007ff8901d0000 - 0x00007ff8902c2000 	C:\WINDOWS\SYSTEM32\DNSAPI.dll
0x00007ff8740b0000 - 0x00007ff8740c0000 	c:\Users\HP\.vscode\extensions\redhat.java-1.23.0-win32-x64\jre\17.0.8.1-win32-x86_64\bin\verify.dll
0x00007ff873200000 - 0x00007ff873209000 	C:\Users\HP\.vscode\extensions\redhat.java-1.23.0-win32-x64\jre\17.0.8.1-win32-x86_64\bin\management.dll
0x00007ff872470000 - 0x00007ff87247b000 	C:\Users\HP\.vscode\extensions\redhat.java-1.23.0-win32-x64\jre\17.0.8.1-win32-x86_64\bin\management_ext.dll
0x00007ff892530000 - 0x00007ff892538000 	C:\WINDOWS\System32\PSAPI.DLL
0x00007ff86b730000 - 0x00007ff86b73e000 	C:\Users\HP\.vscode\extensions\redhat.java-1.23.0-win32-x64\jre\17.0.8.1-win32-x86_64\bin\sunmscapi.dll
0x00007ff891d50000 - 0x00007ff891eb6000 	C:\WINDOWS\System32\CRYPT32.dll
0x00007ff890f80000 - 0x00007ff890fae000 	C:\WINDOWS\SYSTEM32\ncrypt.dll
0x00007ff890f40000 - 0x00007ff890f77000 	C:\WINDOWS\SYSTEM32\NTASN1.dll
0x00007ff87e500000 - 0x00007ff87e50a000 	C:\Windows\System32\rasadhlp.dll
0x00007ff887090000 - 0x00007ff887114000 	C:\WINDOWS\System32\fwpuclnt.dll

dbghelp: loaded successfully - version: 4.0.5 - missing functions: none
symbol engine: initialized successfully - sym options: 0x614 - pdb path: .;c:\Users\HP\.vscode\extensions\redhat.java-1.23.0-win32-x64\jre\17.0.8.1-win32-x86_64\bin;C:\WINDOWS\SYSTEM32;C:\WINDOWS\WinSxS\amd64_microsoft.windows.common-controls_6595b64144ccf1df_6.0.22621.2215_none_270d72677387dfc3;c:\Users\HP\.vscode\extensions\redhat.java-1.23.0-win32-x64\jre\17.0.8.1-win32-x86_64\bin\server

VM Arguments:
jvm_args: -XX:+HeapDumpOnOutOfMemoryError -Xmx1024m -Dsts.lsp.client=vscode -Dsts.log.file=/dev/null -XX:TieredStopAtLevel=1 -Xlog:jni+resolve=off -Dspring.config.location=file:c:\Users\HP\.vscode\extensions\vmware.vscode-spring-boot-1.50.2023101004\language-server\BOOT-INF\classes\application.properties 
java_command: org.springframework.ide.vscode.boot.app.BootLanguageServerBootApp
java_class_path (initial): c:\Users\HP\.vscode\extensions\vmware.vscode-spring-boot-1.50.2023101004\language-server\BOOT-INF\classes;c:\Users\HP\.vscode\extensions\vmware.vscode-spring-boot-1.50.2023101004\language-server\BOOT-INF\lib\annotations-24.0.1.jar;c:\Users\HP\.vscode\extensions\vmware.vscode-spring-boot-1.50.2023101004\language-server\BOOT-INF\lib\antlr-runtime-3.5.3.jar;c:\Users\HP\.vscode\extensions\vmware.vscode-spring-boot-1.50.2023101004\language-server\BOOT-INF\lib\antlr4-4.11.1.jar;c:\Users\HP\.vscode\extensions\vmware.vscode-spring-boot-1.50.2023101004\language-server\BOOT-INF\lib\antlr4-runtime-4.11.1.jar;c:\Users\HP\.vscode\extensions\vmware.vscode-spring-boot-1.50.2023101004\language-server\BOOT-INF\lib\archunit-1.1.0.jar;c:\Users\HP\.vscode\extensions\vmware.vscode-spring-boot-1.50.2023101004\language-server\BOOT-INF\lib\asm-9.5.jar;c:\Users\HP\.vscode\extensions\vmware.vscode-spring-boot-1.50.2023101004\language-server\BOOT-INF\lib\asm-analysis-9.5.jar;c:\Users\HP\.vscode\extensions\vmware.vscode-spring-boot-1.50.2023101004\language-server\BOOT-INF\lib\asm-tree-9.5.jar;c:\Users\HP\.vscode\extensions\vmware.vscode-spring-boot-1.50.2023101004\language-server\BOOT-INF\lib\asm-util-9.5.jar;c:\Users\HP\.vscode\extensions\vmware.vscode-spring-boot-1.50.2023101004\language-server\BOOT-INF\lib\bosh-language-server-1.50.0-SNAPSHOT.jar;c:\Users\HP\.vscode\extensions\vmware.vscode-spring-boot-1.50.2023101004\language-server\BOOT-INF\lib\caffeine-3.1.8.jar;c:\Users\HP\.vscode\extensions\vmware.vscode-spring-boot-1.50.2023101004\language-server\BOOT-INF\lib\checker-qual-3.12.0.jar;c:\Users\HP\.vscode\extensions\vmware.vscode-spring-boot-1.50.2023101004\language-server\BOOT-INF\lib\classgraph-4.8.149.jar;c:\Users\HP\.vscode\extensions\vmware.vscode-spring-boot-1.50.2023101004\language-server\BOOT-INF\lib\commons-codec-1.15.jar;c:\Users\HP\.vscode\extensions\vmware.vscode-spring-boot-1.50.2023101004\language-server\BOOT-INF\lib\commons-compress-1.24.0.jar;
Launcher Type: SUN_STANDARD

[Global flags]
     intx CICompilerCount                          = 4                                         {product} {ergonomic}
     uint ConcGCThreads                            = 2                                         {product} {ergonomic}
     uint G1ConcRefinementThreads                  = 8                                         {product} {ergonomic}
   size_t G1HeapRegionSize                         = 1048576                                   {product} {ergonomic}
    uintx GCDrainStackTargetSize                   = 64                                        {product} {ergonomic}
     bool HeapDumpOnOutOfMemoryError               = true                                   {manageable} {command line}
   size_t InitialHeapSize                          = 264241152                                 {product} {ergonomic}
   size_t MarkStackSize                            = 4194304                                   {product} {ergonomic}
   size_t MaxHeapSize                              = 1073741824                                {product} {command line}
   size_t MaxNewSize                               = 643825664                                 {product} {ergonomic}
   size_t MinHeapDeltaBytes                        = 1048576                                   {product} {ergonomic}
   size_t MinHeapSize                              = 8388608                                   {product} {ergonomic}
    uintx NonProfiledCodeHeapSize                  = 0                                      {pd product} {ergonomic}
     bool ProfileInterpreter                       = false                                  {pd product} {command line}
    uintx ProfiledCodeHeapSize                     = 0                                      {pd product} {ergonomic}
   size_t SoftMaxHeapSize                          = 1073741824                             {manageable} {ergonomic}
     intx TieredStopAtLevel                        = 1                                         {product} {command line}
     bool UseCompressedClassPointers               = true                           {product lp64_product} {ergonomic}
     bool UseCompressedOops                        = true                           {product lp64_product} {ergonomic}
     bool UseG1GC                                  = true                                      {product} {ergonomic}
     bool UseLargePagesIndividualAllocation        = false                                  {pd product} {ergonomic}

Logging:
Log output configuration:
 #0: stdout all=warning,jni+resolve=off uptime,level,tags
 #1: stderr all=off uptime,level,tags

Environment Variables:
JAVA_HOME=C:\Program Files\Java\jdk-17.0.1
PATH=C:\Program Files\Common Files\Oracle\Java\javapath;C:\Program Files (x86)\Common Files\Oracle\Java\javapath;C:\ProgramData\Oracle\Java\javapath;C:\windows\system32;C:\windows;C:\windows\System32\Wbem;C:\windows\System32\WindowsPowerShell\v1.0\;C:\windows\System32\OpenSSH\;C:\Program Files\Microsoft SQL Server\150\Tools\Binn\;C:\Program Files\Microsoft SQL Server\Client SDK\ODBC\170\Tools\Binn\;C:\Program Files (x86)\Microsoft SQL Server\150\Tools\Binn\;C:\Program Files\Microsoft SQL Server\150\DTS\Binn\;C:\Program Files (x86)\Microsoft SQL Server\150\DTS\Binn\;C:\Program Files\dotnet\;C:\Program Files (x86)\dotnet\;C:\WINDOWS\system32;C:\WINDOWS;C:\WINDOWS\System32\Wbem;C:\WINDOWS\System32\WindowsPowerShell\v1.0\;C:\WINDOWS\System32\OpenSSH\;C:\ProgramData\chocolatey\bin;C:\Program Files\nodejs\;C:\Program Files\Git\cmd;C:\Program Files\MySQL\MySQL Shell 8.0\bin\;C:\Users\HP\AppData\Local\Microsoft\WindowsApps;C:\Program Files\Java\jdk-17.0.1\bin;C:\Program Files\Azure Data Studio\bin;C:\Users\HP\.dotnet\tools;C:\Users\HP\AppData\Local\Microsoft\WindowsApps;C:\Users\HP\AppData\Local\Programs\Microsoft VS Code\bin;C:\Users\HP\.dotnet\tools;C:\Users\HP\AppData\Roaming\npm
USERNAME=HP
OS=Windows_NT
PROCESSOR_IDENTIFIER=Intel64 Family 6 Model 140 Stepping 1, GenuineIntel
TMP=C:\Users\HP\AppData\Local\Temp
TEMP=C:\Users\HP\AppData\Local\Temp



---------------  S Y S T E M  ---------------

OS:
 Windows 11 , 64 bit Build 22621 (10.0.22621.2215)
OS uptime: 0 days 13:22 hours

CPU: total 8 (initial active 8) (4 cores per cpu, 2 threads per core) family 6 model 140 stepping 1 microcode 0xa4, cx8, cmov, fxsr, ht, mmx, 3dnowpref, sse, sse2, sse3, ssse3, sse4.1, sse4.2, popcnt, lzcnt, tsc, tscinvbit, avx, avx2, aes, erms, clmul, bmi1, bmi2, adx, avx512f, avx512dq, avx512cd, avx512bw, avx512vl, sha, fma, vzeroupper, avx512_vpopcntdq, avx512_vpclmulqdq, avx512_vaes, avx512_vnni, clflush, clflushopt, clwb, avx512_vbmi2, avx512_vbmi
Processor Information for all 8 processors :
  Max Mhz: 2419, Current Mhz: 2419, Mhz Limit: 2419

Memory: 4k page, system-wide physical 16051M (4468M free)
TotalPageFile size 16051M (AvailPageFile size 3M)
current process WorkingSet (physical memory assigned to process): 146M, peak: 282M
current process commit charge ("private bytes"): 281M, peak: 362M

vm_info: OpenJDK 64-Bit Server VM (17.0.8.1+1) for windows-amd64 JRE (17.0.8.1+1), built on Aug 23 2023 15:29:17 by "admin" with MS VC++ 16.7 (VS2019)

END.
