#
# There is insufficient memory for the Java Runtime Environment to continue.
# Native memory allocation (malloc) failed to allocate 2097152 bytes for AllocateHeap
# Possible reasons:
#   The system is out of physical RAM or swap space
#   The process is running with CompressedOops enabled, and the Java Heap may be blocking the growth of the native heap
# Possible solutions:
#   Reduce memory load on the system
#   Increase physical memory or swap space
#   Check if swap backing store is full
#   Decrease Java heap size (-Xmx/-Xms)
#   Decrease number of Java threads
#   Decrease Java thread stack sizes (-Xss)
#   Set larger code cache with -XX:ReservedCodeCacheSize=
#   JVM is running with Unscaled Compressed Oops mode in which the Java heap is
#     placed in the first 4GB address space. The Java Heap base address is the
#     maximum limit for the native heap growth. Please use -XX:HeapBaseMinAddress
#     to set the Java Heap base and to place the Java Heap above 4GB virtual address.
# This output file may be truncated or incomplete.
#
#  Out of Memory Error (allocation.cpp:44), pid=14468, tid=15352
#
# JRE version: OpenJDK Runtime Environment Temurin-17.0.8.1+1 (17.0.8.1+1) (build 17.0.8.1+1)
# Java VM: OpenJDK 64-Bit Server VM Temurin-17.0.8.1+1 (17.0.8.1+1, mixed mode, emulated-client, tiered, compressed oops, compressed class ptrs, g1 gc, windows-amd64)
# No core dump will be written. Minidumps are not enabled by default on client versions of Windows
#

---------------  S U M M A R Y ------------

Command Line: -XX:+HeapDumpOnOutOfMemoryError -Xmx1024m -Dsts.lsp.client=vscode -Dsts.log.file=/dev/null -XX:TieredStopAtLevel=1 -Xlog:jni+resolve=off -Dspring.config.location=file:c:\Users\HP\.vscode\extensions\vmware.vscode-spring-boot-1.50.2023101004\language-server\BOOT-INF\classes\application.properties org.springframework.ide.vscode.boot.app.BootLanguageServerBootApp

Host: 11th Gen Intel(R) Core(TM) i5-1135G7 @ 2.40GHz, 8 cores, 15G,  Windows 11 , 64 bit Build 22621 (10.0.22621.2215)
Time: Tue Oct 10 16:39:19 2023 SE Asia Standard Time elapsed time: 17839.638661 seconds (0d 4h 57m 19s)

---------------  T H R E A D  ---------------

Current thread (0x000001947ff48b10):  VMThread "VM Thread" [stack: 0x00000071c6100000,0x00000071c6200000] [id=15352]

Stack: [0x00000071c6100000,0x00000071c6200000]
Native frames: (J=compiled Java code, j=interpreted, Vv=VM code, C=native code)
V  [jvm.dll+0x678b0a]
V  [jvm.dll+0x835e84]
V  [jvm.dll+0x83762e]
V  [jvm.dll+0x837c93]
V  [jvm.dll+0x24746f]
V  [jvm.dll+0xa697b]
V  [jvm.dll+0x2f7f41]
V  [jvm.dll+0x2f3b80]
V  [jvm.dll+0x2dc1c7]
V  [jvm.dll+0x31f227]
V  [jvm.dll+0x83c15b]
V  [jvm.dll+0x83ce94]
V  [jvm.dll+0x83d3ac]
V  [jvm.dll+0x83d784]
V  [jvm.dll+0x83d850]
V  [jvm.dll+0x7e64ca]
V  [jvm.dll+0x677955]
C  [ucrtbase.dll+0x29363]
C  [KERNEL32.DLL+0x1257d]
C  [ntdll.dll+0x5aa68]

VM_Operation (0x00000071c79fee00): G1CollectFull, mode: safepoint, requested by thread 0x000001940e59fc20


---------------  P R O C E S S  ---------------

Threads class SMR info:
_java_thread_list=0x000001940e996d60, length=27, elements={
0x000001947ff48ee0, 0x000001947ff499b0, 0x0000019408c10910, 0x0000019408c132f0,
0x0000019408c13bc0, 0x0000019408c168a0, 0x0000019408c17170, 0x0000019408c19a90,
0x0000019408e30190, 0x0000019408e30ab0, 0x000001940e4f6840, 0x000001940e59fc20,
0x000001940da77850, 0x000001947bc9e450, 0x000001940dad7880, 0x000001940d7c7330,
0x000001940d860b00, 0x000001940d85fbd0, 0x000001940d8605f0, 0x000001940f151900,
0x000001940f150ee0, 0x000001940f14f080, 0x000001940f151e10, 0x000001940f14faa0,
0x000001940f1509d0, 0x000001940d861010, 0x000001940d862e70
}

Java Threads: ( => current thread )
  0x000001947ff48ee0 JavaThread "Reference Handler" daemon [_thread_blocked, id=15348, stack(0x00000071c6200000,0x00000071c6300000)]
  0x000001947ff499b0 JavaThread "Finalizer" daemon [_thread_blocked, id=7940, stack(0x00000071c6300000,0x00000071c6400000)]
  0x0000019408c10910 JavaThread "Signal Dispatcher" daemon [_thread_blocked, id=6788, stack(0x00000071c6400000,0x00000071c6500000)]
  0x0000019408c132f0 JavaThread "Attach Listener" daemon [_thread_blocked, id=7340, stack(0x00000071c6500000,0x00000071c6600000)]
  0x0000019408c13bc0 JavaThread "Service Thread" daemon [_thread_blocked, id=10776, stack(0x00000071c6600000,0x00000071c6700000)]
  0x0000019408c168a0 JavaThread "Monitor Deflation Thread" daemon [_thread_blocked, id=16620, stack(0x00000071c6700000,0x00000071c6800000)]
  0x0000019408c17170 JavaThread "C1 CompilerThread0" daemon [_thread_blocked, id=8672, stack(0x00000071c6800000,0x00000071c6900000)]
  0x0000019408c19a90 JavaThread "Sweeper thread" daemon [_thread_blocked, id=9532, stack(0x00000071c6900000,0x00000071c6a00000)]
  0x0000019408e30190 JavaThread "Notification Thread" daemon [_thread_blocked, id=18080, stack(0x00000071c6d00000,0x00000071c6e00000)]
  0x0000019408e30ab0 JavaThread "Common-Cleaner" daemon [_thread_blocked, id=11992, stack(0x00000071c6f00000,0x00000071c7000000)]
  0x000001940e4f6840 JavaThread "boundedElastic-evictor-1" daemon [_thread_blocked, id=16600, stack(0x00000071c7600000,0x00000071c7700000)]
  0x000001940e59fc20 JavaThread "pool-11-thread-1" [_thread_blocked, id=14952, stack(0x00000071c7900000,0x00000071c7a00000)]
  0x000001940da77850 JavaThread "LanguageServerApp-lifecycle" [_thread_blocked, id=10632, stack(0x00000071c7a00000,0x00000071c7b00000)]
  0x000001947bc9e450 JavaThread "DestroyJavaVM" [_thread_blocked, id=7176, stack(0x00000071c5a00000,0x00000071c5b00000)]
  0x000001940dad7880 JavaThread "pool-12-thread-1" [_thread_in_native, id=13604, stack(0x00000071c7b00000,0x00000071c7c00000)]
  0x000001940d7c7330 JavaThread "Simple-Language-Server main thread" daemon [_thread_blocked, id=13588, stack(0x00000071c7c00000,0x00000071c7d00000)]
  0x000001940d860b00 JavaThread "parallel-1" daemon [_thread_blocked, id=16888, stack(0x00000071c8000000,0x00000071c8100000)]
  0x000001940d85fbd0 JavaThread "pool-5-thread-1" [_thread_blocked, id=17964, stack(0x00000071c8100000,0x00000071c8200000)]
  0x000001940d8605f0 JavaThread "parallel-2" daemon [_thread_blocked, id=4336, stack(0x00000071c8200000,0x00000071c8300000)]
  0x000001940f151900 JavaThread "pool-7-thread-1" [_thread_blocked, id=3108, stack(0x00000071c5b00000,0x00000071c5c00000)]
  0x000001940f150ee0 JavaThread "parallel-3" daemon [_thread_blocked, id=14944, stack(0x00000071c6c00000,0x00000071c6d00000)]
  0x000001940f14f080 JavaThread "Reconciler-1" daemon [_thread_blocked, id=11996, stack(0x00000071c8400000,0x00000071c8500000)]
  0x000001940f151e10 JavaThread "parallel-4" daemon [_thread_blocked, id=13632, stack(0x00000071c5900000,0x00000071c5a00000)]
  0x000001940f14faa0 JavaThread "parallel-5" daemon [_thread_blocked, id=13840, stack(0x00000071c6a00000,0x00000071c6b00000)]
  0x000001940f1509d0 JavaThread "parallel-6" daemon [_thread_blocked, id=8400, stack(0x00000071c7d00000,0x00000071c7e00000)]
  0x000001940d861010 JavaThread "parallel-7" daemon [_thread_blocked, id=18272, stack(0x00000071c8500000,0x00000071c8600000)]
  0x000001940d862e70 JavaThread "parallel-8" daemon [_thread_blocked, id=7848, stack(0x00000071c7e00000,0x00000071c7f00000)]

Other Threads:
=>0x000001947ff48b10 VMThread "VM Thread" [stack: 0x00000071c6100000,0x00000071c6200000] [id=15352]
  0x0000019408e30670 WatcherThread [stack: 0x00000071c6e00000,0x00000071c6f00000] [id=13888]
  0x000001947bd51d30 GCTaskThread "GC Thread#0" [stack: 0x00000071c5c00000,0x00000071c5d00000] [id=3356]
  0x000001940dbbaae0 GCTaskThread "GC Thread#1" [stack: 0x00000071c7000000,0x00000071c7100000] [id=14472]
  0x000001940dbbada0 GCTaskThread "GC Thread#2" [stack: 0x00000071c7100000,0x00000071c7200000] [id=15516]
  0x000001940dbbb060 GCTaskThread "GC Thread#3" [stack: 0x00000071c7200000,0x00000071c7300000] [id=9316]
  0x000001940dbbb320 GCTaskThread "GC Thread#4" [stack: 0x00000071c7300000,0x00000071c7400000] [id=2796]
  0x000001940dbbb5e0 GCTaskThread "GC Thread#5" [stack: 0x00000071c7400000,0x00000071c7500000] [id=5024]
  0x000001940ddf20a0 GCTaskThread "GC Thread#6" [stack: 0x00000071c7500000,0x00000071c7600000] [id=4760]
  0x000001940dfd3d70 GCTaskThread "GC Thread#7" [stack: 0x00000071c7700000,0x00000071c7800000] [id=4652]
  0x000001947bd5ab90 ConcurrentGCThread "G1 Main Marker" [stack: 0x00000071c5d00000,0x00000071c5e00000] [id=3432]
  0x000001947bd5b4b0 ConcurrentGCThread "G1 Conc#0" [stack: 0x00000071c5e00000,0x00000071c5f00000] [id=17280]
  0x000001940e072e30 ConcurrentGCThread "G1 Conc#1" [stack: 0x00000071c7800000,0x00000071c7900000] [id=15624]
  0x000001947bdbd820 ConcurrentGCThread "G1 Refine#0" [stack: 0x00000071c5f00000,0x00000071c6000000] [id=17344]
  0x000001947bdbe160 ConcurrentGCThread "G1 Service" [stack: 0x00000071c6000000,0x00000071c6100000] [id=5484]

Threads with active compile tasks:

VM state: at safepoint (normal execution)

VM Mutex/Monitor currently owned by a thread:  ([mutex/lock_event])
[0x000001947bbe2c00] Threads_lock - owner thread: 0x000001947ff48b10
[0x000001947bc9c9e0] Heap_lock - owner thread: 0x000001940e59fc20

Heap address: 0x00000000c0000000, size: 1024 MB, Compressed Oops mode: 32-bit

CDS archive(s) not mapped
Compressed class space mapped at: 0x0000000100000000-0x0000000140000000, reserved size: 1073741824
Narrow klass base: 0x0000000000000000, Narrow klass shift: 3, Narrow klass range: 0x140000000

GC Precious Log:
 CPUs: 8 total, 8 available
 Memory: 16051M
 Large Page Support: Disabled
 NUMA Support: Disabled
 Compressed Oops: Enabled (32-bit)
 Heap Region Size: 1M
 Heap Min Capacity: 8M
 Heap Initial Capacity: 252M
 Heap Max Capacity: 1G
 Pre-touch: Disabled
 Parallel Workers: 8
 Concurrent Workers: 2
 Concurrent Refinement Workers: 8
 Periodic GC: Disabled

Heap:
 garbage-first heap   total 81920K, used 29193K [0x00000000c0000000, 0x0000000100000000)
  region size 1024K, 1 young (1024K), 0 survivors (0K)
 Metaspace       used 59094K, committed 59520K, reserved 1114112K
  class space    used 7312K, committed 7552K, reserved 1048576K

Heap Regions: E=young(eden), S=young(survivor), O=old, HS=humongous(starts), HC=humongous(continues), CS=collection set, F=free, OA=open archive, CA=closed archive, TAMS=top-at-mark-start (previous, next)
|   0|0x00000000c0000000, 0x00000000c0100000, 0x00000000c0100000|100%| O|  |TAMS 0x00000000c0100000, 0x00000000c0000000| Untracked 
|   1|0x00000000c0100000, 0x00000000c0200000, 0x00000000c0200000|100%| O|  |TAMS 0x00000000c0200000, 0x00000000c0100000| Untracked 
|   2|0x00000000c0200000, 0x00000000c0300000, 0x00000000c0300000|100%| O|  |TAMS 0x00000000c0300000, 0x00000000c0200000| Untracked 
|   3|0x00000000c0300000, 0x00000000c0400000, 0x00000000c0400000|100%| O|  |TAMS 0x00000000c0400000, 0x00000000c0300000| Untracked 
|   4|0x00000000c0400000, 0x00000000c04ffff8, 0x00000000c0500000| 99%| O|  |TAMS 0x00000000c04ffff8, 0x00000000c0400000| Untracked 
|   5|0x00000000c0500000, 0x00000000c05ffff0, 0x00000000c0600000| 99%| O|  |TAMS 0x00000000c05ffff0, 0x00000000c0500000| Untracked 
|   6|0x00000000c0600000, 0x00000000c0700000, 0x00000000c0700000|100%| O|  |TAMS 0x00000000c0700000, 0x00000000c0600000| Untracked 
|   7|0x00000000c0700000, 0x00000000c07fffe8, 0x00000000c0800000| 99%| O|  |TAMS 0x00000000c07fffe8, 0x00000000c0700000| Untracked 
|   8|0x00000000c0800000, 0x00000000c08ffff0, 0x00000000c0900000| 99%| O|  |TAMS 0x00000000c08ffff0, 0x00000000c0800000| Untracked 
|   9|0x00000000c0900000, 0x00000000c09fffd8, 0x00000000c0a00000| 99%| O|  |TAMS 0x00000000c09fffd8, 0x00000000c0900000| Untracked 
|  10|0x00000000c0a00000, 0x00000000c0affff0, 0x00000000c0b00000| 99%| O|  |TAMS 0x00000000c0affff0, 0x00000000c0a00000| Untracked 
|  11|0x00000000c0b00000, 0x00000000c0bffff0, 0x00000000c0c00000| 99%| O|  |TAMS 0x00000000c0bffff0, 0x00000000c0b00000| Untracked 
|  12|0x00000000c0c00000, 0x00000000c0cffff8, 0x00000000c0d00000| 99%| O|  |TAMS 0x00000000c0cffff8, 0x00000000c0c00000| Untracked 
|  13|0x00000000c0d00000, 0x00000000c0dffff0, 0x00000000c0e00000| 99%| O|  |TAMS 0x00000000c0dffff0, 0x00000000c0d00000| Untracked 
|  14|0x00000000c0e00000, 0x00000000c0effff8, 0x00000000c0f00000| 99%| O|  |TAMS 0x00000000c0effff8, 0x00000000c0e00000| Untracked 
|  15|0x00000000c0f00000, 0x00000000c0ffffe0, 0x00000000c1000000| 99%| O|  |TAMS 0x00000000c0ffffe0, 0x00000000c0f00000| Untracked 
|  16|0x00000000c1000000, 0x00000000c10fffc8, 0x00000000c1100000| 99%| O|  |TAMS 0x00000000c10fffc8, 0x00000000c1000000| Untracked 
|  17|0x00000000c1100000, 0x00000000c11fffd8, 0x00000000c1200000| 99%| O|  |TAMS 0x00000000c11fffd8, 0x00000000c1100000| Untracked 
|  18|0x00000000c1200000, 0x00000000c1300000, 0x00000000c1300000|100%| O|  |TAMS 0x00000000c1300000, 0x00000000c1200000| Untracked 
|  19|0x00000000c1300000, 0x00000000c13ffff0, 0x00000000c1400000| 99%| O|  |TAMS 0x00000000c13ffff0, 0x00000000c1300000| Untracked 
|  20|0x00000000c1400000, 0x00000000c14ffff8, 0x00000000c1500000| 99%| O|  |TAMS 0x00000000c14ffff8, 0x00000000c1400000| Untracked 
|  21|0x00000000c1500000, 0x00000000c15fffe8, 0x00000000c1600000| 99%| O|  |TAMS 0x00000000c15fffe8, 0x00000000c1500000| Untracked 
|  22|0x00000000c1600000, 0x00000000c16fcc58, 0x00000000c1700000| 98%| O|  |TAMS 0x00000000c16fcc58, 0x00000000c1600000| Untracked 
|  23|0x00000000c1700000, 0x00000000c17ffff8, 0x00000000c1800000| 99%| O|  |TAMS 0x00000000c17ffff8, 0x00000000c1700000| Untracked 
|  24|0x00000000c1800000, 0x00000000c18879d0, 0x00000000c1900000| 52%| O|  |TAMS 0x00000000c1800000, 0x00000000c1800000| Untracked 
|  25|0x00000000c1900000, 0x00000000c1a00000, 0x00000000c1a00000|100%|HS|  |TAMS 0x00000000c1a00000, 0x00000000c1900000| Untracked 
|  26|0x00000000c1a00000, 0x00000000c1affc70, 0x00000000c1b00000| 99%| O|  |TAMS 0x00000000c1affc70, 0x00000000c1a00000| Untracked 
|  27|0x00000000c1b00000, 0x00000000c1bfffe8, 0x00000000c1c00000| 99%| O|  |TAMS 0x00000000c1bfffe8, 0x00000000c1b00000| Untracked 
|  28|0x00000000c1c00000, 0x00000000c1cfe278, 0x00000000c1d00000| 99%| O|  |TAMS 0x00000000c1cfe278, 0x00000000c1c00000| Untracked 
|  29|0x00000000c1d00000, 0x00000000c1d00068, 0x00000000c1e00000|  0%| O|  |TAMS 0x00000000c1d00000, 0x00000000c1d00000| Untracked 
|  30|0x00000000c1e00000, 0x00000000c1e00000, 0x00000000c1f00000|  0%| F|  |TAMS 0x00000000c1e00000, 0x00000000c1e00000| Untracked 
|  31|0x00000000c1f00000, 0x00000000c1f00000, 0x00000000c2000000|  0%| F|  |TAMS 0x00000000c1f00000, 0x00000000c1f00000| Untracked 
|  32|0x00000000c2000000, 0x00000000c2000000, 0x00000000c2100000|  0%| F|  |TAMS 0x00000000c2000000, 0x00000000c2000000| Untracked 
|  33|0x00000000c2100000, 0x00000000c2100000, 0x00000000c2200000|  0%| F|  |TAMS 0x00000000c2100000, 0x00000000c2100000| Untracked 
|  34|0x00000000c2200000, 0x00000000c2200000, 0x00000000c2300000|  0%| F|  |TAMS 0x00000000c2200000, 0x00000000c2200000| Untracked 
|  35|0x00000000c2300000, 0x00000000c2300000, 0x00000000c2400000|  0%| F|  |TAMS 0x00000000c2300000, 0x00000000c2300000| Untracked 
|  36|0x00000000c2400000, 0x00000000c2400000, 0x00000000c2500000|  0%| F|  |TAMS 0x00000000c2400000, 0x00000000c2400000| Untracked 
|  37|0x00000000c2500000, 0x00000000c2500000, 0x00000000c2600000|  0%| F|  |TAMS 0x00000000c2500000, 0x00000000c2500000| Untracked 
|  38|0x00000000c2600000, 0x00000000c2600000, 0x00000000c2700000|  0%| F|  |TAMS 0x00000000c2600000, 0x00000000c2600000| Untracked 
|  39|0x00000000c2700000, 0x00000000c2700000, 0x00000000c2800000|  0%| F|  |TAMS 0x00000000c2700000, 0x00000000c2700000| Untracked 
|  40|0x00000000c2800000, 0x00000000c2800000, 0x00000000c2900000|  0%| F|  |TAMS 0x00000000c2800000, 0x00000000c2800000| Untracked 
|  41|0x00000000c2900000, 0x00000000c2900000, 0x00000000c2a00000|  0%| F|  |TAMS 0x00000000c2900000, 0x00000000c2900000| Untracked 
|  42|0x00000000c2a00000, 0x00000000c2a00000, 0x00000000c2b00000|  0%| F|  |TAMS 0x00000000c2a00000, 0x00000000c2a00000| Untracked 
|  43|0x00000000c2b00000, 0x00000000c2b00000, 0x00000000c2c00000|  0%| F|  |TAMS 0x00000000c2b00000, 0x00000000c2b00000| Untracked 
|  44|0x00000000c2c00000, 0x00000000c2c00000, 0x00000000c2d00000|  0%| F|  |TAMS 0x00000000c2c00000, 0x00000000c2c00000| Untracked 
|  45|0x00000000c2d00000, 0x00000000c2d00000, 0x00000000c2e00000|  0%| F|  |TAMS 0x00000000c2d00000, 0x00000000c2d00000| Untracked 
|  46|0x00000000c2e00000, 0x00000000c2e00000, 0x00000000c2f00000|  0%| F|  |TAMS 0x00000000c2e00000, 0x00000000c2e00000| Untracked 
|  47|0x00000000c2f00000, 0x00000000c2f00000, 0x00000000c3000000|  0%| F|  |TAMS 0x00000000c2f00000, 0x00000000c2f00000| Untracked 
|  48|0x00000000c3000000, 0x00000000c3000000, 0x00000000c3100000|  0%| F|  |TAMS 0x00000000c3000000, 0x00000000c3000000| Untracked 
|  49|0x00000000c3100000, 0x00000000c3100000, 0x00000000c3200000|  0%| F|  |TAMS 0x00000000c3100000, 0x00000000c3100000| Untracked 
|  50|0x00000000c3200000, 0x00000000c3200000, 0x00000000c3300000|  0%| F|  |TAMS 0x00000000c3200000, 0x00000000c3200000| Untracked 
|  51|0x00000000c3300000, 0x00000000c3300000, 0x00000000c3400000|  0%| F|  |TAMS 0x00000000c3300000, 0x00000000c3300000| Untracked 
|  52|0x00000000c3400000, 0x00000000c3400000, 0x00000000c3500000|  0%| F|  |TAMS 0x00000000c3400000, 0x00000000c3400000| Untracked 
|  53|0x00000000c3500000, 0x00000000c3500000, 0x00000000c3600000|  0%| F|  |TAMS 0x00000000c3500000, 0x00000000c3500000| Untracked 
|  54|0x00000000c3600000, 0x00000000c3600000, 0x00000000c3700000|  0%| F|  |TAMS 0x00000000c3600000, 0x00000000c3600000| Untracked 
|  55|0x00000000c3700000, 0x00000000c3700000, 0x00000000c3800000|  0%| F|  |TAMS 0x00000000c3700000, 0x00000000c3700000| Untracked 
|  56|0x00000000c3800000, 0x00000000c3800000, 0x00000000c3900000|  0%| F|  |TAMS 0x00000000c3800000, 0x00000000c3800000| Untracked 
|  57|0x00000000c3900000, 0x00000000c3900000, 0x00000000c3a00000|  0%| F|  |TAMS 0x00000000c3900000, 0x00000000c3900000| Untracked 
|  58|0x00000000c3a00000, 0x00000000c3a00000, 0x00000000c3b00000|  0%| F|  |TAMS 0x00000000c3a00000, 0x00000000c3a00000| Untracked 
|  59|0x00000000c3b00000, 0x00000000c3b00000, 0x00000000c3c00000|  0%| F|  |TAMS 0x00000000c3b00000, 0x00000000c3b00000| Untracked 
|  60|0x00000000c3c00000, 0x00000000c3c00000, 0x00000000c3d00000|  0%| F|  |TAMS 0x00000000c3c00000, 0x00000000c3c00000| Untracked 
|  61|0x00000000c3d00000, 0x00000000c3d00000, 0x00000000c3e00000|  0%| F|  |TAMS 0x00000000c3d00000, 0x00000000c3d00000| Untracked 
|  62|0x00000000c3e00000, 0x00000000c3e00000, 0x00000000c3f00000|  0%| F|  |TAMS 0x00000000c3e00000, 0x00000000c3e00000| Untracked 
|  63|0x00000000c3f00000, 0x00000000c3f00000, 0x00000000c4000000|  0%| F|  |TAMS 0x00000000c3f00000, 0x00000000c3f00000| Untracked 
|  64|0x00000000c4000000, 0x00000000c4000000, 0x00000000c4100000|  0%| F|  |TAMS 0x00000000c4000000, 0x00000000c4000000| Untracked 
|  65|0x00000000c4100000, 0x00000000c4100000, 0x00000000c4200000|  0%| F|  |TAMS 0x00000000c4100000, 0x00000000c4100000| Untracked 
|  66|0x00000000c4200000, 0x00000000c4200000, 0x00000000c4300000|  0%| F|  |TAMS 0x00000000c4200000, 0x00000000c4200000| Untracked 
|  67|0x00000000c4300000, 0x00000000c4300000, 0x00000000c4400000|  0%| F|  |TAMS 0x00000000c4300000, 0x00000000c4300000| Untracked 
|  68|0x00000000c4400000, 0x00000000c4400000, 0x00000000c4500000|  0%| F|  |TAMS 0x00000000c4400000, 0x00000000c4400000| Untracked 
|  69|0x00000000c4500000, 0x00000000c4500000, 0x00000000c4600000|  0%| F|  |TAMS 0x00000000c4500000, 0x00000000c4500000| Untracked 
|  70|0x00000000c4600000, 0x00000000c4600000, 0x00000000c4700000|  0%| F|  |TAMS 0x00000000c4600000, 0x00000000c4600000| Untracked 
|  71|0x00000000c4700000, 0x00000000c4700000, 0x00000000c4800000|  0%| F|  |TAMS 0x00000000c4700000, 0x00000000c4700000| Untracked 
|  72|0x00000000c4800000, 0x00000000c4800000, 0x00000000c4900000|  0%| F|  |TAMS 0x00000000c4800000, 0x00000000c4800000| Untracked 
|  73|0x00000000c4900000, 0x00000000c4900000, 0x00000000c4a00000|  0%| F|  |TAMS 0x00000000c4900000, 0x00000000c4900000| Untracked 
|  74|0x00000000c4a00000, 0x00000000c4a00000, 0x00000000c4b00000|  0%| F|  |TAMS 0x00000000c4a00000, 0x00000000c4a00000| Untracked 
| 128|0x00000000c8000000, 0x00000000c8000000, 0x00000000c8100000|  0%| F|  |TAMS 0x00000000c8000000, 0x00000000c8000000| Untracked 
| 129|0x00000000c8100000, 0x00000000c8100000, 0x00000000c8200000|  0%| F|  |TAMS 0x00000000c8100000, 0x00000000c8100000| Untracked 
| 130|0x00000000c8200000, 0x00000000c8200000, 0x00000000c8300000|  0%| F|  |TAMS 0x00000000c8200000, 0x00000000c8200000| Untracked 
| 131|0x00000000c8300000, 0x00000000c8300000, 0x00000000c8400000|  0%| F|  |TAMS 0x00000000c8300000, 0x00000000c8300000| Untracked 
| 251|0x00000000cfb00000, 0x00000000cfb058a8, 0x00000000cfc00000|  2%| E|  |TAMS 0x00000000cfb00000, 0x00000000cfb00000| Complete 

Card table byte_map: [0x000001947e080000,0x000001947e280000] _byte_map_base: 0x000001947da80000

Marking Bits (Prev, Next): (CMBitMap*) 0x000001947bd522a0, (CMBitMap*) 0x000001947bd52260
 Prev Bits: [0x0000019405bc0000, 0x0000019406bc0000)
 Next Bits: [0x000001947e480000, 0x000001947f480000)

Polling page: 0x000001947bdc0000

Metaspace:

Usage:
  Non-class:     50.57 MB used.
      Class:      7.14 MB used.
       Both:     57.71 MB used.

Virtual space:
  Non-class space:       64.00 MB reserved,      50.75 MB ( 79%) committed,  1 nodes.
      Class space:        1.00 GB reserved,       7.38 MB ( <1%) committed,  1 nodes.
             Both:        1.06 GB reserved,      58.12 MB (  5%) committed. 

Chunk freelists:
   Non-Class:  12.76 MB
       Class:  8.63 MB
        Both:  21.38 MB

MaxMetaspaceSize: unlimited
CompressedClassSpaceSize: 1.00 GB
Initial GC threshold: 21.00 MB
Current GC threshold: 96.88 MB
CDS: off
MetaspaceReclaimPolicy: balanced
 - commit_granule_bytes: 65536.
 - commit_granule_words: 8192.
 - virtual_space_node_default_size: 8388608.
 - enlarge_chunks_in_place: 1.
 - new_chunks_are_fully_committed: 0.
 - uncommit_free_chunks: 1.
 - use_allocation_guard: 0.
 - handle_deallocations: 1.


Internal statistics:

num_allocs_failed_limit: 8.
num_arena_births: 718.
num_arena_deaths: 252.
num_vsnodes_births: 2.
num_vsnodes_deaths: 0.
num_space_committed: 930.
num_space_uncommitted: 0.
num_chunks_returned_to_freelist: 307.
num_chunks_taken_from_freelist: 2665.
num_chunk_merges: 94.
num_chunk_splits: 1781.
num_chunks_enlarged: 1344.
num_inconsistent_stats: 0.

CodeCache: size=49152Kb used=15031Kb max_used=15893Kb free=34120Kb
 bounds [0x0000019402bc0000, 0x0000019403b90000, 0x0000019405bc0000]
 total_blobs=8567 nmethods=7892 adapters=601
 compilation: enabled
              stopped_count=0, restarted_count=0
 full_count=0

Compilation events (20 events):
Event: 14221.728 Thread 0x0000019408c17170 7883       1       org.eclipse.jdt.internal.compiler.flow.UnconditionalFlowInfo::copy (307 bytes)
Event: 14221.729 Thread 0x0000019408c17170 nmethod 7883 0x00000194039dbf90 code [0x00000194039dc220, 0x00000194039dd2a8]
Event: 14221.730 Thread 0x0000019408c17170 7884       1       org.eclipse.jdt.internal.compiler.ast.Argument::isArgument (2 bytes)
Event: 14221.730 Thread 0x0000019408c17170 nmethod 7884 0x00000194039dbc90 code [0x00000194039dbe20, 0x00000194039dbef8]
Event: 14221.739 Thread 0x0000019408c17170 7885       1       org.springframework.ide.vscode.boot.java.utils.ASTUtils::getExpressionValueAsArray (77 bytes)
Event: 14221.740 Thread 0x0000019408c17170 nmethod 7885 0x00000194039dad10 code [0x00000194039dafa0, 0x00000194039db8a8]
Event: 14221.742 Thread 0x0000019408c17170 7886       1       org.springframework.ide.vscode.boot.java.utils.ASTUtils::getExpressionValueAsString (127 bytes)
Event: 14221.743 Thread 0x0000019408c17170 nmethod 7886 0x00000194039da010 code [0x00000194039da280, 0x00000194039da928]
Event: 14221.743 Thread 0x0000019408c17170 7887   !   1       org.springframework.ide.vscode.boot.java.utils.ASTUtils::getLiteralValue (19 bytes)
Event: 14221.744 Thread 0x0000019408c17170 nmethod 7887 0x00000194039d9b90 code [0x00000194039d9d20, 0x00000194039d9ec8]
Event: 14221.744 Thread 0x0000019408c17170 7888   !   1       org.eclipse.jdt.core.dom.StringLiteral::getLiteralValue (122 bytes)
Event: 14221.745 Thread 0x0000019408c17170 nmethod 7888 0x00000194039d8b10 code [0x00000194039d8d80, 0x00000194039d95b8]
Event: 14221.745 Thread 0x0000019408c17170 7889       1       org.eclipse.jdt.internal.compiler.parser.Scanner::getCurrentStringLiteral (55 bytes)
Event: 14221.746 Thread 0x0000019408c17170 nmethod 7889 0x00000194039d8490 code [0x00000194039d8660, 0x00000194039d8958]
Event: 14222.444 Thread 0x0000019408c17170 7890       1       org.eclipse.lsp4j.TextDocumentIdentifier::<init> (5 bytes)
Event: 14222.444 Thread 0x0000019408c17170 nmethod 7890 0x00000194039d8190 code [0x00000194039d8320, 0x00000194039d83d8]
Event: 14224.028 Thread 0x0000019408c17170 7891       1       org.springframework.ide.vscode.commons.rewrite.java.FixDescriptor::getLabel (5 bytes)
Event: 14224.028 Thread 0x0000019408c17170 nmethod 7891 0x00000194039d7e90 code [0x00000194039d8020, 0x00000194039d80f8]
Event: 14284.042 Thread 0x0000019408c17170 7892       1       java.util.concurrent.SynchronousQueue::isEmpty (2 bytes)
Event: 14284.042 Thread 0x0000019408c17170 nmethod 7892 0x00000194039d7b90 code [0x00000194039d7d20, 0x00000194039d7df8]

GC Heap History (20 events):
Event: 17738.206 GC heap before
{Heap before GC invocations=1321 (full 1296):
 garbage-first heap   total 81920K, used 29193K [0x00000000c0000000, 0x0000000100000000)
  region size 1024K, 1 young (1024K), 0 survivors (0K)
 Metaspace       used 59094K, committed 59520K, reserved 1114112K
  class space    used 7312K, committed 7552K, reserved 1048576K
}
Event: 17738.237 GC heap after
{Heap after GC invocations=1322 (full 1297):
 garbage-first heap   total 81920K, used 29193K [0x00000000c0000000, 0x0000000100000000)
  region size 1024K, 0 young (0K), 0 survivors (0K)
 Metaspace       used 59094K, committed 59520K, reserved 1114112K
  class space    used 7312K, committed 7552K, reserved 1048576K
}
Event: 17748.342 GC heap before
{Heap before GC invocations=1322 (full 1297):
 garbage-first heap   total 81920K, used 29193K [0x00000000c0000000, 0x0000000100000000)
  region size 1024K, 1 young (1024K), 0 survivors (0K)
 Metaspace       used 59094K, committed 59520K, reserved 1114112K
  class space    used 7312K, committed 7552K, reserved 1048576K
}
Event: 17748.373 GC heap after
{Heap after GC invocations=1323 (full 1298):
 garbage-first heap   total 81920K, used 29193K [0x00000000c0000000, 0x0000000100000000)
  region size 1024K, 0 young (0K), 0 survivors (0K)
 Metaspace       used 59094K, committed 59520K, reserved 1114112K
  class space    used 7312K, committed 7552K, reserved 1048576K
}
Event: 17758.488 GC heap before
{Heap before GC invocations=1323 (full 1298):
 garbage-first heap   total 81920K, used 29193K [0x00000000c0000000, 0x0000000100000000)
  region size 1024K, 1 young (1024K), 0 survivors (0K)
 Metaspace       used 59094K, committed 59520K, reserved 1114112K
  class space    used 7312K, committed 7552K, reserved 1048576K
}
Event: 17758.524 GC heap after
{Heap after GC invocations=1324 (full 1299):
 garbage-first heap   total 81920K, used 29193K [0x00000000c0000000, 0x0000000100000000)
  region size 1024K, 0 young (0K), 0 survivors (0K)
 Metaspace       used 59094K, committed 59520K, reserved 1114112K
  class space    used 7312K, committed 7552K, reserved 1048576K
}
Event: 17768.623 GC heap before
{Heap before GC invocations=1324 (full 1299):
 garbage-first heap   total 81920K, used 29193K [0x00000000c0000000, 0x0000000100000000)
  region size 1024K, 1 young (1024K), 0 survivors (0K)
 Metaspace       used 59094K, committed 59520K, reserved 1114112K
  class space    used 7312K, committed 7552K, reserved 1048576K
}
Event: 17768.655 GC heap after
{Heap after GC invocations=1325 (full 1300):
 garbage-first heap   total 81920K, used 29193K [0x00000000c0000000, 0x0000000100000000)
  region size 1024K, 0 young (0K), 0 survivors (0K)
 Metaspace       used 59094K, committed 59520K, reserved 1114112K
  class space    used 7312K, committed 7552K, reserved 1048576K
}
Event: 17778.760 GC heap before
{Heap before GC invocations=1325 (full 1300):
 garbage-first heap   total 81920K, used 29193K [0x00000000c0000000, 0x0000000100000000)
  region size 1024K, 1 young (1024K), 0 survivors (0K)
 Metaspace       used 59094K, committed 59520K, reserved 1114112K
  class space    used 7312K, committed 7552K, reserved 1048576K
}
Event: 17778.798 GC heap after
{Heap after GC invocations=1326 (full 1301):
 garbage-first heap   total 81920K, used 29193K [0x00000000c0000000, 0x0000000100000000)
  region size 1024K, 0 young (0K), 0 survivors (0K)
 Metaspace       used 59094K, committed 59520K, reserved 1114112K
  class space    used 7312K, committed 7552K, reserved 1048576K
}
Event: 17788.901 GC heap before
{Heap before GC invocations=1326 (full 1301):
 garbage-first heap   total 81920K, used 29193K [0x00000000c0000000, 0x0000000100000000)
  region size 1024K, 1 young (1024K), 0 survivors (0K)
 Metaspace       used 59094K, committed 59520K, reserved 1114112K
  class space    used 7312K, committed 7552K, reserved 1048576K
}
Event: 17788.931 GC heap after
{Heap after GC invocations=1327 (full 1302):
 garbage-first heap   total 81920K, used 29193K [0x00000000c0000000, 0x0000000100000000)
  region size 1024K, 0 young (0K), 0 survivors (0K)
 Metaspace       used 59094K, committed 59520K, reserved 1114112K
  class space    used 7312K, committed 7552K, reserved 1048576K
}
Event: 17799.033 GC heap before
{Heap before GC invocations=1327 (full 1302):
 garbage-first heap   total 81920K, used 29193K [0x00000000c0000000, 0x0000000100000000)
  region size 1024K, 1 young (1024K), 0 survivors (0K)
 Metaspace       used 59094K, committed 59520K, reserved 1114112K
  class space    used 7312K, committed 7552K, reserved 1048576K
}
Event: 17799.061 GC heap after
{Heap after GC invocations=1328 (full 1303):
 garbage-first heap   total 81920K, used 29193K [0x00000000c0000000, 0x0000000100000000)
  region size 1024K, 0 young (0K), 0 survivors (0K)
 Metaspace       used 59094K, committed 59520K, reserved 1114112K
  class space    used 7312K, committed 7552K, reserved 1048576K
}
Event: 17809.167 GC heap before
{Heap before GC invocations=1328 (full 1303):
 garbage-first heap   total 81920K, used 29193K [0x00000000c0000000, 0x0000000100000000)
  region size 1024K, 1 young (1024K), 0 survivors (0K)
 Metaspace       used 59094K, committed 59520K, reserved 1114112K
  class space    used 7312K, committed 7552K, reserved 1048576K
}
Event: 17809.212 GC heap after
{Heap after GC invocations=1329 (full 1304):
 garbage-first heap   total 81920K, used 29193K [0x00000000c0000000, 0x0000000100000000)
  region size 1024K, 0 young (0K), 0 survivors (0K)
 Metaspace       used 59094K, committed 59520K, reserved 1114112K
  class space    used 7312K, committed 7552K, reserved 1048576K
}
Event: 17819.319 GC heap before
{Heap before GC invocations=1329 (full 1304):
 garbage-first heap   total 81920K, used 29193K [0x00000000c0000000, 0x0000000100000000)
  region size 1024K, 1 young (1024K), 0 survivors (0K)
 Metaspace       used 59094K, committed 59520K, reserved 1114112K
  class space    used 7312K, committed 7552K, reserved 1048576K
}
Event: 17819.361 GC heap after
{Heap after GC invocations=1330 (full 1305):
 garbage-first heap   total 81920K, used 29193K [0x00000000c0000000, 0x0000000100000000)
  region size 1024K, 0 young (0K), 0 survivors (0K)
 Metaspace       used 59094K, committed 59520K, reserved 1114112K
  class space    used 7312K, committed 7552K, reserved 1048576K
}
Event: 17829.485 GC heap before
{Heap before GC invocations=1330 (full 1305):
 garbage-first heap   total 81920K, used 29193K [0x00000000c0000000, 0x0000000100000000)
  region size 1024K, 1 young (1024K), 0 survivors (0K)
 Metaspace       used 59094K, committed 59520K, reserved 1114112K
  class space    used 7312K, committed 7552K, reserved 1048576K
}
Event: 17829.521 GC heap after
{Heap after GC invocations=1331 (full 1306):
 garbage-first heap   total 81920K, used 29193K [0x00000000c0000000, 0x0000000100000000)
  region size 1024K, 0 young (0K), 0 survivors (0K)
 Metaspace       used 59094K, committed 59520K, reserved 1114112K
  class space    used 7312K, committed 7552K, reserved 1048576K
}

Dll operation events (9 events):
Event: 0.030 Loaded shared library c:\Users\HP\.vscode\extensions\redhat.java-1.23.0-win32-x64\jre\17.0.8.1-win32-x86_64\bin\java.dll
Event: 0.592 Loaded shared library C:\Users\HP\.vscode\extensions\redhat.java-1.23.0-win32-x64\jre\17.0.8.1-win32-x86_64\bin\net.dll
Event: 0.599 Loaded shared library C:\Users\HP\.vscode\extensions\redhat.java-1.23.0-win32-x64\jre\17.0.8.1-win32-x86_64\bin\nio.dll
Event: 0.615 Loaded shared library C:\Users\HP\.vscode\extensions\redhat.java-1.23.0-win32-x64\jre\17.0.8.1-win32-x86_64\bin\zip.dll
Event: 1.034 Loaded shared library C:\Users\HP\.vscode\extensions\redhat.java-1.23.0-win32-x64\jre\17.0.8.1-win32-x86_64\bin\jimage.dll
Event: 5.793 Loaded shared library c:\Users\HP\.vscode\extensions\redhat.java-1.23.0-win32-x64\jre\17.0.8.1-win32-x86_64\bin\verify.dll
Event: 6.278 Loaded shared library C:\Users\HP\.vscode\extensions\redhat.java-1.23.0-win32-x64\jre\17.0.8.1-win32-x86_64\bin\management.dll
Event: 6.281 Loaded shared library C:\Users\HP\.vscode\extensions\redhat.java-1.23.0-win32-x64\jre\17.0.8.1-win32-x86_64\bin\management_ext.dll
Event: 7.458 Loaded shared library C:\Users\HP\.vscode\extensions\redhat.java-1.23.0-win32-x64\jre\17.0.8.1-win32-x86_64\bin\sunmscapi.dll

Deoptimization events (20 events):
Event: 9.365 Thread 0x000001940d85fbd0 DEOPT PACKING pc=0x0000019403159552 sp=0x00000071c81fe090
Event: 9.365 Thread 0x000001940d85fbd0 DEOPT UNPACKING pc=0x0000019402c1ace3 sp=0x00000071c81fd598 mode 3
Event: 9.365 Thread 0x000001940d85fbd0 DEOPT PACKING pc=0x0000019403141c45 sp=0x00000071c81fe050
Event: 9.365 Thread 0x000001940d85fbd0 DEOPT UNPACKING pc=0x0000019402c1ace3 sp=0x00000071c81fd598 mode 3
Event: 9.669 Thread 0x000001940d85fbd0 DEOPT PACKING pc=0x00000194038e4c36 sp=0x00000071c81fd5a0
Event: 9.669 Thread 0x000001940d85fbd0 DEOPT UNPACKING pc=0x0000019402c1ace3 sp=0x00000071c81fca98 mode 3
Event: 9.730 Thread 0x000001940d85fbd0 DEOPT PACKING pc=0x00000194037b490c sp=0x00000071c81fe110
Event: 9.730 Thread 0x000001940d85fbd0 DEOPT UNPACKING pc=0x0000019402c1ace3 sp=0x00000071c81fd690 mode 0
Event: 9.730 Thread 0x000001940d85fbd0 DEOPT PACKING pc=0x00000194037b490c sp=0x00000071c81fe370
Event: 9.730 Thread 0x000001940d85fbd0 DEOPT UNPACKING pc=0x0000019402c1ace3 sp=0x00000071c81fd8f0 mode 0
Event: 9.749 Thread 0x000001940d85fbd0 DEOPT PACKING pc=0x00000194037b490c sp=0x00000071c81fe7f0
Event: 9.749 Thread 0x000001940d85fbd0 DEOPT UNPACKING pc=0x0000019402c1ace3 sp=0x00000071c81fdd70 mode 0
Event: 84.678 Thread 0x000001940dad7880 DEOPT PACKING pc=0x00000194032585d4 sp=0x00000071c7bfed60
Event: 84.678 Thread 0x000001940dad7880 DEOPT UNPACKING pc=0x0000019402c1ace3 sp=0x00000071c7bfe208 mode 0
Event: 8596.487 Thread 0x000001940f14f590 DEOPT PACKING pc=0x0000019402d62220 sp=0x00000071c7ffd620
Event: 8596.487 Thread 0x000001940f14f590 DEOPT UNPACKING pc=0x0000019402c1ace3 sp=0x00000071c7ffcaa0 mode 3
Event: 12094.366 Thread 0x000001940d85f6c0 DEOPT PACKING pc=0x0000019403a453e6 sp=0x00000071c7ffd990
Event: 12094.366 Thread 0x000001940d85f6c0 DEOPT UNPACKING pc=0x0000019402c1ace3 sp=0x00000071c7ffce30 mode 3
Event: 12308.684 Thread 0x000001940d862450 DEOPT PACKING pc=0x0000019403a0bdbb sp=0x00000071c7ffe2b0
Event: 12308.684 Thread 0x000001940d862450 DEOPT UNPACKING pc=0x0000019402c1ace3 sp=0x00000071c7ffd788 mode 3

Classes unloaded (20 events):
Event: 76.739 Thread 0x000001947ff48b10 Unloading class 0x0000000100088400 'java/lang/invoke/LambdaForm$MH+0x0000000100088400'
Event: 146.916 Thread 0x000001947ff48b10 Unloading class 0x000000010008d400 'java/lang/invoke/LambdaForm$DMH+0x000000010008d400'
Event: 157.043 Thread 0x000001947ff48b10 Unloading class 0x00000001003a1c00 'java/lang/invoke/LambdaForm$MH+0x00000001003a1c00'
Event: 157.043 Thread 0x000001947ff48b10 Unloading class 0x00000001003a2c00 'java/lang/invoke/LambdaForm$MH+0x00000001003a2c00'
Event: 157.043 Thread 0x000001947ff48b10 Unloading class 0x00000001003ac800 'java/lang/invoke/LambdaForm$MH+0x00000001003ac800'
Event: 157.043 Thread 0x000001947ff48b10 Unloading class 0x0000000100504400 'java/lang/invoke/LambdaForm$MH+0x0000000100504400'
Event: 157.043 Thread 0x000001947ff48b10 Unloading class 0x000000010052c000 'java/lang/invoke/LambdaForm$MH+0x000000010052c000'
Event: 157.043 Thread 0x000001947ff48b10 Unloading class 0x000000010053d000 'java/lang/invoke/LambdaForm$MH+0x000000010053d000'
Event: 157.043 Thread 0x000001947ff48b10 Unloading class 0x00000001005a4800 'java/lang/invoke/LambdaForm$MH+0x00000001005a4800'
Event: 157.043 Thread 0x000001947ff48b10 Unloading class 0x00000001005a5000 'java/lang/invoke/LambdaForm$MH+0x00000001005a5000'
Event: 157.043 Thread 0x000001947ff48b10 Unloading class 0x0000000100690000 'java/lang/invoke/LambdaForm$MH+0x0000000100690000'
Event: 207.312 Thread 0x000001947ff48b10 Unloading class 0x00000001003a8400 'java/lang/invoke/LambdaForm$MH+0x00000001003a8400'
Event: 207.312 Thread 0x000001947ff48b10 Unloading class 0x00000001003a8800 'java/lang/invoke/LambdaForm$MH+0x00000001003a8800'
Event: 207.312 Thread 0x000001947ff48b10 Unloading class 0x00000001003a9800 'java/lang/invoke/LambdaForm$MH+0x00000001003a9800'
Event: 207.312 Thread 0x000001947ff48b10 Unloading class 0x00000001003b8400 'java/lang/invoke/LambdaForm$MH+0x00000001003b8400'
Event: 207.312 Thread 0x000001947ff48b10 Unloading class 0x00000001003b8c00 'java/lang/invoke/LambdaForm$MH+0x00000001003b8c00'
Event: 207.312 Thread 0x000001947ff48b10 Unloading class 0x0000000100424400 'java/lang/invoke/LambdaForm$MH+0x0000000100424400'
Event: 3930.967 Thread 0x000001947ff48b10 Unloading class 0x00000001003a2c00 'java/lang/invoke/LambdaForm$MH+0x00000001003a2c00'
Event: 3930.967 Thread 0x000001947ff48b10 Unloading class 0x00000001003a1c00 'java/lang/invoke/LambdaForm$MH+0x00000001003a1c00'
Event: 3930.967 Thread 0x000001947ff48b10 Unloading class 0x0000000100424400 'java/lang/invoke/LambdaForm$MH+0x0000000100424400'

Classes redefined (0 events):
No events

Internal exceptions (20 events):
Event: 9.831 Thread 0x000001940d85fbd0 Exception <a 'sun/nio/fs/WindowsException'{0x00000000c4acba78}> (0x00000000c4acba78) 
thrown [s\src\hotspot\share\prims\jni.cpp, line 516]
Event: 9.831 Thread 0x000001940d85fbd0 Exception <a 'sun/nio/fs/WindowsException'{0x00000000c4acc698}> (0x00000000c4acc698) 
thrown [s\src\hotspot\share\prims\jni.cpp, line 516]
Event: 9.831 Thread 0x000001940d85fbd0 Exception <a 'sun/nio/fs/WindowsException'{0x00000000c4acd338}> (0x00000000c4acd338) 
thrown [s\src\hotspot\share\prims\jni.cpp, line 516]
Event: 9.836 Thread 0x000001940d85fbd0 Exception <a 'sun/nio/fs/WindowsException'{0x00000000c4ad45e8}> (0x00000000c4ad45e8) 
thrown [s\src\hotspot\share\prims\jni.cpp, line 516]
Event: 9.836 Thread 0x000001940d85fbd0 Exception <a 'sun/nio/fs/WindowsException'{0x00000000c4ad5140}> (0x00000000c4ad5140) 
thrown [s\src\hotspot\share\prims\jni.cpp, line 516]
Event: 9.836 Thread 0x000001940d85fbd0 Exception <a 'sun/nio/fs/WindowsException'{0x00000000c4ad5c48}> (0x00000000c4ad5c48) 
thrown [s\src\hotspot\share\prims\jni.cpp, line 516]
Event: 9.836 Thread 0x000001940d85fbd0 Exception <a 'sun/nio/fs/WindowsException'{0x00000000c4ad67a0}> (0x00000000c4ad67a0) 
thrown [s\src\hotspot\share\prims\jni.cpp, line 516]
Event: 9.836 Thread 0x000001940d85fbd0 Exception <a 'sun/nio/fs/WindowsException'{0x00000000c4ad73c0}> (0x00000000c4ad73c0) 
thrown [s\src\hotspot\share\prims\jni.cpp, line 516]
Event: 9.837 Thread 0x000001940d85fbd0 Exception <a 'sun/nio/fs/WindowsException'{0x00000000c4ad8060}> (0x00000000c4ad8060) 
thrown [s\src\hotspot\share\prims\jni.cpp, line 516]
Event: 46.260 Thread 0x000001940e59fc20 Exception <a 'java/lang/NoSuchMethodError'{0x00000000c4879e30}: 'void java.lang.invoke.DirectMethodHandle$Holder.invokeStatic(java.lang.Object, long)'> (0x00000000c4879e30) 
thrown [s\src\hotspot\share\interpreter\linkResolver.cpp, line 759]
Event: 46.261 Thread 0x000001940e59fc20 Exception <a 'java/lang/NoSuchMethodError'{0x00000000c487f1d8}: 'java.lang.Object java.lang.invoke.DirectMethodHandle$Holder.newInvokeSpecial(java.lang.Object, long)'> (0x00000000c487f1d8) 
thrown [s\src\hotspot\share\interpreter\linkResolver.cpp, line 759]
Event: 108.314 Thread 0x000001940dad7880 Exception <a 'java/lang/NoSuchMethodError'{0x00000000c83b6350}: 'java.lang.Object java.lang.invoke.DirectMethodHandle$Holder.invokeStatic(java.lang.Object, java.lang.Object, java.lang.Object, int, java.lang.Object, java.lang.Object)'> (0x00000000c83b6350) 
thrown [s\src\hotspot\share\interpreter\linkResolver.cpp, line 759]
Event: 108.838 Thread 0x000001940f14f080 Exception <a 'java/lang/NoSuchMethodError'{0x00000000c8091240}: 'java.lang.Object java.lang.invoke.DirectMethodHandle$Holder.newInvokeSpecial(java.lang.Object, java.lang.Object, java.lang.Object, java.lang.Object, java.lang.Object, long)'> (0x00000000c8091240) 
thrown [s\src\hotspot\share\interpreter\linkResolver.cpp, line 759]
Event: 108.838 Thread 0x000001940f14f080 Exception <a 'java/lang/NoSuchMethodError'{0x00000000c80958b0}: 'java.lang.Object java.lang.invoke.DirectMethodHandle$Holder.invokeSpecial(java.lang.Object, java.lang.Object, java.lang.Object, java.lang.Object, java.lang.Object, java.lang.Object, long)'> (0x00000000c80958b0) 
thrown [s\src\hotspot\share\interpreter\linkResolver.cpp, line 759]
Event: 309.487 Thread 0x000001940d861f40 Exception <a 'java/io/IOException'{0x00000000c4a65c30}> (0x00000000c4a65c30) 
thrown [s\src\hotspot\share\prims\jni.cpp, line 516]
Event: 309.799 Thread 0x000001940d861a30 Exception <a 'java/io/IOException'{0x00000000c4a71cc8}> (0x00000000c4a71cc8) 
thrown [s\src\hotspot\share\prims\jni.cpp, line 516]
Event: 310.274 Thread 0x000001940d862450 Exception <a 'java/io/IOException'{0x00000000c4a76050}> (0x00000000c4a76050) 
thrown [s\src\hotspot\share\prims\jni.cpp, line 516]
Event: 8596.487 Thread 0x000001940f14f590 Implicit null exception at 0x0000019402d61fda to 0x0000019402d6221b
Event: 12094.366 Thread 0x000001940d85f6c0 Implicit null exception at 0x0000019403a45135 to 0x0000019403a453e1
Event: 12308.684 Thread 0x000001940d862450 Implicit null exception at 0x0000019403a0ab04 to 0x0000019403a0bdb6

VM Operations (20 events):
Event: 17738.237 Executing VM operation: G1CollectFull done
Event: 17748.342 Executing VM operation: G1CollectFull
Event: 17748.373 Executing VM operation: G1CollectFull done
Event: 17758.488 Executing VM operation: G1CollectFull
Event: 17758.525 Executing VM operation: G1CollectFull done
Event: 17768.623 Executing VM operation: G1CollectFull
Event: 17768.655 Executing VM operation: G1CollectFull done
Event: 17778.759 Executing VM operation: G1CollectFull
Event: 17778.798 Executing VM operation: G1CollectFull done
Event: 17788.901 Executing VM operation: G1CollectFull
Event: 17788.931 Executing VM operation: G1CollectFull done
Event: 17799.033 Executing VM operation: G1CollectFull
Event: 17799.062 Executing VM operation: G1CollectFull done
Event: 17809.167 Executing VM operation: G1CollectFull
Event: 17809.212 Executing VM operation: G1CollectFull done
Event: 17819.319 Executing VM operation: G1CollectFull
Event: 17819.361 Executing VM operation: G1CollectFull done
Event: 17829.484 Executing VM operation: G1CollectFull
Event: 17829.521 Executing VM operation: G1CollectFull done
Event: 17839.637 Executing VM operation: G1CollectFull

Events (20 events):
Event: 12251.896 Thread 0x000001940d8dd210 Thread added: 0x000001940d8dd210
Event: 12251.896 Thread 0x000001940d8dd730 Thread added: 0x000001940d8dd730
Event: 12256.910 Thread 0x000001940d8dd730 Thread exited: 0x000001940d8dd730
Event: 12259.214 Thread 0x000001940d8dd210 Thread exited: 0x000001940d8dd210
Event: 12280.777 Thread 0x000001940d861a30 Thread added: 0x000001940d861a30
Event: 12306.728 Thread 0x000001940d321380 Thread added: 0x000001940d321380
Event: 12313.931 Thread 0x000001940d321380 Thread exited: 0x000001940d321380
Event: 12366.735 Thread 0x000001940d862960 Thread exited: 0x000001940d862960
Event: 12368.930 Thread 0x000001940d862450 Thread exited: 0x000001940d862450
Event: 12369.133 Thread 0x000001940d861a30 Thread exited: 0x000001940d861a30
Event: 12375.393 Thread 0x000001940d862960 Thread added: 0x000001940d862960
Event: 12529.836 Thread 0x000001940d862960 Thread exited: 0x000001940d862960
Event: 12684.639 Thread 0x000001940d862960 Thread added: 0x000001940d862960
Event: 12850.803 Thread 0x000001940d862960 Thread exited: 0x000001940d862960
Event: 14221.665 Thread 0x000001940d85f6c0 Thread added: 0x000001940d85f6c0
Event: 14221.666 Thread 0x000001940d8600e0 Thread added: 0x000001940d8600e0
Event: 14221.666 Thread 0x000001940d861a30 Thread added: 0x000001940d861a30
Event: 14281.702 Thread 0x000001940d8600e0 Thread exited: 0x000001940d8600e0
Event: 14284.026 Thread 0x000001940d85f6c0 Thread exited: 0x000001940d85f6c0
Event: 14284.042 Thread 0x000001940d861a30 Thread exited: 0x000001940d861a30


Dynamic libraries:
0x00007ff64b480000 - 0x00007ff64b48e000 	c:\Users\HP\.vscode\extensions\redhat.java-1.23.0-win32-x64\jre\17.0.8.1-win32-x86_64\bin\java.exe
0x00007ff8942d0000 - 0x00007ff8944e4000 	C:\WINDOWS\SYSTEM32\ntdll.dll
0x00007ff892d00000 - 0x00007ff892dc4000 	C:\WINDOWS\System32\KERNEL32.DLL
0x00007ff891930000 - 0x00007ff891cd4000 	C:\WINDOWS\System32\KERNELBASE.dll
0x00007ff891680000 - 0x00007ff891791000 	C:\WINDOWS\System32\ucrtbase.dll
0x00007ff8719b0000 - 0x00007ff8719c7000 	c:\Users\HP\.vscode\extensions\redhat.java-1.23.0-win32-x64\jre\17.0.8.1-win32-x86_64\bin\jli.dll
0x00007ff893790000 - 0x00007ff89393e000 	C:\WINDOWS\System32\USER32.dll
0x00007ff891900000 - 0x00007ff891926000 	C:\WINDOWS\System32\win32u.dll
0x00007ff8925c0000 - 0x00007ff8925e9000 	C:\WINDOWS\System32\GDI32.dll
0x00007ff891ec0000 - 0x00007ff891fd8000 	C:\WINDOWS\System32\gdi32full.dll
0x00007ff891860000 - 0x00007ff8918fa000 	C:\WINDOWS\System32\msvcp_win.dll
0x00007ff8717f0000 - 0x00007ff871809000 	c:\Users\HP\.vscode\extensions\redhat.java-1.23.0-win32-x64\jre\17.0.8.1-win32-x86_64\bin\VCRUNTIME140.dll
0x00007ff874340000 - 0x00007ff8745d3000 	C:\WINDOWS\WinSxS\amd64_microsoft.windows.common-controls_6595b64144ccf1df_6.0.22621.2215_none_270d72677387dfc3\COMCTL32.dll
0x00007ff8941b0000 - 0x00007ff894257000 	C:\WINDOWS\System32\msvcrt.dll
0x00007ff8928e0000 - 0x00007ff892911000 	C:\WINDOWS\System32\IMM32.DLL
0x00007ff887520000 - 0x00007ff88752c000 	c:\Users\HP\.vscode\extensions\redhat.java-1.23.0-win32-x64\jre\17.0.8.1-win32-x86_64\bin\vcruntime140_1.dll
0x00007ff848720000 - 0x00007ff8487b1000 	c:\Users\HP\.vscode\extensions\redhat.java-1.23.0-win32-x64\jre\17.0.8.1-win32-x86_64\bin\msvcp140.dll
0x00007ff835720000 - 0x00007ff83636c000 	c:\Users\HP\.vscode\extensions\redhat.java-1.23.0-win32-x64\jre\17.0.8.1-win32-x86_64\bin\server\jvm.dll
0x00007ff893ad0000 - 0x00007ff893b80000 	C:\WINDOWS\System32\ADVAPI32.dll
0x00007ff892940000 - 0x00007ff8929e6000 	C:\WINDOWS\System32\sechost.dll
0x00007ff893670000 - 0x00007ff893787000 	C:\WINDOWS\System32\RPCRT4.dll
0x00007ff891100000 - 0x00007ff89114d000 	C:\WINDOWS\SYSTEM32\POWRPROF.dll
0x00007ff877bb0000 - 0x00007ff877bb9000 	C:\WINDOWS\SYSTEM32\WSOCK32.dll
0x00007ff892540000 - 0x00007ff8925b1000 	C:\WINDOWS\System32\WS2_32.dll
0x00007ff8876c0000 - 0x00007ff8876f4000 	C:\WINDOWS\SYSTEM32\WINMM.dll
0x00007ff884f20000 - 0x00007ff884f2a000 	C:\WINDOWS\SYSTEM32\VERSION.dll
0x00007ff890fc0000 - 0x00007ff890fd3000 	C:\WINDOWS\SYSTEM32\UMPDC.dll
0x00007ff890680000 - 0x00007ff890698000 	C:\WINDOWS\SYSTEM32\kernel.appcore.dll
0x00007ff874150000 - 0x00007ff87415a000 	c:\Users\HP\.vscode\extensions\redhat.java-1.23.0-win32-x64\jre\17.0.8.1-win32-x86_64\bin\jimage.dll
0x00007ff88e700000 - 0x00007ff88e92e000 	C:\WINDOWS\SYSTEM32\DBGHELP.DLL
0x00007ff893be0000 - 0x00007ff893f6a000 	C:\WINDOWS\System32\combase.dll
0x00007ff893940000 - 0x00007ff893a17000 	C:\WINDOWS\System32\OLEAUT32.dll
0x00007ff86bdd0000 - 0x00007ff86be02000 	C:\WINDOWS\SYSTEM32\dbgcore.DLL
0x00007ff891fe0000 - 0x00007ff89205a000 	C:\WINDOWS\System32\bcryptPrimitives.dll
0x00007ff857490000 - 0x00007ff8574b5000 	c:\Users\HP\.vscode\extensions\redhat.java-1.23.0-win32-x64\jre\17.0.8.1-win32-x86_64\bin\java.dll
0x00007ff871460000 - 0x00007ff871478000 	c:\Users\HP\.vscode\extensions\redhat.java-1.23.0-win32-x64\jre\17.0.8.1-win32-x86_64\bin\zip.dll
0x00007ff892e40000 - 0x00007ff893663000 	C:\WINDOWS\System32\SHELL32.dll
0x00007ff88f610000 - 0x00007ff88fefa000 	C:\WINDOWS\SYSTEM32\windows.storage.dll
0x00007ff88f4d0000 - 0x00007ff88f60e000 	C:\WINDOWS\SYSTEM32\wintypes.dll
0x00007ff892660000 - 0x00007ff892753000 	C:\WINDOWS\System32\SHCORE.dll
0x00007ff892de0000 - 0x00007ff892e3e000 	C:\WINDOWS\System32\shlwapi.dll
0x00007ff8915b0000 - 0x00007ff8915d6000 	C:\WINDOWS\SYSTEM32\profapi.dll
0x00007ff871300000 - 0x00007ff871319000 	C:\Users\HP\.vscode\extensions\redhat.java-1.23.0-win32-x64\jre\17.0.8.1-win32-x86_64\bin\net.dll
0x00007ff88a8d0000 - 0x00007ff88aa07000 	C:\WINDOWS\SYSTEM32\WINHTTP.dll
0x00007ff890bc0000 - 0x00007ff890c29000 	C:\WINDOWS\system32\mswsock.dll
0x00007ff86f610000 - 0x00007ff86f625000 	C:\Users\HP\.vscode\extensions\redhat.java-1.23.0-win32-x64\jre\17.0.8.1-win32-x86_64\bin\nio.dll
0x00007ff890e10000 - 0x00007ff890e2b000 	C:\WINDOWS\SYSTEM32\CRYPTSP.dll
0x00007ff890640000 - 0x00007ff890675000 	C:\WINDOWS\system32\rsaenh.dll
0x00007ff890cb0000 - 0x00007ff890cdc000 	C:\WINDOWS\SYSTEM32\USERENV.dll
0x00007ff890fe0000 - 0x00007ff891008000 	C:\WINDOWS\SYSTEM32\bcrypt.dll
0x00007ff890e30000 - 0x00007ff890e3c000 	C:\WINDOWS\SYSTEM32\CRYPTBASE.dll
0x00007ff890160000 - 0x00007ff89018d000 	C:\WINDOWS\SYSTEM32\IPHLPAPI.DLL
0x00007ff892dd0000 - 0x00007ff892dd9000 	C:\WINDOWS\System32\NSI.dll
0x00007ff88aa20000 - 0x00007ff88aa39000 	C:\WINDOWS\SYSTEM32\dhcpcsvc6.DLL
0x00007ff88a8b0000 - 0x00007ff88a8cf000 	C:\WINDOWS\SYSTEM32\dhcpcsvc.DLL
0x00007ff8901d0000 - 0x00007ff8902c2000 	C:\WINDOWS\SYSTEM32\DNSAPI.dll
0x00007ff8735d0000 - 0x00007ff8735e0000 	c:\Users\HP\.vscode\extensions\redhat.java-1.23.0-win32-x64\jre\17.0.8.1-win32-x86_64\bin\verify.dll
0x00007ff86c050000 - 0x00007ff86c059000 	C:\Users\HP\.vscode\extensions\redhat.java-1.23.0-win32-x64\jre\17.0.8.1-win32-x86_64\bin\management.dll
0x00007ff86ba10000 - 0x00007ff86ba1b000 	C:\Users\HP\.vscode\extensions\redhat.java-1.23.0-win32-x64\jre\17.0.8.1-win32-x86_64\bin\management_ext.dll
0x00007ff892530000 - 0x00007ff892538000 	C:\WINDOWS\System32\PSAPI.DLL
0x00007ff86e030000 - 0x00007ff86e03e000 	C:\Users\HP\.vscode\extensions\redhat.java-1.23.0-win32-x64\jre\17.0.8.1-win32-x86_64\bin\sunmscapi.dll
0x00007ff891d50000 - 0x00007ff891eb6000 	C:\WINDOWS\System32\CRYPT32.dll
0x00007ff890f80000 - 0x00007ff890fae000 	C:\WINDOWS\SYSTEM32\ncrypt.dll
0x00007ff890f40000 - 0x00007ff890f77000 	C:\WINDOWS\SYSTEM32\NTASN1.dll
0x00007ff87e500000 - 0x00007ff87e50a000 	C:\Windows\System32\rasadhlp.dll
0x00007ff887090000 - 0x00007ff887114000 	C:\WINDOWS\System32\fwpuclnt.dll

dbghelp: loaded successfully - version: 4.0.5 - missing functions: none
symbol engine: initialized successfully - sym options: 0x614 - pdb path: .;c:\Users\HP\.vscode\extensions\redhat.java-1.23.0-win32-x64\jre\17.0.8.1-win32-x86_64\bin;C:\WINDOWS\SYSTEM32;C:\WINDOWS\WinSxS\amd64_microsoft.windows.common-controls_6595b64144ccf1df_6.0.22621.2215_none_270d72677387dfc3;c:\Users\HP\.vscode\extensions\redhat.java-1.23.0-win32-x64\jre\17.0.8.1-win32-x86_64\bin\server

VM Arguments:
jvm_args: -XX:+HeapDumpOnOutOfMemoryError -Xmx1024m -Dsts.lsp.client=vscode -Dsts.log.file=/dev/null -XX:TieredStopAtLevel=1 -Xlog:jni+resolve=off -Dspring.config.location=file:c:\Users\HP\.vscode\extensions\vmware.vscode-spring-boot-1.50.2023101004\language-server\BOOT-INF\classes\application.properties 
java_command: org.springframework.ide.vscode.boot.app.BootLanguageServerBootApp
java_class_path (initial): c:\Users\HP\.vscode\extensions\vmware.vscode-spring-boot-1.50.2023101004\language-server\BOOT-INF\classes;c:\Users\HP\.vscode\extensions\vmware.vscode-spring-boot-1.50.2023101004\language-server\BOOT-INF\lib\annotations-24.0.1.jar;c:\Users\HP\.vscode\extensions\vmware.vscode-spring-boot-1.50.2023101004\language-server\BOOT-INF\lib\antlr-runtime-3.5.3.jar;c:\Users\HP\.vscode\extensions\vmware.vscode-spring-boot-1.50.2023101004\language-server\BOOT-INF\lib\antlr4-4.11.1.jar;c:\Users\HP\.vscode\extensions\vmware.vscode-spring-boot-1.50.2023101004\language-server\BOOT-INF\lib\antlr4-runtime-4.11.1.jar;c:\Users\HP\.vscode\extensions\vmware.vscode-spring-boot-1.50.2023101004\language-server\BOOT-INF\lib\archunit-1.1.0.jar;c:\Users\HP\.vscode\extensions\vmware.vscode-spring-boot-1.50.2023101004\language-server\BOOT-INF\lib\asm-9.5.jar;c:\Users\HP\.vscode\extensions\vmware.vscode-spring-boot-1.50.2023101004\language-server\BOOT-INF\lib\asm-analysis-9.5.jar;c:\Users\HP\.vscode\extensions\vmware.vscode-spring-boot-1.50.2023101004\language-server\BOOT-INF\lib\asm-tree-9.5.jar;c:\Users\HP\.vscode\extensions\vmware.vscode-spring-boot-1.50.2023101004\language-server\BOOT-INF\lib\asm-util-9.5.jar;c:\Users\HP\.vscode\extensions\vmware.vscode-spring-boot-1.50.2023101004\language-server\BOOT-INF\lib\bosh-language-server-1.50.0-SNAPSHOT.jar;c:\Users\HP\.vscode\extensions\vmware.vscode-spring-boot-1.50.2023101004\language-server\BOOT-INF\lib\caffeine-3.1.8.jar;c:\Users\HP\.vscode\extensions\vmware.vscode-spring-boot-1.50.2023101004\language-server\BOOT-INF\lib\checker-qual-3.12.0.jar;c:\Users\HP\.vscode\extensions\vmware.vscode-spring-boot-1.50.2023101004\language-server\BOOT-INF\lib\classgraph-4.8.149.jar;c:\Users\HP\.vscode\extensions\vmware.vscode-spring-boot-1.50.2023101004\language-server\BOOT-INF\lib\commons-codec-1.15.jar;c:\Users\HP\.vscode\extensions\vmware.vscode-spring-boot-1.50.2023101004\language-server\BOOT-INF\lib\commons-compress-1.24.0.jar;
Launcher Type: SUN_STANDARD

[Global flags]
     intx CICompilerCount                          = 4                                         {product} {ergonomic}
     uint ConcGCThreads                            = 2                                         {product} {ergonomic}
     uint G1ConcRefinementThreads                  = 8                                         {product} {ergonomic}
   size_t G1HeapRegionSize                         = 1048576                                   {product} {ergonomic}
    uintx GCDrainStackTargetSize                   = 64                                        {product} {ergonomic}
     bool HeapDumpOnOutOfMemoryError               = true                                   {manageable} {command line}
   size_t InitialHeapSize                          = 264241152                                 {product} {ergonomic}
   size_t MarkStackSize                            = 4194304                                   {product} {ergonomic}
   size_t MaxHeapSize                              = 1073741824                                {product} {command line}
   size_t MaxNewSize                               = 643825664                                 {product} {ergonomic}
   size_t MinHeapDeltaBytes                        = 1048576                                   {product} {ergonomic}
   size_t MinHeapSize                              = 8388608                                   {product} {ergonomic}
    uintx NonProfiledCodeHeapSize                  = 0                                      {pd product} {ergonomic}
     bool ProfileInterpreter                       = false                                  {pd product} {command line}
    uintx ProfiledCodeHeapSize                     = 0                                      {pd product} {ergonomic}
   size_t SoftMaxHeapSize                          = 1073741824                             {manageable} {ergonomic}
     intx TieredStopAtLevel                        = 1                                         {product} {command line}
     bool UseCompressedClassPointers               = true                           {product lp64_product} {ergonomic}
     bool UseCompressedOops                        = true                           {product lp64_product} {ergonomic}
     bool UseG1GC                                  = true                                      {product} {ergonomic}
     bool UseLargePagesIndividualAllocation        = false                                  {pd product} {ergonomic}

Logging:
Log output configuration:
 #0: stdout all=warning,jni+resolve=off uptime,level,tags
 #1: stderr all=off uptime,level,tags

Environment Variables:
JAVA_HOME=C:\Program Files\Java\jdk-17.0.1
PATH=C:\Program Files\Common Files\Oracle\Java\javapath;C:\Program Files (x86)\Common Files\Oracle\Java\javapath;C:\ProgramData\Oracle\Java\javapath;C:\windows\system32;C:\windows;C:\windows\System32\Wbem;C:\windows\System32\WindowsPowerShell\v1.0\;C:\windows\System32\OpenSSH\;C:\Program Files\Microsoft SQL Server\150\Tools\Binn\;C:\Program Files\Microsoft SQL Server\Client SDK\ODBC\170\Tools\Binn\;C:\Program Files (x86)\Microsoft SQL Server\150\Tools\Binn\;C:\Program Files\Microsoft SQL Server\150\DTS\Binn\;C:\Program Files (x86)\Microsoft SQL Server\150\DTS\Binn\;C:\Program Files\dotnet\;C:\Program Files (x86)\dotnet\;C:\WINDOWS\system32;C:\WINDOWS;C:\WINDOWS\System32\Wbem;C:\WINDOWS\System32\WindowsPowerShell\v1.0\;C:\WINDOWS\System32\OpenSSH\;C:\ProgramData\chocolatey\bin;C:\Program Files\nodejs\;C:\Program Files\Git\cmd;C:\Program Files\MySQL\MySQL Shell 8.0\bin\;C:\Users\HP\AppData\Local\Microsoft\WindowsApps;C:\Program Files\Java\jdk-17.0.1\bin;C:\Program Files\Azure Data Studio\bin;C:\Users\HP\.dotnet\tools;C:\Users\HP\AppData\Local\Microsoft\WindowsApps;C:\Users\HP\AppData\Local\Programs\Microsoft VS Code\bin;C:\Users\HP\.dotnet\tools;C:\Users\HP\AppData\Roaming\npm
USERNAME=HP
OS=Windows_NT
PROCESSOR_IDENTIFIER=Intel64 Family 6 Model 140 Stepping 1, GenuineIntel
TMP=C:\Users\HP\AppData\Local\Temp
TEMP=C:\Users\HP\AppData\Local\Temp



---------------  S Y S T E M  ---------------

OS:
 Windows 11 , 64 bit Build 22621 (10.0.22621.2215)
OS uptime: 0 days 6:25 hours

CPU: total 8 (initial active 8) (4 cores per cpu, 2 threads per core) family 6 model 140 stepping 1 microcode 0xa4, cx8, cmov, fxsr, ht, mmx, 3dnowpref, sse, sse2, sse3, ssse3, sse4.1, sse4.2, popcnt, lzcnt, tsc, tscinvbit, avx, avx2, aes, erms, clmul, bmi1, bmi2, adx, avx512f, avx512dq, avx512cd, avx512bw, avx512vl, sha, fma, vzeroupper, avx512_vpopcntdq, avx512_vpclmulqdq, avx512_vaes, avx512_vnni, clflush, clflushopt, clwb, avx512_vbmi2, avx512_vbmi
Processor Information for all 8 processors :
  Max Mhz: 2419, Current Mhz: 2419, Mhz Limit: 2419

Memory: 4k page, system-wide physical 16051M (5313M free)
TotalPageFile size 16051M (AvailPageFile size 8M)
current process WorkingSet (physical memory assigned to process): 85M, peak: 219M
current process commit charge ("private bytes"): 255M, peak: 364M

vm_info: OpenJDK 64-Bit Server VM (17.0.8.1+1) for windows-amd64 JRE (17.0.8.1+1), built on Aug 23 2023 15:29:17 by "admin" with MS VC++ 16.7 (VS2019)

END.
