#
# There is insufficient memory for the Java Runtime Environment to continue.
# Native memory allocation (malloc) failed to allocate 1048576 bytes for AllocateHeap
# Possible reasons:
#   The system is out of physical RAM or swap space
#   The process is running with CompressedOops enabled, and the Java Heap may be blocking the growth of the native heap
# Possible solutions:
#   Reduce memory load on the system
#   Increase physical memory or swap space
#   Check if swap backing store is full
#   Decrease Java heap size (-Xmx/-Xms)
#   Decrease number of Java threads
#   Decrease Java thread stack sizes (-Xss)
#   Set larger code cache with -XX:ReservedCodeCacheSize=
#   JVM is running with Unscaled Compressed Oops mode in which the Java heap is
#     placed in the first 4GB address space. The Java Heap base address is the
#     maximum limit for the native heap growth. Please use -XX:HeapBaseMinAddress
#     to set the Java Heap base and to place the Java Heap above 4GB virtual address.
# This output file may be truncated or incomplete.
#
#  Out of Memory Error (allocation.cpp:44), pid=2304, tid=14752
#
# JRE version: OpenJDK Runtime Environment Temurin-17.0.8.1+1 (17.0.8.1+1) (build 17.0.8.1+1)
# Java VM: OpenJDK 64-Bit Server VM Temurin-17.0.8.1+1 (17.0.8.1+1, mixed mode, emulated-client, tiered, compressed oops, compressed class ptrs, g1 gc, windows-amd64)
# No core dump will be written. Minidumps are not enabled by default on client versions of Windows
#

---------------  S U M M A R Y ------------

Command Line: -XX:+HeapDumpOnOutOfMemoryError -Xmx1024m -Dsts.lsp.client=vscode -Dsts.log.file=/dev/null -XX:TieredStopAtLevel=1 -Xlog:jni+resolve=off -Dspring.config.location=file:c:\Users\HP\.vscode\extensions\vmware.vscode-spring-boot-1.50.2023101204\language-server\BOOT-INF\classes\application.properties org.springframework.ide.vscode.boot.app.BootLanguageServerBootApp

Host: 11th Gen Intel(R) Core(TM) i5-1135G7 @ 2.40GHz, 8 cores, 15G,  Windows 11 , 64 bit Build 22621 (10.0.22621.2215)
Time: Thu Oct 12 18:29:01 2023 SE Asia Standard Time elapsed time: 6451.639455 seconds (0d 1h 47m 31s)

---------------  T H R E A D  ---------------

Current thread (0x000002d1b93f3aa0):  VMThread "VM Thread" [stack: 0x000000f5f9100000,0x000000f5f9200000] [id=14752]

Stack: [0x000000f5f9100000,0x000000f5f9200000]
Native frames: (J=compiled Java code, j=interpreted, Vv=VM code, C=native code)
V  [jvm.dll+0x678b0a]
V  [jvm.dll+0x835e84]
V  [jvm.dll+0x83762e]
V  [jvm.dll+0x837c93]
V  [jvm.dll+0x24746f]
V  [jvm.dll+0xa697b]
V  [jvm.dll+0x2f7eb3]
V  [jvm.dll+0x2f3b80]
V  [jvm.dll+0x2dc1c7]
V  [jvm.dll+0x31f227]
V  [jvm.dll+0x83c15b]
V  [jvm.dll+0x83ce94]
V  [jvm.dll+0x83d3ac]
V  [jvm.dll+0x83d784]
V  [jvm.dll+0x83d850]
V  [jvm.dll+0x7e64ca]
V  [jvm.dll+0x677955]
C  [ucrtbase.dll+0x29363]
C  [KERNEL32.DLL+0x1257d]
C  [ntdll.dll+0x5aa68]

VM_Operation (0x000000f5fa9fedd0): G1CollectFull, mode: safepoint, requested by thread 0x000002d1be730fb0


---------------  P R O C E S S  ---------------

Threads class SMR info:
_java_thread_list=0x000002d1bfb6a7a0, length=23, elements={
0x000002d1b93da2a0, 0x000002d1b93dad70, 0x000002d1b9443530, 0x000002d1b9445f10,
0x000002d1b94467e0, 0x000002d1b94490c0, 0x000002d1b9449990, 0x000002d1b944c2b0,
0x000002d1b96530f0, 0x000002d1b9654870, 0x000002d1be8b1fe0, 0x000002d1be730fb0,
0x000002d1bf139960, 0x000002d1ae4d2d00, 0x000002d1bf1be030, 0x000002d1bf3d1d00,
0x000002d1bf4405f0, 0x000002d1bf4400e0, 0x000002d1bf442450, 0x000002d1bf931d30,
0x000002d1bf9308f0, 0x000002d1bf930e00, 0x000002d1bf934fd0
}

Java Threads: ( => current thread )
  0x000002d1b93da2a0 JavaThread "Reference Handler" daemon [_thread_blocked, id=3520, stack(0x000000f5f9200000,0x000000f5f9300000)]
  0x000002d1b93dad70 JavaThread "Finalizer" daemon [_thread_blocked, id=11232, stack(0x000000f5f9300000,0x000000f5f9400000)]
  0x000002d1b9443530 JavaThread "Signal Dispatcher" daemon [_thread_blocked, id=4304, stack(0x000000f5f9400000,0x000000f5f9500000)]
  0x000002d1b9445f10 JavaThread "Attach Listener" daemon [_thread_blocked, id=17324, stack(0x000000f5f9500000,0x000000f5f9600000)]
  0x000002d1b94467e0 JavaThread "Service Thread" daemon [_thread_blocked, id=13424, stack(0x000000f5f9600000,0x000000f5f9700000)]
  0x000002d1b94490c0 JavaThread "Monitor Deflation Thread" daemon [_thread_blocked, id=16884, stack(0x000000f5f9700000,0x000000f5f9800000)]
  0x000002d1b9449990 JavaThread "C1 CompilerThread0" daemon [_thread_blocked, id=12388, stack(0x000000f5f9800000,0x000000f5f9900000)]
  0x000002d1b944c2b0 JavaThread "Sweeper thread" daemon [_thread_blocked, id=17512, stack(0x000000f5f9900000,0x000000f5f9a00000)]
  0x000002d1b96530f0 JavaThread "Notification Thread" daemon [_thread_blocked, id=10312, stack(0x000000f5f9d00000,0x000000f5f9e00000)]
  0x000002d1b9654870 JavaThread "Common-Cleaner" daemon [_thread_blocked, id=10672, stack(0x000000f5f9f00000,0x000000f5fa000000)]
  0x000002d1be8b1fe0 JavaThread "boundedElastic-evictor-1" daemon [_thread_blocked, id=11972, stack(0x000000f5fa700000,0x000000f5fa800000)]
  0x000002d1be730fb0 JavaThread "pool-11-thread-1" [_thread_blocked, id=1792, stack(0x000000f5fa900000,0x000000f5faa00000)]
  0x000002d1bf139960 JavaThread "LanguageServerApp-lifecycle" [_thread_blocked, id=16264, stack(0x000000f5faa00000,0x000000f5fab00000)]
  0x000002d1ae4d2d00 JavaThread "DestroyJavaVM" [_thread_blocked, id=17848, stack(0x000000f5f8b00000,0x000000f5f8c00000)]
  0x000002d1bf1be030 JavaThread "pool-12-thread-1" [_thread_in_native, id=3396, stack(0x000000f5fab00000,0x000000f5fac00000)]
  0x000002d1bf3d1d00 JavaThread "Simple-Language-Server main thread" daemon [_thread_blocked, id=9600, stack(0x000000f5fac00000,0x000000f5fad00000)]
  0x000002d1bf4405f0 JavaThread "pool-5-thread-1" [_thread_blocked, id=332, stack(0x000000f5faf00000,0x000000f5fb000000)]
  0x000002d1bf4400e0 JavaThread "parallel-1" daemon [_thread_blocked, id=10592, stack(0x000000f5fb000000,0x000000f5fb100000)]
  0x000002d1bf442450 JavaThread "parallel-2" daemon [_thread_blocked, id=1516, stack(0x000000f5fb300000,0x000000f5fb400000)]
  0x000002d1bf931d30 JavaThread "pool-7-thread-1" [_thread_blocked, id=9416, stack(0x000000f5f8900000,0x000000f5f8a00000)]
  0x000002d1bf9308f0 JavaThread "parallel-3" daemon [_thread_blocked, id=18176, stack(0x000000f5f8a00000,0x000000f5f8b00000)]
  0x000002d1bf930e00 JavaThread "Reconciler-1" daemon [_thread_blocked, id=6380, stack(0x000000f5fb500000,0x000000f5fb600000)]
  0x000002d1bf934fd0 JavaThread "parallel-4" daemon [_thread_blocked, id=10984, stack(0x000000f5f9a00000,0x000000f5f9b00000)]

Other Threads:
=>0x000002d1b93f3aa0 VMThread "VM Thread" [stack: 0x000000f5f9100000,0x000000f5f9200000] [id=14752]
  0x000002d1b96535d0 WatcherThread [stack: 0x000000f5f9e00000,0x000000f5f9f00000] [id=17440]
  0x000002d1ae510ec0 GCTaskThread "GC Thread#0" [stack: 0x000000f5f8c00000,0x000000f5f8d00000] [id=18416]
  0x000002d1be951700 GCTaskThread "GC Thread#1" [stack: 0x000000f5fa000000,0x000000f5fa100000] [id=14692]
  0x000002d1be9519c0 GCTaskThread "GC Thread#2" [stack: 0x000000f5fa100000,0x000000f5fa200000] [id=11724]
  0x000002d1be951c80 GCTaskThread "GC Thread#3" [stack: 0x000000f5fa200000,0x000000f5fa300000] [id=17208]
  0x000002d1be951f40 GCTaskThread "GC Thread#4" [stack: 0x000000f5fa300000,0x000000f5fa400000] [id=9908]
  0x000002d1be999430 GCTaskThread "GC Thread#5" [stack: 0x000000f5fa400000,0x000000f5fa500000] [id=4016]
  0x000002d1beb71120 GCTaskThread "GC Thread#6" [stack: 0x000000f5fa500000,0x000000f5fa600000] [id=11948]
  0x000002d1bebf3490 GCTaskThread "GC Thread#7" [stack: 0x000000f5fa600000,0x000000f5fa700000] [id=7296]
  0x000002d1ae519d20 ConcurrentGCThread "G1 Main Marker" [stack: 0x000000f5f8d00000,0x000000f5f8e00000] [id=15716]
  0x000002d1ae51a640 ConcurrentGCThread "G1 Conc#0" [stack: 0x000000f5f8e00000,0x000000f5f8f00000] [id=15212]
  0x000002d1becd5060 ConcurrentGCThread "G1 Conc#1" [stack: 0x000000f5fa800000,0x000000f5fa900000] [id=11320]
  0x000002d1ae57da80 ConcurrentGCThread "G1 Refine#0" [stack: 0x000000f5f8f00000,0x000000f5f9000000] [id=11824]
  0x000002d1ae57eb60 ConcurrentGCThread "G1 Service" [stack: 0x000000f5f9000000,0x000000f5f9100000] [id=8244]

Threads with active compile tasks:

VM state: at safepoint (normal execution)

VM Mutex/Monitor currently owned by a thread:  ([mutex/lock_event])
[0x000002d1ac281340] Threads_lock - owner thread: 0x000002d1b93f3aa0
[0x000002d1ae4d1140] Heap_lock - owner thread: 0x000002d1be730fb0

Heap address: 0x00000000c0000000, size: 1024 MB, Compressed Oops mode: 32-bit

CDS archive(s) not mapped
Compressed class space mapped at: 0x0000000100000000-0x0000000140000000, reserved size: 1073741824
Narrow klass base: 0x0000000000000000, Narrow klass shift: 3, Narrow klass range: 0x140000000

GC Precious Log:
 CPUs: 8 total, 8 available
 Memory: 16051M
 Large Page Support: Disabled
 NUMA Support: Disabled
 Compressed Oops: Enabled (32-bit)
 Heap Region Size: 1M
 Heap Min Capacity: 8M
 Heap Initial Capacity: 252M
 Heap Max Capacity: 1G
 Pre-touch: Disabled
 Parallel Workers: 8
 Concurrent Workers: 2
 Concurrent Refinement Workers: 8
 Periodic GC: Disabled

Heap:
 garbage-first heap   total 70656K, used 29028K [0x00000000c0000000, 0x0000000100000000)
  region size 1024K, 1 young (1024K), 0 survivors (0K)
 Metaspace       used 57679K, committed 58112K, reserved 1114112K
  class space    used 7130K, committed 7296K, reserved 1048576K

Heap Regions: E=young(eden), S=young(survivor), O=old, HS=humongous(starts), HC=humongous(continues), CS=collection set, F=free, OA=open archive, CA=closed archive, TAMS=top-at-mark-start (previous, next)
|   0|0x00000000c0000000, 0x00000000c0100000, 0x00000000c0100000|100%| O|  |TAMS 0x00000000c0100000, 0x00000000c0000000| Untracked 
|   1|0x00000000c0100000, 0x00000000c0200000, 0x00000000c0200000|100%| O|  |TAMS 0x00000000c0200000, 0x00000000c0100000| Untracked 
|   2|0x00000000c0200000, 0x00000000c0300000, 0x00000000c0300000|100%| O|  |TAMS 0x00000000c0300000, 0x00000000c0200000| Untracked 
|   3|0x00000000c0300000, 0x00000000c03fffe8, 0x00000000c0400000| 99%| O|  |TAMS 0x00000000c03fffe8, 0x00000000c0300000| Untracked 
|   4|0x00000000c0400000, 0x00000000c0500000, 0x00000000c0500000|100%| O|  |TAMS 0x00000000c0500000, 0x00000000c0400000| Untracked 
|   5|0x00000000c0500000, 0x00000000c0600000, 0x00000000c0600000|100%| O|  |TAMS 0x00000000c0600000, 0x00000000c0500000| Untracked 
|   6|0x00000000c0600000, 0x00000000c06fffc0, 0x00000000c0700000| 99%| O|  |TAMS 0x00000000c06fffc0, 0x00000000c0600000| Untracked 
|   7|0x00000000c0700000, 0x00000000c07f9ae8, 0x00000000c0800000| 97%| O|  |TAMS 0x00000000c07f9ae8, 0x00000000c0700000| Untracked 
|   8|0x00000000c0800000, 0x00000000c0900000, 0x00000000c0900000|100%| O|  |TAMS 0x00000000c0900000, 0x00000000c0800000| Untracked 
|   9|0x00000000c0900000, 0x00000000c0a00000, 0x00000000c0a00000|100%| O|  |TAMS 0x00000000c0a00000, 0x00000000c0900000| Untracked 
|  10|0x00000000c0a00000, 0x00000000c0b00000, 0x00000000c0b00000|100%| O|  |TAMS 0x00000000c0b00000, 0x00000000c0a00000| Untracked 
|  11|0x00000000c0b00000, 0x00000000c0bfffd8, 0x00000000c0c00000| 99%| O|  |TAMS 0x00000000c0bfffd8, 0x00000000c0b00000| Untracked 
|  12|0x00000000c0c00000, 0x00000000c0cffff0, 0x00000000c0d00000| 99%| O|  |TAMS 0x00000000c0cffff0, 0x00000000c0c00000| Untracked 
|  13|0x00000000c0d00000, 0x00000000c0dffff8, 0x00000000c0e00000| 99%| O|  |TAMS 0x00000000c0dffff8, 0x00000000c0d00000| Untracked 
|  14|0x00000000c0e00000, 0x00000000c0efffe8, 0x00000000c0f00000| 99%| O|  |TAMS 0x00000000c0efffe8, 0x00000000c0e00000| Untracked 
|  15|0x00000000c0f00000, 0x00000000c1000000, 0x00000000c1000000|100%| O|  |TAMS 0x00000000c1000000, 0x00000000c0f00000| Untracked 
|  16|0x00000000c1000000, 0x00000000c10ffff8, 0x00000000c1100000| 99%| O|  |TAMS 0x00000000c10ffff8, 0x00000000c1000000| Untracked 
|  17|0x00000000c1100000, 0x00000000c11ffff8, 0x00000000c1200000| 99%| O|  |TAMS 0x00000000c11ffff8, 0x00000000c1100000| Untracked 
|  18|0x00000000c1200000, 0x00000000c12f9c68, 0x00000000c1300000| 97%| O|  |TAMS 0x00000000c12f9c68, 0x00000000c1200000| Untracked 
|  19|0x00000000c1300000, 0x00000000c13e6c58, 0x00000000c1400000| 90%| O|  |TAMS 0x00000000c1300000, 0x00000000c1300000| Untracked 
|  20|0x00000000c1400000, 0x00000000c14fef90, 0x00000000c1500000| 99%| O|  |TAMS 0x00000000c14fef90, 0x00000000c1400000| Untracked 
|  21|0x00000000c1500000, 0x00000000c15ffff8, 0x00000000c1600000| 99%| O|  |TAMS 0x00000000c15ffff8, 0x00000000c1500000| Untracked 
|  22|0x00000000c1600000, 0x00000000c1700000, 0x00000000c1700000|100%|HS|  |TAMS 0x00000000c1700000, 0x00000000c1600000| Untracked 
|  23|0x00000000c1700000, 0x00000000c17fffb8, 0x00000000c1800000| 99%| O|  |TAMS 0x00000000c17fffb8, 0x00000000c1700000| Untracked 
|  24|0x00000000c1800000, 0x00000000c18ffff8, 0x00000000c1900000| 99%| O|  |TAMS 0x00000000c18ffff8, 0x00000000c1800000| Untracked 
|  25|0x00000000c1900000, 0x00000000c19ffed8, 0x00000000c1a00000| 99%| O|  |TAMS 0x00000000c19ffed8, 0x00000000c1900000| Untracked 
|  26|0x00000000c1a00000, 0x00000000c1afe2c0, 0x00000000c1b00000| 99%| O|  |TAMS 0x00000000c1afe2c0, 0x00000000c1a00000| Untracked 
|  27|0x00000000c1b00000, 0x00000000c1bfebb8, 0x00000000c1c00000| 99%| O|  |TAMS 0x00000000c1bfebb8, 0x00000000c1b00000| Untracked 
|  28|0x00000000c1c00000, 0x00000000c1c832e0, 0x00000000c1d00000| 51%| O|  |TAMS 0x00000000c1c00000, 0x00000000c1c00000| Untracked 
|  29|0x00000000c1d00000, 0x00000000c1d00000, 0x00000000c1e00000|  0%| F|  |TAMS 0x00000000c1d00000, 0x00000000c1d00000| Untracked 
|  30|0x00000000c1e00000, 0x00000000c1e00000, 0x00000000c1f00000|  0%| F|  |TAMS 0x00000000c1e00000, 0x00000000c1e00000| Untracked 
|  31|0x00000000c1f00000, 0x00000000c1f00000, 0x00000000c2000000|  0%| F|  |TAMS 0x00000000c1f00000, 0x00000000c1f00000| Untracked 
|  32|0x00000000c2000000, 0x00000000c2000000, 0x00000000c2100000|  0%| F|  |TAMS 0x00000000c2000000, 0x00000000c2000000| Untracked 
|  33|0x00000000c2100000, 0x00000000c2100000, 0x00000000c2200000|  0%| F|  |TAMS 0x00000000c2100000, 0x00000000c2100000| Untracked 
|  34|0x00000000c2200000, 0x00000000c2200000, 0x00000000c2300000|  0%| F|  |TAMS 0x00000000c2200000, 0x00000000c2200000| Untracked 
|  35|0x00000000c2300000, 0x00000000c2300000, 0x00000000c2400000|  0%| F|  |TAMS 0x00000000c2300000, 0x00000000c2300000| Untracked 
|  36|0x00000000c2400000, 0x00000000c2400000, 0x00000000c2500000|  0%| F|  |TAMS 0x00000000c2400000, 0x00000000c2400000| Untracked 
|  37|0x00000000c2500000, 0x00000000c2500000, 0x00000000c2600000|  0%| F|  |TAMS 0x00000000c2500000, 0x00000000c2500000| Untracked 
|  38|0x00000000c2600000, 0x00000000c2600000, 0x00000000c2700000|  0%| F|  |TAMS 0x00000000c2600000, 0x00000000c2600000| Untracked 
|  39|0x00000000c2700000, 0x00000000c2700000, 0x00000000c2800000|  0%| F|  |TAMS 0x00000000c2700000, 0x00000000c2700000| Untracked 
|  40|0x00000000c2800000, 0x00000000c2800000, 0x00000000c2900000|  0%| F|  |TAMS 0x00000000c2800000, 0x00000000c2800000| Untracked 
|  41|0x00000000c2900000, 0x00000000c2900000, 0x00000000c2a00000|  0%| F|  |TAMS 0x00000000c2900000, 0x00000000c2900000| Untracked 
|  42|0x00000000c2a00000, 0x00000000c2a00000, 0x00000000c2b00000|  0%| F|  |TAMS 0x00000000c2a00000, 0x00000000c2a00000| Untracked 
|  43|0x00000000c2b00000, 0x00000000c2b00000, 0x00000000c2c00000|  0%| F|  |TAMS 0x00000000c2b00000, 0x00000000c2b00000| Untracked 
|  44|0x00000000c2c00000, 0x00000000c2c00000, 0x00000000c2d00000|  0%| F|  |TAMS 0x00000000c2c00000, 0x00000000c2c00000| Untracked 
|  45|0x00000000c2d00000, 0x00000000c2d00000, 0x00000000c2e00000|  0%| F|  |TAMS 0x00000000c2d00000, 0x00000000c2d00000| Untracked 
|  46|0x00000000c2e00000, 0x00000000c2e00000, 0x00000000c2f00000|  0%| F|  |TAMS 0x00000000c2e00000, 0x00000000c2e00000| Untracked 
|  47|0x00000000c2f00000, 0x00000000c2f00000, 0x00000000c3000000|  0%| F|  |TAMS 0x00000000c2f00000, 0x00000000c2f00000| Untracked 
|  48|0x00000000c3000000, 0x00000000c3000000, 0x00000000c3100000|  0%| F|  |TAMS 0x00000000c3000000, 0x00000000c3000000| Untracked 
|  49|0x00000000c3100000, 0x00000000c3100000, 0x00000000c3200000|  0%| F|  |TAMS 0x00000000c3100000, 0x00000000c3100000| Untracked 
|  50|0x00000000c3200000, 0x00000000c3200000, 0x00000000c3300000|  0%| F|  |TAMS 0x00000000c3200000, 0x00000000c3200000| Untracked 
|  51|0x00000000c3300000, 0x00000000c3300000, 0x00000000c3400000|  0%| F|  |TAMS 0x00000000c3300000, 0x00000000c3300000| Untracked 
|  52|0x00000000c3400000, 0x00000000c3400000, 0x00000000c3500000|  0%| F|  |TAMS 0x00000000c3400000, 0x00000000c3400000| Untracked 
|  53|0x00000000c3500000, 0x00000000c3500000, 0x00000000c3600000|  0%| F|  |TAMS 0x00000000c3500000, 0x00000000c3500000| Untracked 
|  54|0x00000000c3600000, 0x00000000c3600000, 0x00000000c3700000|  0%| F|  |TAMS 0x00000000c3600000, 0x00000000c3600000| Untracked 
|  55|0x00000000c3700000, 0x00000000c3700000, 0x00000000c3800000|  0%| F|  |TAMS 0x00000000c3700000, 0x00000000c3700000| Untracked 
|  56|0x00000000c3800000, 0x00000000c3800000, 0x00000000c3900000|  0%| F|  |TAMS 0x00000000c3800000, 0x00000000c3800000| Untracked 
|  57|0x00000000c3900000, 0x00000000c3900000, 0x00000000c3a00000|  0%| F|  |TAMS 0x00000000c3900000, 0x00000000c3900000| Untracked 
|  58|0x00000000c3a00000, 0x00000000c3a00000, 0x00000000c3b00000|  0%| F|  |TAMS 0x00000000c3a00000, 0x00000000c3a00000| Untracked 
|  59|0x00000000c3b00000, 0x00000000c3b00000, 0x00000000c3c00000|  0%| F|  |TAMS 0x00000000c3b00000, 0x00000000c3b00000| Untracked 
| 216|0x00000000cd800000, 0x00000000cd800000, 0x00000000cd900000|  0%| F|  |TAMS 0x00000000cd800000, 0x00000000cd800000| Untracked 
| 217|0x00000000cd900000, 0x00000000cd900000, 0x00000000cda00000|  0%| F|  |TAMS 0x00000000cd900000, 0x00000000cd900000| Untracked 
| 218|0x00000000cda00000, 0x00000000cda00000, 0x00000000cdb00000|  0%| F|  |TAMS 0x00000000cda00000, 0x00000000cda00000| Untracked 
| 219|0x00000000cdb00000, 0x00000000cdb00000, 0x00000000cdc00000|  0%| F|  |TAMS 0x00000000cdb00000, 0x00000000cdb00000| Untracked 
| 220|0x00000000cdc00000, 0x00000000cdc00000, 0x00000000cdd00000|  0%| F|  |TAMS 0x00000000cdc00000, 0x00000000cdc00000| Untracked 
| 248|0x00000000cf800000, 0x00000000cf800000, 0x00000000cf900000|  0%| F|  |TAMS 0x00000000cf800000, 0x00000000cf800000| Untracked 
| 249|0x00000000cf900000, 0x00000000cf900000, 0x00000000cfa00000|  0%| F|  |TAMS 0x00000000cf900000, 0x00000000cf900000| Untracked 
| 250|0x00000000cfa00000, 0x00000000cfa00000, 0x00000000cfb00000|  0%| F|  |TAMS 0x00000000cfa00000, 0x00000000cfa00000| Untracked 
| 251|0x00000000cfb00000, 0x00000000cfb07950, 0x00000000cfc00000|  2%| E|  |TAMS 0x00000000cfb00000, 0x00000000cfb00000| Complete 

Card table byte_map: [0x000002d1b4560000,0x000002d1b4760000] _byte_map_base: 0x000002d1b3f60000

Marking Bits (Prev, Next): (CMBitMap*) 0x000002d1ae511430, (CMBitMap*) 0x000002d1ae5113f0
 Prev Bits: [0x000002d1b5960000, 0x000002d1b6960000)
 Next Bits: [0x000002d1b4960000, 0x000002d1b5960000)

Polling page: 0x000002d1adc80000

Metaspace:

Usage:
  Non-class:     49.36 MB used.
      Class:      6.96 MB used.
       Both:     56.33 MB used.

Virtual space:
  Non-class space:       64.00 MB reserved,      49.62 MB ( 78%) committed,  1 nodes.
      Class space:        1.00 GB reserved,       7.12 MB ( <1%) committed,  1 nodes.
             Both:        1.06 GB reserved,      56.75 MB (  5%) committed. 

Chunk freelists:
   Non-Class:  13.68 MB
       Class:  8.90 MB
        Both:  22.58 MB

MaxMetaspaceSize: unlimited
CompressedClassSpaceSize: 1.00 GB
Initial GC threshold: 21.00 MB
Current GC threshold: 94.62 MB
CDS: off
MetaspaceReclaimPolicy: balanced
 - commit_granule_bytes: 65536.
 - commit_granule_words: 8192.
 - virtual_space_node_default_size: 8388608.
 - enlarge_chunks_in_place: 1.
 - new_chunks_are_fully_committed: 0.
 - uncommit_free_chunks: 1.
 - use_allocation_guard: 0.
 - handle_deallocations: 1.


Internal statistics:

num_allocs_failed_limit: 13.
num_arena_births: 710.
num_arena_deaths: 280.
num_vsnodes_births: 2.
num_vsnodes_deaths: 0.
num_space_committed: 908.
num_space_uncommitted: 0.
num_chunks_returned_to_freelist: 341.
num_chunks_taken_from_freelist: 2610.
num_chunk_merges: 109.
num_chunk_splits: 1755.
num_chunks_enlarged: 1332.
num_inconsistent_stats: 0.

CodeCache: size=49152Kb used=11363Kb max_used=12932Kb free=37788Kb
 bounds [0x000002d1b1140000, 0x000002d1b1e30000, 0x000002d1b4140000]
 total_blobs=6864 nmethods=6194 adapters=597
 compilation: enabled
              stopped_count=0, restarted_count=0
 full_count=0

Compilation events (20 events):
Event: 3451.177 Thread 0x000002d1b9449990 6183       1       java.lang.ProcessHandleImpl::getInternal (13 bytes)
Event: 3451.177 Thread 0x000002d1b9449990 nmethod 6183 0x000002d1b1b29790 code [0x000002d1b1b29920, 0x000002d1b1b29a88]
Event: 3451.261 Thread 0x000002d1b9449990 6184   !   1       java.io.FilterOutputStream::close (183 bytes)
Event: 3451.300 Thread 0x000002d1b9449990 nmethod 6184 0x000002d1b1b28610 code [0x000002d1b1b28820, 0x000002d1b1b28cf8]
Event: 3451.300 Thread 0x000002d1b9449990 6189       1       java.lang.ProcessImpl$$Lambda$845/0x00000001005ac6e0::run (8 bytes)
Event: 3451.300 Thread 0x000002d1b9449990 nmethod 6189 0x000002d1b1b28310 code [0x000002d1b1b284a0, 0x000002d1b1b28588]
Event: 3451.300 Thread 0x000002d1b9449990 6190       1       java.lang.ProcessImpl::lambda$new$0 (6 bytes)
Event: 3451.301 Thread 0x000002d1b9449990 nmethod 6190 0x000002d1b1b28010 code [0x000002d1b1b281a0, 0x000002d1b1b28268]
Event: 3451.301 Thread 0x000002d1b9449990 6185   !   1       java.io.FileOutputStream::close (69 bytes)
Event: 3451.301 Thread 0x000002d1b9449990 nmethod 6185 0x000002d1b1b27990 code [0x000002d1b1b27b60, 0x000002d1b1b27ed8]
Event: 3451.301 Thread 0x000002d1b9449990 6186       1       java.io.FileOutputStream$1::<init> (10 bytes)
Event: 3451.301 Thread 0x000002d1b9449990 nmethod 6186 0x000002d1b1b27690 code [0x000002d1b1b27820, 0x000002d1b1b27938]
Event: 3451.301 Thread 0x000002d1b9449990 6187       1       java.io.FileOutputStream$1::close (11 bytes)
Event: 3451.301 Thread 0x000002d1b9449990 nmethod 6187 0x000002d1b1b27010 code [0x000002d1b1b271c0, 0x000002d1b1b274d8]
Event: 4748.111 Thread 0x000002d1b9449990 6192       1       java.lang.ProcessImpl$2::run (242 bytes)
Event: 4748.113 Thread 0x000002d1b9449990 nmethod 6192 0x000002d1b1b25590 code [0x000002d1b1b25840, 0x000002d1b1b265d8]
Event: 4748.113 Thread 0x000002d1b9449990 6193       1       java.io.BufferedOutputStream::<init> (9 bytes)
Event: 4748.114 Thread 0x000002d1b9449990 nmethod 6193 0x000002d1b1b25010 code [0x000002d1b1b251a0, 0x000002d1b1b25478]
Event: 4748.114 Thread 0x000002d1b9449990 6194       1       java.lang.ProcessImpl::waitFor (136 bytes)
Event: 4748.114 Thread 0x000002d1b9449990 nmethod 6194 0x000002d1b1b24790 code [0x000002d1b1b249a0, 0x000002d1b1b24db8]

GC Heap History (20 events):
Event: 6350.328 GC heap before
{Heap before GC invocations=559 (full 541):
 garbage-first heap   total 70656K, used 29028K [0x00000000c0000000, 0x0000000100000000)
  region size 1024K, 1 young (1024K), 0 survivors (0K)
 Metaspace       used 57679K, committed 58112K, reserved 1114112K
  class space    used 7130K, committed 7296K, reserved 1048576K
}
Event: 6350.350 GC heap after
{Heap after GC invocations=560 (full 542):
 garbage-first heap   total 70656K, used 29028K [0x00000000c0000000, 0x0000000100000000)
  region size 1024K, 0 young (0K), 0 survivors (0K)
 Metaspace       used 57679K, committed 58112K, reserved 1114112K
  class space    used 7130K, committed 7296K, reserved 1048576K
}
Event: 6360.454 GC heap before
{Heap before GC invocations=560 (full 542):
 garbage-first heap   total 70656K, used 29028K [0x00000000c0000000, 0x0000000100000000)
  region size 1024K, 1 young (1024K), 0 survivors (0K)
 Metaspace       used 57679K, committed 58112K, reserved 1114112K
  class space    used 7130K, committed 7296K, reserved 1048576K
}
Event: 6360.477 GC heap after
{Heap after GC invocations=561 (full 543):
 garbage-first heap   total 70656K, used 29028K [0x00000000c0000000, 0x0000000100000000)
  region size 1024K, 0 young (0K), 0 survivors (0K)
 Metaspace       used 57679K, committed 58112K, reserved 1114112K
  class space    used 7130K, committed 7296K, reserved 1048576K
}
Event: 6370.569 GC heap before
{Heap before GC invocations=561 (full 543):
 garbage-first heap   total 70656K, used 29028K [0x00000000c0000000, 0x0000000100000000)
  region size 1024K, 1 young (1024K), 0 survivors (0K)
 Metaspace       used 57679K, committed 58112K, reserved 1114112K
  class space    used 7130K, committed 7296K, reserved 1048576K
}
Event: 6370.590 GC heap after
{Heap after GC invocations=562 (full 544):
 garbage-first heap   total 70656K, used 29028K [0x00000000c0000000, 0x0000000100000000)
  region size 1024K, 0 young (0K), 0 survivors (0K)
 Metaspace       used 57679K, committed 58112K, reserved 1114112K
  class space    used 7130K, committed 7296K, reserved 1048576K
}
Event: 6380.703 GC heap before
{Heap before GC invocations=562 (full 544):
 garbage-first heap   total 70656K, used 29028K [0x00000000c0000000, 0x0000000100000000)
  region size 1024K, 1 young (1024K), 0 survivors (0K)
 Metaspace       used 57679K, committed 58112K, reserved 1114112K
  class space    used 7130K, committed 7296K, reserved 1048576K
}
Event: 6380.725 GC heap after
{Heap after GC invocations=563 (full 545):
 garbage-first heap   total 70656K, used 29028K [0x00000000c0000000, 0x0000000100000000)
  region size 1024K, 0 young (0K), 0 survivors (0K)
 Metaspace       used 57679K, committed 58112K, reserved 1114112K
  class space    used 7130K, committed 7296K, reserved 1048576K
}
Event: 6390.842 GC heap before
{Heap before GC invocations=563 (full 545):
 garbage-first heap   total 70656K, used 29028K [0x00000000c0000000, 0x0000000100000000)
  region size 1024K, 1 young (1024K), 0 survivors (0K)
 Metaspace       used 57679K, committed 58112K, reserved 1114112K
  class space    used 7130K, committed 7296K, reserved 1048576K
}
Event: 6390.867 GC heap after
{Heap after GC invocations=564 (full 546):
 garbage-first heap   total 70656K, used 29028K [0x00000000c0000000, 0x0000000100000000)
  region size 1024K, 0 young (0K), 0 survivors (0K)
 Metaspace       used 57679K, committed 58112K, reserved 1114112K
  class space    used 7130K, committed 7296K, reserved 1048576K
}
Event: 6400.972 GC heap before
{Heap before GC invocations=564 (full 546):
 garbage-first heap   total 70656K, used 29028K [0x00000000c0000000, 0x0000000100000000)
  region size 1024K, 1 young (1024K), 0 survivors (0K)
 Metaspace       used 57679K, committed 58112K, reserved 1114112K
  class space    used 7130K, committed 7296K, reserved 1048576K
}
Event: 6400.999 GC heap after
{Heap after GC invocations=565 (full 547):
 garbage-first heap   total 70656K, used 29028K [0x00000000c0000000, 0x0000000100000000)
  region size 1024K, 0 young (0K), 0 survivors (0K)
 Metaspace       used 57679K, committed 58112K, reserved 1114112K
  class space    used 7130K, committed 7296K, reserved 1048576K
}
Event: 6411.094 GC heap before
{Heap before GC invocations=565 (full 547):
 garbage-first heap   total 70656K, used 29028K [0x00000000c0000000, 0x0000000100000000)
  region size 1024K, 1 young (1024K), 0 survivors (0K)
 Metaspace       used 57679K, committed 58112K, reserved 1114112K
  class space    used 7130K, committed 7296K, reserved 1048576K
}
Event: 6411.120 GC heap after
{Heap after GC invocations=566 (full 548):
 garbage-first heap   total 70656K, used 29028K [0x00000000c0000000, 0x0000000100000000)
  region size 1024K, 0 young (0K), 0 survivors (0K)
 Metaspace       used 57679K, committed 58112K, reserved 1114112K
  class space    used 7130K, committed 7296K, reserved 1048576K
}
Event: 6421.240 GC heap before
{Heap before GC invocations=566 (full 548):
 garbage-first heap   total 70656K, used 29028K [0x00000000c0000000, 0x0000000100000000)
  region size 1024K, 1 young (1024K), 0 survivors (0K)
 Metaspace       used 57679K, committed 58112K, reserved 1114112K
  class space    used 7130K, committed 7296K, reserved 1048576K
}
Event: 6421.283 GC heap after
{Heap after GC invocations=567 (full 549):
 garbage-first heap   total 70656K, used 29028K [0x00000000c0000000, 0x0000000100000000)
  region size 1024K, 0 young (0K), 0 survivors (0K)
 Metaspace       used 57679K, committed 58112K, reserved 1114112K
  class space    used 7130K, committed 7296K, reserved 1048576K
}
Event: 6431.408 GC heap before
{Heap before GC invocations=567 (full 549):
 garbage-first heap   total 70656K, used 29028K [0x00000000c0000000, 0x0000000100000000)
  region size 1024K, 1 young (1024K), 0 survivors (0K)
 Metaspace       used 57679K, committed 58112K, reserved 1114112K
  class space    used 7130K, committed 7296K, reserved 1048576K
}
Event: 6431.440 GC heap after
{Heap after GC invocations=568 (full 550):
 garbage-first heap   total 70656K, used 29028K [0x00000000c0000000, 0x0000000100000000)
  region size 1024K, 0 young (0K), 0 survivors (0K)
 Metaspace       used 57679K, committed 58112K, reserved 1114112K
  class space    used 7130K, committed 7296K, reserved 1048576K
}
Event: 6441.582 GC heap before
{Heap before GC invocations=568 (full 550):
 garbage-first heap   total 70656K, used 29028K [0x00000000c0000000, 0x0000000100000000)
  region size 1024K, 1 young (1024K), 0 survivors (0K)
 Metaspace       used 57679K, committed 58112K, reserved 1114112K
  class space    used 7130K, committed 7296K, reserved 1048576K
}
Event: 6441.609 GC heap after
{Heap after GC invocations=569 (full 551):
 garbage-first heap   total 70656K, used 29028K [0x00000000c0000000, 0x0000000100000000)
  region size 1024K, 0 young (0K), 0 survivors (0K)
 Metaspace       used 57679K, committed 58112K, reserved 1114112K
  class space    used 7130K, committed 7296K, reserved 1048576K
}

Dll operation events (9 events):
Event: 0.023 Loaded shared library c:\Users\HP\.vscode\extensions\redhat.java-1.23.0-win32-x64\jre\17.0.8.1-win32-x86_64\bin\java.dll
Event: 1.114 Loaded shared library C:\Users\HP\.vscode\extensions\redhat.java-1.23.0-win32-x64\jre\17.0.8.1-win32-x86_64\bin\net.dll
Event: 1.117 Loaded shared library C:\Users\HP\.vscode\extensions\redhat.java-1.23.0-win32-x64\jre\17.0.8.1-win32-x86_64\bin\nio.dll
Event: 1.169 Loaded shared library C:\Users\HP\.vscode\extensions\redhat.java-1.23.0-win32-x64\jre\17.0.8.1-win32-x86_64\bin\zip.dll
Event: 2.546 Loaded shared library C:\Users\HP\.vscode\extensions\redhat.java-1.23.0-win32-x64\jre\17.0.8.1-win32-x86_64\bin\jimage.dll
Event: 6.767 Loaded shared library c:\Users\HP\.vscode\extensions\redhat.java-1.23.0-win32-x64\jre\17.0.8.1-win32-x86_64\bin\verify.dll
Event: 7.325 Loaded shared library C:\Users\HP\.vscode\extensions\redhat.java-1.23.0-win32-x64\jre\17.0.8.1-win32-x86_64\bin\management.dll
Event: 7.327 Loaded shared library C:\Users\HP\.vscode\extensions\redhat.java-1.23.0-win32-x64\jre\17.0.8.1-win32-x86_64\bin\management_ext.dll
Event: 8.406 Loaded shared library C:\Users\HP\.vscode\extensions\redhat.java-1.23.0-win32-x64\jre\17.0.8.1-win32-x86_64\bin\sunmscapi.dll

Deoptimization events (18 events):
Event: 5.428 Thread 0x000002d1ae4d2d00 DEOPT PACKING pc=0x000002d1b1753e19 sp=0x000000f5f8bfd6f0
Event: 5.428 Thread 0x000002d1ae4d2d00 DEOPT UNPACKING pc=0x000002d1b119ace3 sp=0x000000f5f8bfcbd0 mode 3
Event: 5.791 Thread 0x000002d1ae4d2d00 DEOPT PACKING pc=0x000002d1b17c88d5 sp=0x000000f5f8bfedd0
Event: 5.791 Thread 0x000002d1ae4d2d00 DEOPT UNPACKING pc=0x000002d1b119ace3 sp=0x000000f5f8bfe278 mode 3
Event: 7.566 Thread 0x000002d1bf3d1d00 DEOPT PACKING pc=0x000002d1b1956fb5 sp=0x000000f5facfe290
Event: 7.566 Thread 0x000002d1bf3d1d00 DEOPT UNPACKING pc=0x000002d1b119ace3 sp=0x000000f5facfd7b8 mode 3
Event: 7.578 Thread 0x000002d1bf1be030 DEOPT PACKING pc=0x000002d1b16fd881 sp=0x000000f5fabfd8d0
Event: 7.578 Thread 0x000002d1bf1be030 DEOPT UNPACKING pc=0x000002d1b119ace3 sp=0x000000f5fabfcd60 mode 3
Event: 7.588 Thread 0x000002d1bf3d1d00 DEOPT PACKING pc=0x000002d1b16dff17 sp=0x000000f5facff2c0
Event: 7.588 Thread 0x000002d1bf3d1d00 DEOPT UNPACKING pc=0x000002d1b119ace3 sp=0x000000f5facfe718 mode 3
Event: 8.463 Thread 0x000002d1bf442960 DEOPT PACKING pc=0x000002d1b144758c sp=0x000000f5fb4fac10
Event: 8.463 Thread 0x000002d1bf442960 DEOPT UNPACKING pc=0x000002d1b119ace3 sp=0x000000f5fb4fa0d8 mode 0
Event: 127.317 Thread 0x000002d1bf1be030 DEOPT PACKING pc=0x000002d1b17d2a54 sp=0x000000f5fabfebe0
Event: 127.317 Thread 0x000002d1bf1be030 DEOPT UNPACKING pc=0x000002d1b119ace3 sp=0x000000f5fabfe088 mode 0
Event: 175.104 Thread 0x000002d1bf933b90 DEOPT PACKING pc=0x000002d1b1331f6e sp=0x000000f5f9bfd7b0
Event: 175.104 Thread 0x000002d1bf933b90 DEOPT UNPACKING pc=0x000002d1b119ace3 sp=0x000000f5f9bfcca8 mode 3
Event: 1116.010 Thread 0x000002d1bf932240 DEOPT PACKING pc=0x000002d1b12fb6cf sp=0x000000f5f9cfe2c0
Event: 1116.010 Thread 0x000002d1bf932240 DEOPT UNPACKING pc=0x000002d1b119ace3 sp=0x000000f5f9cfd7b0 mode 3

Classes unloaded (20 events):
Event: 227.883 Thread 0x000002d1b93f3aa0 Unloading class 0x0000000100705400 'java/lang/invoke/LambdaForm$MH+0x0000000100705400'
Event: 227.883 Thread 0x000002d1b93f3aa0 Unloading class 0x0000000100705000 'java/lang/invoke/LambdaForm$MH+0x0000000100705000'
Event: 227.883 Thread 0x000002d1b93f3aa0 Unloading class 0x0000000100704c00 'java/lang/invoke/LambdaForm$MH+0x0000000100704c00'
Event: 227.883 Thread 0x000002d1b93f3aa0 Unloading class 0x0000000100704800 'java/lang/invoke/LambdaForm$MH+0x0000000100704800'
Event: 227.883 Thread 0x000002d1b93f3aa0 Unloading class 0x0000000100704400 'java/lang/invoke/LambdaForm$MH+0x0000000100704400'
Event: 227.883 Thread 0x000002d1b93f3aa0 Unloading class 0x0000000100704000 'java/lang/invoke/LambdaForm$MH+0x0000000100704000'
Event: 227.883 Thread 0x000002d1b93f3aa0 Unloading class 0x0000000100572800 'java/lang/invoke/LambdaForm$MH+0x0000000100572800'
Event: 227.883 Thread 0x000002d1b93f3aa0 Unloading class 0x0000000100573000 'java/lang/invoke/LambdaForm$MH+0x0000000100573000'
Event: 227.883 Thread 0x000002d1b93f3aa0 Unloading class 0x000000010059c400 'java/lang/invoke/LambdaForm$MH+0x000000010059c400'
Event: 1168.667 Thread 0x000002d1b93f3aa0 Unloading class 0x0000000100713400 'java/lang/invoke/LambdaForm$MH+0x0000000100713400'
Event: 1168.667 Thread 0x000002d1b93f3aa0 Unloading class 0x0000000100713000 'java/lang/invoke/LambdaForm$MH+0x0000000100713000'
Event: 1168.667 Thread 0x000002d1b93f3aa0 Unloading class 0x0000000100712c00 'java/lang/invoke/LambdaForm$MH+0x0000000100712c00'
Event: 1168.667 Thread 0x000002d1b93f3aa0 Unloading class 0x0000000100711400 'java/lang/invoke/LambdaForm$MH+0x0000000100711400'
Event: 1168.667 Thread 0x000002d1b93f3aa0 Unloading class 0x0000000100711000 'java/lang/invoke/LambdaForm$MH+0x0000000100711000'
Event: 1168.667 Thread 0x000002d1b93f3aa0 Unloading class 0x0000000100710c00 'java/lang/invoke/LambdaForm$MH+0x0000000100710c00'
Event: 1168.667 Thread 0x000002d1b93f3aa0 Unloading class 0x0000000100710800 'java/lang/invoke/LambdaForm$MH+0x0000000100710800'
Event: 1168.667 Thread 0x000002d1b93f3aa0 Unloading class 0x0000000100710400 'java/lang/invoke/LambdaForm$MH+0x0000000100710400'
Event: 1168.667 Thread 0x000002d1b93f3aa0 Unloading class 0x0000000100710000 'java/lang/invoke/LambdaForm$MH+0x0000000100710000'
Event: 1168.667 Thread 0x000002d1b93f3aa0 Unloading class 0x0000000100709c00 'java/lang/invoke/LambdaForm$MH+0x0000000100709c00'
Event: 1168.667 Thread 0x000002d1b93f3aa0 Unloading class 0x0000000100709800 'java/lang/invoke/LambdaForm$MH+0x0000000100709800'

Classes redefined (0 events):
No events

Internal exceptions (20 events):
Event: 8.366 Thread 0x000002d1bf442960 Exception <a 'java/lang/NoSuchMethodError'{0x00000000c31c8e60}: 'java.lang.Object java.lang.invoke.DirectMethodHandle$Holder.newInvokeSpecial(java.lang.Object, java.lang.Object, int)'> (0x00000000c31c8e60) 
thrown [s\src\hotspot\share\interpreter\linkResolver.cpp, line 759]
Event: 8.460 Thread 0x000002d1bf442960 Exception <a 'sun/nio/fs/WindowsException'{0x00000000cfbcff50}> (0x00000000cfbcff50) 
thrown [s\src\hotspot\share\prims\jni.cpp, line 516]
Event: 107.323 Thread 0x000002d1be730fb0 Exception <a 'java/lang/NoSuchMethodError'{0x00000000c35d30c8}: 'void java.lang.invoke.DirectMethodHandle$Holder.invokeStatic(java.lang.Object, long)'> (0x00000000c35d30c8) 
thrown [s\src\hotspot\share\interpreter\linkResolver.cpp, line 759]
Event: 107.323 Thread 0x000002d1be730fb0 Exception <a 'java/lang/NoSuchMethodError'{0x00000000c35d8470}: 'java.lang.Object java.lang.invoke.DirectMethodHandle$Holder.newInvokeSpecial(java.lang.Object, long)'> (0x00000000c35d8470) 
thrown [s\src\hotspot\share\interpreter\linkResolver.cpp, line 759]
Event: 173.842 Thread 0x000002d1bf1be030 Exception <a 'java/lang/NoSuchMethodError'{0x00000000cdb6a218}: 'java.lang.Object java.lang.invoke.DirectMethodHandle$Holder.invokeStatic(java.lang.Object, java.lang.Object, java.lang.Object, int, java.lang.Object, java.lang.Object)'> (0x00000000cdb6a218) 
thrown [s\src\hotspot\share\interpreter\linkResolver.cpp, line 759]
Event: 174.257 Thread 0x000002d1bf92ea90 Exception <a 'java/lang/NoSuchMethodError'{0x00000000cf97ff48}: 'java.lang.Object java.lang.invoke.Invokers$Holder.invoke_MT(java.lang.Object, java.lang.Object, java.lang.Object)'> (0x00000000cf97ff48) 
thrown [s\src\hotspot\share\interpreter\linkResolver.cpp, line 759]
Event: 174.407 Thread 0x000002d1bf930e00 Exception <a 'java/lang/NoSuchMethodError'{0x00000000c31f6ed0}: 'java.lang.Object java.lang.invoke.DirectMethodHandle$Holder.newInvokeSpecial(java.lang.Object, java.lang.Object, java.lang.Object, java.lang.Object, java.lang.Object, long)'> (0x00000000c31f6ed0) 
thrown [s\src\hotspot\share\interpreter\linkResolver.cpp, line 759]
Event: 174.408 Thread 0x000002d1bf930e00 Exception <a 'java/lang/NoSuchMethodError'{0x00000000c31fb540}: 'java.lang.Object java.lang.invoke.DirectMethodHandle$Holder.invokeSpecial(java.lang.Object, java.lang.Object, java.lang.Object, java.lang.Object, java.lang.Object, java.lang.Object, long)'> (0x00000000c31fb540) 
thrown [s\src\hotspot\share\interpreter\linkResolver.cpp, line 759]
Event: 174.901 Thread 0x000002d1bf933b90 Exception <a 'java/lang/IncompatibleClassChangeError'{0x00000000cd845ce0}: Found class java.lang.Object, but interface was expected> (0x00000000cd845ce0) 
thrown [s\src\hotspot\share\interpreter\linkResolver.cpp, line 826]
Event: 174.901 Thread 0x000002d1bf92ea90 Exception <a 'java/lang/IncompatibleClassChangeError'{0x00000000cd821550}: Found class java.lang.Object, but interface was expected> (0x00000000cd821550) 
thrown [s\src\hotspot\share\interpreter\linkResolver.cpp, line 826]
Event: 175.013 Thread 0x000002d1bf92ea90 Exception <a 'java/lang/NoSuchMethodError'{0x00000000c37f89a0}: 'int java.lang.invoke.DirectMethodHandle$Holder.invokeSpecialIFC(java.lang.Object, java.lang.Object, java.lang.Object)'> (0x00000000c37f89a0) 
thrown [s\src\hotspot\share\interpreter\linkResolver.cpp, line 759]
Event: 175.013 Thread 0x000002d1bf933b90 Exception <a 'java/lang/NoSuchMethodError'{0x00000000c367c798}: 'int java.lang.invoke.DirectMethodHandle$Holder.invokeSpecialIFC(java.lang.Object, java.lang.Object, java.lang.Object)'> (0x00000000c367c798) 
thrown [s\src\hotspot\share\interpreter\linkResolver.cpp, line 759]
Event: 175.104 Thread 0x000002d1bf933b90 Implicit null exception at 0x000002d1b1331d44 to 0x000002d1b1331f69
Event: 175.419 Thread 0x000002d1bf9340a0 Exception <a 'java/lang/NoSuchMethodError'{0x00000000c36620f0}: 'int java.lang.invoke.DirectMethodHandle$Holder.invokeStatic(java.lang.Object, int, int, int, java.lang.Object)'> (0x00000000c36620f0) 
thrown [s\src\hotspot\share\interpreter\linkResolver.cpp, line 759]
Event: 175.420 Thread 0x000002d1bf9303e0 Exception <a 'java/lang/NoSuchMethodError'{0x00000000c366dc70}: 'java.lang.Object java.lang.invoke.DirectMethodHandle$Holder.invokeSpecial(java.lang.Object, java.lang.Object, int, int, int)'> (0x00000000c366dc70) 
thrown [s\src\hotspot\share\interpreter\linkResolver.cpp, line 759]
Event: 175.420 Thread 0x000002d1bf9340a0 Exception <a 'java/lang/NoSuchMethodError'{0x00000000c3673020}: 'java.lang.Object java.lang.invoke.Invokers$Holder.linkToTargetMethod(int, int, int, java.lang.Object)'> (0x00000000c3673020) 
thrown [s\src\hotspot\share\interpreter\linkResolver.cpp, line 759]
Event: 310.023 Thread 0x000002d1bf441010 Exception <a 'java/io/IOException'{0x00000000cfb62fd0}> (0x00000000cfb62fd0) 
thrown [s\src\hotspot\share\prims\jni.cpp, line 516]
Event: 311.190 Thread 0x000002d1bf441a30 Exception <a 'java/io/IOException'{0x00000000cfb6cd68}> (0x00000000cfb6cd68) 
thrown [s\src\hotspot\share\prims\jni.cpp, line 516]
Event: 312.341 Thread 0x000002d1bf931820 Exception <a 'java/io/IOException'{0x00000000cfb7b440}> (0x00000000cfb7b440) 
thrown [s\src\hotspot\share\prims\jni.cpp, line 516]
Event: 1116.010 Thread 0x000002d1bf932240 Implicit null exception at 0x000002d1b12fb110 to 0x000002d1b12fb6ca

VM Operations (20 events):
Event: 6350.350 Executing VM operation: G1CollectFull done
Event: 6360.454 Executing VM operation: G1CollectFull
Event: 6360.477 Executing VM operation: G1CollectFull done
Event: 6370.568 Executing VM operation: G1CollectFull
Event: 6370.590 Executing VM operation: G1CollectFull done
Event: 6380.703 Executing VM operation: G1CollectFull
Event: 6380.725 Executing VM operation: G1CollectFull done
Event: 6390.842 Executing VM operation: G1CollectFull
Event: 6390.867 Executing VM operation: G1CollectFull done
Event: 6400.972 Executing VM operation: G1CollectFull
Event: 6401.000 Executing VM operation: G1CollectFull done
Event: 6411.094 Executing VM operation: G1CollectFull
Event: 6411.120 Executing VM operation: G1CollectFull done
Event: 6421.240 Executing VM operation: G1CollectFull
Event: 6421.283 Executing VM operation: G1CollectFull done
Event: 6431.407 Executing VM operation: G1CollectFull
Event: 6431.441 Executing VM operation: G1CollectFull done
Event: 6441.582 Executing VM operation: G1CollectFull
Event: 6441.610 Executing VM operation: G1CollectFull done
Event: 6451.636 Executing VM operation: G1CollectFull

Events (20 events):
Event: 1115.956 Thread 0x000002d1bfd84570 Thread added: 0x000002d1bfd84570
Event: 1122.156 Thread 0x000002d1bfd84570 Thread exited: 0x000002d1bfd84570
Event: 1131.742 Thread 0x000002d1bf7cb260 Thread exited: 0x000002d1bf7cb260
Event: 1176.557 Thread 0x000002d1bf931310 Thread exited: 0x000002d1bf931310
Event: 1177.155 Thread 0x000002d1bf92fed0 Thread exited: 0x000002d1bf92fed0
Event: 1177.155 Thread 0x000002d1bf932240 Thread exited: 0x000002d1bf932240
Event: 1310.709 Thread 0x000002d1bf931820 Thread added: 0x000002d1bf931820
Event: 1376.355 Thread 0x000002d1bf931820 Thread exited: 0x000002d1bf931820
Event: 1546.184 Thread 0x000002d1bf9303e0 Thread added: 0x000002d1bf9303e0
Event: 2041.897 Thread 0x000002d1bf9303e0 Thread exited: 0x000002d1bf9303e0
Event: 2076.952 Thread 0x000002d1bf92f4b0 Thread added: 0x000002d1bf92f4b0
Event: 2076.963 Thread 0x000002d1be75d780 Thread added: 0x000002d1be75d780
Event: 2076.964 Thread 0x000002d1bfbb5070 Thread added: 0x000002d1bfbb5070
Event: 2076.964 Thread 0x000002d1b94ca300 Thread added: 0x000002d1b94ca300
Event: 2081.976 Thread 0x000002d1b94ca300 Thread exited: 0x000002d1b94ca300
Event: 2081.977 Thread 0x000002d1bfbb5070 Thread exited: 0x000002d1bfbb5070
Event: 2086.989 Thread 0x000002d1be75d780 Thread exited: 0x000002d1be75d780
Event: 2162.476 Thread 0x000002d1bf92f4b0 Thread exited: 0x000002d1bf92f4b0
Event: 2234.783 Thread 0x000002d1bf92f4b0 Thread added: 0x000002d1bf92f4b0
Event: 2336.319 Thread 0x000002d1bf92f4b0 Thread exited: 0x000002d1bf92f4b0


Dynamic libraries:
0x00007ff7c31b0000 - 0x00007ff7c31be000 	c:\Users\HP\.vscode\extensions\redhat.java-1.23.0-win32-x64\jre\17.0.8.1-win32-x86_64\bin\java.exe
0x00007ff9e8410000 - 0x00007ff9e8624000 	C:\WINDOWS\SYSTEM32\ntdll.dll
0x00007ff9e6450000 - 0x00007ff9e6514000 	C:\WINDOWS\System32\KERNEL32.DLL
0x00007ff9e5870000 - 0x00007ff9e5c14000 	C:\WINDOWS\System32\KERNELBASE.dll
0x00007ff9e5fc0000 - 0x00007ff9e60d1000 	C:\WINDOWS\System32\ucrtbase.dll
0x00007ff9cbcc0000 - 0x00007ff9cbcd7000 	c:\Users\HP\.vscode\extensions\redhat.java-1.23.0-win32-x64\jre\17.0.8.1-win32-x86_64\bin\jli.dll
0x00007ff9e65a0000 - 0x00007ff9e674e000 	C:\WINDOWS\System32\USER32.dll
0x00007ff9e5840000 - 0x00007ff9e5866000 	C:\WINDOWS\System32\win32u.dll
0x00007ff9e62b0000 - 0x00007ff9e62d9000 	C:\WINDOWS\System32\GDI32.dll
0x00007ff9e5cc0000 - 0x00007ff9e5dd8000 	C:\WINDOWS\System32\gdi32full.dll
0x00007ff9e5c20000 - 0x00007ff9e5cba000 	C:\WINDOWS\System32\msvcp_win.dll
0x00007ff9cb940000 - 0x00007ff9cb959000 	c:\Users\HP\.vscode\extensions\redhat.java-1.23.0-win32-x64\jre\17.0.8.1-win32-x86_64\bin\VCRUNTIME140.dll
0x00007ff9c7930000 - 0x00007ff9c7bc3000 	C:\WINDOWS\WinSxS\amd64_microsoft.windows.common-controls_6595b64144ccf1df_6.0.22621.2215_none_270d72677387dfc3\COMCTL32.dll
0x00007ff9e6f80000 - 0x00007ff9e7027000 	C:\WINDOWS\System32\msvcrt.dll
0x00007ff9e7bb0000 - 0x00007ff9e7be1000 	C:\WINDOWS\System32\IMM32.DLL
0x00007ff9db440000 - 0x00007ff9db44c000 	c:\Users\HP\.vscode\extensions\redhat.java-1.23.0-win32-x64\jre\17.0.8.1-win32-x86_64\bin\vcruntime140_1.dll
0x00007ff9c6fb0000 - 0x00007ff9c7041000 	c:\Users\HP\.vscode\extensions\redhat.java-1.23.0-win32-x64\jre\17.0.8.1-win32-x86_64\bin\msvcp140.dll
0x00007ff989280000 - 0x00007ff989ecc000 	c:\Users\HP\.vscode\extensions\redhat.java-1.23.0-win32-x64\jre\17.0.8.1-win32-x86_64\bin\server\jvm.dll
0x00007ff9e7500000 - 0x00007ff9e75b0000 	C:\WINDOWS\System32\ADVAPI32.dll
0x00007ff9e7940000 - 0x00007ff9e79e6000 	C:\WINDOWS\System32\sechost.dll
0x00007ff9e6330000 - 0x00007ff9e6447000 	C:\WINDOWS\System32\RPCRT4.dll
0x00007ff9e5240000 - 0x00007ff9e528d000 	C:\WINDOWS\SYSTEM32\POWRPROF.dll
0x00007ff9cbc50000 - 0x00007ff9cbc59000 	C:\WINDOWS\SYSTEM32\WSOCK32.dll
0x00007ff9e6230000 - 0x00007ff9e62a1000 	C:\WINDOWS\System32\WS2_32.dll
0x00007ff9db2b0000 - 0x00007ff9db2e4000 	C:\WINDOWS\SYSTEM32\WINMM.dll
0x00007ff9dae10000 - 0x00007ff9dae1a000 	C:\WINDOWS\SYSTEM32\VERSION.dll
0x00007ff9e5100000 - 0x00007ff9e5113000 	C:\WINDOWS\SYSTEM32\UMPDC.dll
0x00007ff9e47c0000 - 0x00007ff9e47d8000 	C:\WINDOWS\SYSTEM32\kernel.appcore.dll
0x00007ff9cb790000 - 0x00007ff9cb79a000 	c:\Users\HP\.vscode\extensions\redhat.java-1.23.0-win32-x64\jre\17.0.8.1-win32-x86_64\bin\jimage.dll
0x00007ff9e2870000 - 0x00007ff9e2a9e000 	C:\WINDOWS\SYSTEM32\DBGHELP.DLL
0x00007ff9e75b0000 - 0x00007ff9e793a000 	C:\WINDOWS\System32\combase.dll
0x00007ff9e7420000 - 0x00007ff9e74f7000 	C:\WINDOWS\System32\OLEAUT32.dll
0x00007ff9bfcf0000 - 0x00007ff9bfd22000 	C:\WINDOWS\SYSTEM32\dbgcore.DLL
0x00007ff9e57c0000 - 0x00007ff9e583a000 	C:\WINDOWS\System32\bcryptPrimitives.dll
0x00007ff9c78e0000 - 0x00007ff9c7905000 	c:\Users\HP\.vscode\extensions\redhat.java-1.23.0-win32-x64\jre\17.0.8.1-win32-x86_64\bin\java.dll
0x00007ff9cb420000 - 0x00007ff9cb438000 	c:\Users\HP\.vscode\extensions\redhat.java-1.23.0-win32-x64\jre\17.0.8.1-win32-x86_64\bin\zip.dll
0x00007ff9e6750000 - 0x00007ff9e6f73000 	C:\WINDOWS\System32\SHELL32.dll
0x00007ff9e3750000 - 0x00007ff9e403a000 	C:\WINDOWS\SYSTEM32\windows.storage.dll
0x00007ff9e3610000 - 0x00007ff9e374e000 	C:\WINDOWS\SYSTEM32\wintypes.dll
0x00007ff9e82d0000 - 0x00007ff9e83c3000 	C:\WINDOWS\System32\SHCORE.dll
0x00007ff9e6520000 - 0x00007ff9e657e000 	C:\WINDOWS\System32\shlwapi.dll
0x00007ff9e56f0000 - 0x00007ff9e5716000 	C:\WINDOWS\SYSTEM32\profapi.dll
0x00007ff9cb360000 - 0x00007ff9cb379000 	C:\Users\HP\.vscode\extensions\redhat.java-1.23.0-win32-x64\jre\17.0.8.1-win32-x86_64\bin\net.dll
0x00007ff9dea40000 - 0x00007ff9deb77000 	C:\WINDOWS\SYSTEM32\WINHTTP.dll
0x00007ff9e4d00000 - 0x00007ff9e4d69000 	C:\WINDOWS\system32\mswsock.dll
0x00007ff9c9420000 - 0x00007ff9c9435000 	C:\Users\HP\.vscode\extensions\redhat.java-1.23.0-win32-x64\jre\17.0.8.1-win32-x86_64\bin\nio.dll
0x00007ff9e4f50000 - 0x00007ff9e4f6b000 	C:\WINDOWS\SYSTEM32\CRYPTSP.dll
0x00007ff9e4780000 - 0x00007ff9e47b5000 	C:\WINDOWS\system32\rsaenh.dll
0x00007ff9e4df0000 - 0x00007ff9e4e1c000 	C:\WINDOWS\SYSTEM32\USERENV.dll
0x00007ff9e5120000 - 0x00007ff9e5148000 	C:\WINDOWS\SYSTEM32\bcrypt.dll
0x00007ff9e4f70000 - 0x00007ff9e4f7c000 	C:\WINDOWS\SYSTEM32\CRYPTBASE.dll
0x00007ff9e42a0000 - 0x00007ff9e42cd000 	C:\WINDOWS\SYSTEM32\IPHLPAPI.DLL
0x00007ff9e71c0000 - 0x00007ff9e71c9000 	C:\WINDOWS\System32\NSI.dll
0x00007ff9dea20000 - 0x00007ff9dea39000 	C:\WINDOWS\SYSTEM32\dhcpcsvc6.DLL
0x00007ff9dea00000 - 0x00007ff9dea1f000 	C:\WINDOWS\SYSTEM32\dhcpcsvc.DLL
0x00007ff9e42d0000 - 0x00007ff9e43c2000 	C:\WINDOWS\SYSTEM32\DNSAPI.dll
0x00007ff9cb480000 - 0x00007ff9cb490000 	c:\Users\HP\.vscode\extensions\redhat.java-1.23.0-win32-x64\jre\17.0.8.1-win32-x86_64\bin\verify.dll
0x00007ff9ca5b0000 - 0x00007ff9ca5b9000 	C:\Users\HP\.vscode\extensions\redhat.java-1.23.0-win32-x64\jre\17.0.8.1-win32-x86_64\bin\management.dll
0x00007ff9ca1d0000 - 0x00007ff9ca1db000 	C:\Users\HP\.vscode\extensions\redhat.java-1.23.0-win32-x64\jre\17.0.8.1-win32-x86_64\bin\management_ext.dll
0x00007ff9e7ba0000 - 0x00007ff9e7ba8000 	C:\WINDOWS\System32\PSAPI.DLL
0x00007ff9ca0f0000 - 0x00007ff9ca0fe000 	C:\Users\HP\.vscode\extensions\redhat.java-1.23.0-win32-x64\jre\17.0.8.1-win32-x86_64\bin\sunmscapi.dll
0x00007ff9e5e50000 - 0x00007ff9e5fb6000 	C:\WINDOWS\System32\CRYPT32.dll
0x00007ff9e50d0000 - 0x00007ff9e50fe000 	C:\WINDOWS\SYSTEM32\ncrypt.dll
0x00007ff9e5090000 - 0x00007ff9e50c7000 	C:\WINDOWS\SYSTEM32\NTASN1.dll
0x00007ff9d8f40000 - 0x00007ff9d8f4a000 	C:\Windows\System32\rasadhlp.dll
0x00007ff9db4e0000 - 0x00007ff9db564000 	C:\WINDOWS\System32\fwpuclnt.dll

dbghelp: loaded successfully - version: 4.0.5 - missing functions: none
symbol engine: initialized successfully - sym options: 0x614 - pdb path: .;c:\Users\HP\.vscode\extensions\redhat.java-1.23.0-win32-x64\jre\17.0.8.1-win32-x86_64\bin;C:\WINDOWS\SYSTEM32;C:\WINDOWS\WinSxS\amd64_microsoft.windows.common-controls_6595b64144ccf1df_6.0.22621.2215_none_270d72677387dfc3;c:\Users\HP\.vscode\extensions\redhat.java-1.23.0-win32-x64\jre\17.0.8.1-win32-x86_64\bin\server

VM Arguments:
jvm_args: -XX:+HeapDumpOnOutOfMemoryError -Xmx1024m -Dsts.lsp.client=vscode -Dsts.log.file=/dev/null -XX:TieredStopAtLevel=1 -Xlog:jni+resolve=off -Dspring.config.location=file:c:\Users\HP\.vscode\extensions\vmware.vscode-spring-boot-1.50.2023101204\language-server\BOOT-INF\classes\application.properties 
java_command: org.springframework.ide.vscode.boot.app.BootLanguageServerBootApp
java_class_path (initial): c:\Users\HP\.vscode\extensions\vmware.vscode-spring-boot-1.50.2023101204\language-server\BOOT-INF\classes;c:\Users\HP\.vscode\extensions\vmware.vscode-spring-boot-1.50.2023101204\language-server\BOOT-INF\lib\annotations-24.0.1.jar;c:\Users\HP\.vscode\extensions\vmware.vscode-spring-boot-1.50.2023101204\language-server\BOOT-INF\lib\antlr-runtime-3.5.3.jar;c:\Users\HP\.vscode\extensions\vmware.vscode-spring-boot-1.50.2023101204\language-server\BOOT-INF\lib\antlr4-4.11.1.jar;c:\Users\HP\.vscode\extensions\vmware.vscode-spring-boot-1.50.2023101204\language-server\BOOT-INF\lib\antlr4-runtime-4.11.1.jar;c:\Users\HP\.vscode\extensions\vmware.vscode-spring-boot-1.50.2023101204\language-server\BOOT-INF\lib\archunit-1.1.0.jar;c:\Users\HP\.vscode\extensions\vmware.vscode-spring-boot-1.50.2023101204\language-server\BOOT-INF\lib\asm-9.5.jar;c:\Users\HP\.vscode\extensions\vmware.vscode-spring-boot-1.50.2023101204\language-server\BOOT-INF\lib\asm-analysis-9.5.jar;c:\Users\HP\.vscode\extensions\vmware.vscode-spring-boot-1.50.2023101204\language-server\BOOT-INF\lib\asm-tree-9.5.jar;c:\Users\HP\.vscode\extensions\vmware.vscode-spring-boot-1.50.2023101204\language-server\BOOT-INF\lib\asm-util-9.5.jar;c:\Users\HP\.vscode\extensions\vmware.vscode-spring-boot-1.50.2023101204\language-server\BOOT-INF\lib\bosh-language-server-1.50.0-SNAPSHOT.jar;c:\Users\HP\.vscode\extensions\vmware.vscode-spring-boot-1.50.2023101204\language-server\BOOT-INF\lib\caffeine-3.1.8.jar;c:\Users\HP\.vscode\extensions\vmware.vscode-spring-boot-1.50.2023101204\language-server\BOOT-INF\lib\checker-qual-3.12.0.jar;c:\Users\HP\.vscode\extensions\vmware.vscode-spring-boot-1.50.2023101204\language-server\BOOT-INF\lib\classgraph-4.8.149.jar;c:\Users\HP\.vscode\extensions\vmware.vscode-spring-boot-1.50.2023101204\language-server\BOOT-INF\lib\commons-codec-1.15.jar;c:\Users\HP\.vscode\extensions\vmware.vscode-spring-boot-1.50.2023101204\language-server\BOOT-INF\lib\commons-compress-1.24.0.jar;
Launcher Type: SUN_STANDARD

[Global flags]
     intx CICompilerCount                          = 4                                         {product} {ergonomic}
     uint ConcGCThreads                            = 2                                         {product} {ergonomic}
     uint G1ConcRefinementThreads                  = 8                                         {product} {ergonomic}
   size_t G1HeapRegionSize                         = 1048576                                   {product} {ergonomic}
    uintx GCDrainStackTargetSize                   = 64                                        {product} {ergonomic}
     bool HeapDumpOnOutOfMemoryError               = true                                   {manageable} {command line}
   size_t InitialHeapSize                          = 264241152                                 {product} {ergonomic}
   size_t MarkStackSize                            = 4194304                                   {product} {ergonomic}
   size_t MaxHeapSize                              = 1073741824                                {product} {command line}
   size_t MaxNewSize                               = 643825664                                 {product} {ergonomic}
   size_t MinHeapDeltaBytes                        = 1048576                                   {product} {ergonomic}
   size_t MinHeapSize                              = 8388608                                   {product} {ergonomic}
    uintx NonProfiledCodeHeapSize                  = 0                                      {pd product} {ergonomic}
     bool ProfileInterpreter                       = false                                  {pd product} {command line}
    uintx ProfiledCodeHeapSize                     = 0                                      {pd product} {ergonomic}
   size_t SoftMaxHeapSize                          = 1073741824                             {manageable} {ergonomic}
     intx TieredStopAtLevel                        = 1                                         {product} {command line}
     bool UseCompressedClassPointers               = true                           {product lp64_product} {ergonomic}
     bool UseCompressedOops                        = true                           {product lp64_product} {ergonomic}
     bool UseG1GC                                  = true                                      {product} {ergonomic}
     bool UseLargePagesIndividualAllocation        = false                                  {pd product} {ergonomic}

Logging:
Log output configuration:
 #0: stdout all=warning,jni+resolve=off uptime,level,tags
 #1: stderr all=off uptime,level,tags

Environment Variables:
JAVA_HOME=C:\Program Files\Java\jdk-17.0.1
PATH=C:\Program Files\Common Files\Oracle\Java\javapath;C:\Program Files (x86)\Common Files\Oracle\Java\javapath;C:\ProgramData\Oracle\Java\javapath;C:\windows\system32;C:\windows;C:\windows\System32\Wbem;C:\windows\System32\WindowsPowerShell\v1.0\;C:\windows\System32\OpenSSH\;C:\Program Files\Microsoft SQL Server\150\Tools\Binn\;C:\Program Files\Microsoft SQL Server\Client SDK\ODBC\170\Tools\Binn\;C:\Program Files (x86)\Microsoft SQL Server\150\Tools\Binn\;C:\Program Files\Microsoft SQL Server\150\DTS\Binn\;C:\Program Files (x86)\Microsoft SQL Server\150\DTS\Binn\;C:\Program Files\dotnet\;C:\Program Files (x86)\dotnet\;C:\WINDOWS\system32;C:\WINDOWS;C:\WINDOWS\System32\Wbem;C:\WINDOWS\System32\WindowsPowerShell\v1.0\;C:\WINDOWS\System32\OpenSSH\;C:\ProgramData\chocolatey\bin;C:\Program Files\nodejs\;C:\Program Files\Git\cmd;C:\Program Files\MySQL\MySQL Shell 8.0\bin\;C:\Users\HP\AppData\Local\Microsoft\WindowsApps;C:\Program Files\Java\jdk-17.0.1\bin;C:\Program Files\Azure Data Studio\bin;C:\Users\HP\.dotnet\tools;C:\Users\HP\AppData\Local\Microsoft\WindowsApps;C:\Users\HP\AppData\Local\Programs\Microsoft VS Code\bin;C:\Users\HP\.dotnet\tools;C:\Users\HP\AppData\Roaming\npm
USERNAME=HP
OS=Windows_NT
PROCESSOR_IDENTIFIER=Intel64 Family 6 Model 140 Stepping 1, GenuineIntel
TMP=C:\Users\HP\AppData\Local\Temp
TEMP=C:\Users\HP\AppData\Local\Temp



---------------  S Y S T E M  ---------------

OS:
 Windows 11 , 64 bit Build 22621 (10.0.22621.2215)
OS uptime: 0 days 17:37 hours

CPU: total 8 (initial active 8) (4 cores per cpu, 2 threads per core) family 6 model 140 stepping 1 microcode 0xa4, cx8, cmov, fxsr, ht, mmx, 3dnowpref, sse, sse2, sse3, ssse3, sse4.1, sse4.2, popcnt, lzcnt, tsc, tscinvbit, avx, avx2, aes, erms, clmul, bmi1, bmi2, adx, avx512f, avx512dq, avx512cd, avx512bw, avx512vl, sha, fma, vzeroupper, avx512_vpopcntdq, avx512_vpclmulqdq, avx512_vaes, avx512_vnni, clflush, clflushopt, clwb, avx512_vbmi2, avx512_vbmi
Processor Information for all 8 processors :
  Max Mhz: 2419, Current Mhz: 2419, Mhz Limit: 2419

Memory: 4k page, system-wide physical 16051M (3971M free)
TotalPageFile size 16051M (AvailPageFile size 4M)
current process WorkingSet (physical memory assigned to process): 118M, peak: 202M
current process commit charge ("private bytes"): 233M, peak: 364M

vm_info: OpenJDK 64-Bit Server VM (17.0.8.1+1) for windows-amd64 JRE (17.0.8.1+1), built on Aug 23 2023 15:29:17 by "admin" with MS VC++ 16.7 (VS2019)

END.
