#
# There is insufficient memory for the Java Runtime Environment to continue.
# Native memory allocation (malloc) failed to allocate 1348976 bytes for Chunk::new
# Possible reasons:
#   The system is out of physical RAM or swap space
#   The process is running with CompressedOops enabled, and the Java Heap may be blocking the growth of the native heap
# Possible solutions:
#   Reduce memory load on the system
#   Increase physical memory or swap space
#   Check if swap backing store is full
#   Decrease Java heap size (-Xmx/-Xms)
#   Decrease number of Java threads
#   Decrease Java thread stack sizes (-Xss)
#   Set larger code cache with -XX:ReservedCodeCacheSize=
#   JVM is running with Unscaled Compressed Oops mode in which the Java heap is
#     placed in the first 4GB address space. The Java Heap base address is the
#     maximum limit for the native heap growth. Please use -XX:HeapBaseMinAddress
#     to set the Java Heap base and to place the Java Heap above 4GB virtual address.
# This output file may be truncated or incomplete.
#
#  Out of Memory Error (arena.cpp:189), pid=16908, tid=18980
#
# JRE version: OpenJDK Runtime Environment Temurin-17.0.8.1+1 (17.0.8.1+1) (build 17.0.8.1+1)
# Java VM: OpenJDK 64-Bit Server VM Temurin-17.0.8.1+1 (17.0.8.1+1, mixed mode, tiered, compressed oops, compressed class ptrs, parallel gc, windows-amd64)
# No core dump will be written. Minidumps are not enabled by default on client versions of Windows
#

---------------  S U M M A R Y ------------

Command Line: --add-modules=ALL-SYSTEM --add-opens=java.base/java.util=ALL-UNNAMED --add-opens=java.base/java.lang=ALL-UNNAMED --add-opens=java.base/sun.nio.fs=ALL-UNNAMED -Declipse.application=org.eclipse.jdt.ls.core.id1 -Dosgi.bundles.defaultStartLevel=4 -Declipse.product=org.eclipse.jdt.ls.core.product -Djava.import.generatesMetadataFilesAtProjectRoot=false -DDetectVMInstallationsJob.disabled=true -Dfile.encoding=utf8 -XX:+UseParallelGC -XX:GCTimeRatio=4 -XX:AdaptiveSizePolicyWeight=90 -Dsun.zip.disableMemoryMapping=true -Xmx1G -Xms100m -Xlog:disable -javaagent:c:\Users\phung\.vscode\extensions\redhat.java-1.23.0-win32-x64\lombok\lombok-1.18.30.jar -XX:+HeapDumpOnOutOfMemoryError -XX:HeapDumpPath=c:\Users\phung\AppData\Roaming\Code\User\workspaceStorage\532290e112ddb0a58047b942df4e28cd\redhat.java -Daether.dependencyCollector.impl=bf c:\Users\phung\.vscode\extensions\redhat.java-1.23.0-win32-x64\server\plugins\org.eclipse.equinox.launcher_1.6.500.v20230717-2134.jar -configuration c:\Users\phung\AppData\Roaming\Code\User\globalStorage\redhat.java\1.23.0\config_win -data c:\Users\phung\AppData\Roaming\Code\User\workspaceStorage\532290e112ddb0a58047b942df4e28cd\redhat.java\jdt_ws

Host: 11th Gen Intel(R) Core(TM) i5-11300H @ 3.10GHz, 8 cores, 7G,  Windows 10 , 64 bit Build 19041 (10.0.19041.3570)
Time: Sat Oct 21 21:43:07 2023 SE Asia Standard Time elapsed time: 5258.888578 seconds (0d 1h 27m 38s)

---------------  T H R E A D  ---------------

Current thread (0x000001c07b17a170):  JavaThread "C2 CompilerThread0" daemon [_thread_in_native, id=18980, stack(0x00000049f2b00000,0x00000049f2c00000)]


Current CompileTask:
C2:5258888 26691       4       org.eclipse.jdt.internal.compiler.lookup.Scope::findMethod0 (1773 bytes)

Stack: [0x00000049f2b00000,0x00000049f2c00000]
Native frames: (J=compiled Java code, j=interpreted, Vv=VM code, C=native code)
V  [jvm.dll+0x678b0a]
V  [jvm.dll+0x835e84]
V  [jvm.dll+0x83762e]
V  [jvm.dll+0x837c93]
V  [jvm.dll+0x24746f]
V  [jvm.dll+0xac20c]
V  [jvm.dll+0xac7dc]
V  [jvm.dll+0x365c52]
V  [jvm.dll+0x3301a1]
V  [jvm.dll+0x32f64a]
V  [jvm.dll+0x219bf1]
V  [jvm.dll+0x219011]
V  [jvm.dll+0x1a534d]
V  [jvm.dll+0x228d8a]
V  [jvm.dll+0x226dcc]
V  [jvm.dll+0x7ec09b]
V  [jvm.dll+0x7e64ca]
V  [jvm.dll+0x677955]
C  [ucrtbase.dll+0x21bb2]
C  [KERNEL32.DLL+0x17344]
C  [ntdll.dll+0x526b1]


---------------  P R O C E S S  ---------------

Threads class SMR info:
_java_thread_list=0x000001c07fc9cd30, length=39, elements={
0x000001c070f790d0, 0x000001c07103e560, 0x000001c07b1355d0, 0x000001c075df8050,
0x000001c075df8c10, 0x000001c075df9f70, 0x000001c075dfd220, 0x000001c07b17a170,
0x000001c07b17d6b0, 0x000001c07b17eb10, 0x000001c07b273a30, 0x000001c07b4ebeb0,
0x000001c07c72d720, 0x000001c07c7aec00, 0x000001c07c7af2f0, 0x000001c07d05a450,
0x000001c07cfd8360, 0x000001c07cfd9cb0, 0x000001c07cfd6f20, 0x000001c07cfd9290,
0x000001c07cfd97a0, 0x000001c07e2eaee0, 0x000001c07e2e8b70, 0x000001c00f13ac40,
0x000001c00f13b150, 0x000001c00f1388d0, 0x000001c00f1379a0, 0x000001c00f135120,
0x000001c00f138de0, 0x000001c07cfd7940, 0x000001c07cfda1c0, 0x000001c07e2e6d10,
0x000001c07e2e58d0, 0x000001c07e2e3f80, 0x000001c07e2eb3f0, 0x000001c07e2eb900,
0x000001c07e2e49a0, 0x000001c07e2e4eb0, 0x000001c07e2e8660
}

Java Threads: ( => current thread )
  0x000001c070f790d0 JavaThread "main" [_thread_blocked, id=17552, stack(0x00000049f2200000,0x00000049f2300000)]
  0x000001c07103e560 JavaThread "Reference Handler" daemon [_thread_blocked, id=1780, stack(0x00000049f2500000,0x00000049f2600000)]
  0x000001c07b1355d0 JavaThread "Finalizer" daemon [_thread_blocked, id=8900, stack(0x00000049f2600000,0x00000049f2700000)]
  0x000001c075df8050 JavaThread "Signal Dispatcher" daemon [_thread_blocked, id=18412, stack(0x00000049f2700000,0x00000049f2800000)]
  0x000001c075df8c10 JavaThread "Attach Listener" daemon [_thread_blocked, id=14404, stack(0x00000049f2800000,0x00000049f2900000)]
  0x000001c075df9f70 JavaThread "Service Thread" daemon [_thread_blocked, id=18552, stack(0x00000049f2900000,0x00000049f2a00000)]
  0x000001c075dfd220 JavaThread "Monitor Deflation Thread" daemon [_thread_blocked, id=1360, stack(0x00000049f2a00000,0x00000049f2b00000)]
=>0x000001c07b17a170 JavaThread "C2 CompilerThread0" daemon [_thread_in_native, id=18980, stack(0x00000049f2b00000,0x00000049f2c00000)]
  0x000001c07b17d6b0 JavaThread "C1 CompilerThread0" daemon [_thread_blocked, id=10148, stack(0x00000049f2c00000,0x00000049f2d00000)]
  0x000001c07b17eb10 JavaThread "Sweeper thread" daemon [_thread_blocked, id=7192, stack(0x00000049f2d00000,0x00000049f2e00000)]
  0x000001c07b273a30 JavaThread "Common-Cleaner" daemon [_thread_blocked, id=16044, stack(0x00000049f2e00000,0x00000049f2f00000)]
  0x000001c07b4ebeb0 JavaThread "Notification Thread" daemon [_thread_blocked, id=3472, stack(0x00000049f3000000,0x00000049f3100000)]
  0x000001c07c72d720 JavaThread "Active Thread: Equinox Container: d37d9fb3-e284-48f5-9ae6-d88af2f714e7" [_thread_blocked, id=13460, stack(0x00000049f3900000,0x00000049f3a00000)]
  0x000001c07c7aec00 JavaThread "Framework Event Dispatcher: Equinox Container: d37d9fb3-e284-48f5-9ae6-d88af2f714e7" daemon [_thread_blocked, id=5512, stack(0x00000049f3a00000,0x00000049f3b00000)]
  0x000001c07c7af2f0 JavaThread "Start Level: Equinox Container: d37d9fb3-e284-48f5-9ae6-d88af2f714e7" daemon [_thread_blocked, id=9528, stack(0x00000049f3b00000,0x00000049f3c00000)]
  0x000001c07d05a450 JavaThread "Bundle File Closer" daemon [_thread_blocked, id=10624, stack(0x00000049f3d00000,0x00000049f3e00000)]
  0x000001c07cfd8360 JavaThread "SCR Component Actor" daemon [_thread_blocked, id=14704, stack(0x00000049f3e00000,0x00000049f3f00000)]
  0x000001c07cfd9cb0 JavaThread "Worker-JM" [_thread_blocked, id=16204, stack(0x00000049f3200000,0x00000049f3300000)]
  0x000001c07cfd6f20 JavaThread "Java indexing" daemon [_thread_blocked, id=19800, stack(0x00000049f4300000,0x00000049f4400000)]
  0x000001c07cfd9290 JavaThread "JNA Cleaner" daemon [_thread_blocked, id=20080, stack(0x00000049f2f00000,0x00000049f3000000)]
  0x000001c07cfd97a0 JavaThread "pool-2-thread-1" [_thread_blocked, id=11408, stack(0x00000049f4500000,0x00000049f4600000)]
  0x000001c07e2eaee0 JavaThread "WorkspaceEventsHandler" [_thread_blocked, id=5844, stack(0x00000049f4700000,0x00000049f4800000)]
  0x000001c07e2e8b70 JavaThread "pool-1-thread-1" [_thread_in_native, id=4364, stack(0x00000049f4800000,0x00000049f4900000)]
  0x000001c00f13ac40 JavaThread "Java Debug Server" daemon [_thread_in_native, id=8172, stack(0x00000049f2000000,0x00000049f2100000)]
  0x000001c00f13b150 JavaThread "pool-4-thread-1" [_thread_in_native, id=10492, stack(0x00000049f2100000,0x00000049f2200000)]
  0x000001c00f1388d0 JavaThread "RxSchedulerPurge-1" daemon [_thread_blocked, id=9108, stack(0x00000049f4200000,0x00000049f4300000)]
  0x000001c00f1379a0 JavaThread "RxCachedWorkerPoolEvictor-1" daemon [_thread_blocked, id=17104, stack(0x00000049f4400000,0x00000049f4500000)]
  0x000001c00f135120 JavaThread "process reaper (pid 14948)" daemon [_thread_in_native, id=19880, stack(0x00000049f1b50000,0x00000049f1b70000)]
  0x000001c00f138de0 JavaThread "Worker-7" [_thread_blocked, id=18732, stack(0x00000049f4d00000,0x00000049f4e00000)]
  0x000001c07cfd7940 JavaThread "Worker-10" [_thread_blocked, id=3412, stack(0x00000049f4900000,0x00000049f4a00000)]
  0x000001c07cfda1c0 JavaThread "RxNewThreadScheduler-9" daemon [_thread_blocked, id=1904, stack(0x00000049f5000000,0x00000049f5100000)]
  0x000001c07e2e6d10 JavaThread "ForkJoinPool.commonPool-worker-25" daemon [_thread_blocked, id=7688, stack(0x00000049f1f00000,0x00000049f2000000)]
  0x000001c07e2e58d0 JavaThread "ForkJoinPool.commonPool-worker-26" daemon [_thread_blocked, id=10820, stack(0x00000049f3f00000,0x00000049f4000000)]
  0x000001c07e2e3f80 JavaThread "ForkJoinPool.commonPool-worker-27" daemon [_thread_blocked, id=8076, stack(0x00000049f4000000,0x00000049f4100000)]
  0x000001c07e2eb3f0 JavaThread "ForkJoinPool.commonPool-worker-28" daemon [_thread_blocked, id=1544, stack(0x00000049f4100000,0x00000049f4200000)]
  0x000001c07e2eb900 JavaThread "ForkJoinPool.commonPool-worker-29" daemon [_thread_blocked, id=2604, stack(0x00000049f4600000,0x00000049f4700000)]
  0x000001c07e2e49a0 JavaThread "ForkJoinPool.commonPool-worker-30" daemon [_thread_blocked, id=4948, stack(0x00000049f4a00000,0x00000049f4b00000)]
  0x000001c07e2e4eb0 JavaThread "ForkJoinPool.commonPool-worker-31" daemon [_thread_blocked, id=2140, stack(0x00000049f4b00000,0x00000049f4c00000)]
  0x000001c07e2e8660 JavaThread "ForkJoinPool.commonPool-worker-32" daemon [_thread_blocked, id=8788, stack(0x00000049f4c00000,0x00000049f4d00000)]

Other Threads:
  0x000001c075def170 VMThread "VM Thread" [stack: 0x00000049f2400000,0x00000049f2500000] [id=1896]
  0x000001c07b4ec390 WatcherThread [stack: 0x00000049f3100000,0x00000049f3200000] [id=19236]
  0x000001c070f8fa80 GCTaskThread "GC Thread#0" [stack: 0x00000049f2300000,0x00000049f2400000] [id=11600]
  0x000001c07ca13d80 GCTaskThread "GC Thread#1" [stack: 0x00000049f3300000,0x00000049f3400000] [id=2852]
  0x000001c07c55a830 GCTaskThread "GC Thread#2" [stack: 0x00000049f3400000,0x00000049f3500000] [id=16604]
  0x000001c07c15c2c0 GCTaskThread "GC Thread#3" [stack: 0x00000049f3500000,0x00000049f3600000] [id=17504]
  0x000001c07c15c580 GCTaskThread "GC Thread#4" [stack: 0x00000049f3600000,0x00000049f3700000] [id=16172]
  0x000001c07c154da0 GCTaskThread "GC Thread#5" [stack: 0x00000049f3700000,0x00000049f3800000] [id=18072]
  0x000001c07c155060 GCTaskThread "GC Thread#6" [stack: 0x00000049f3800000,0x00000049f3900000] [id=9416]
  0x000001c07cb81580 GCTaskThread "GC Thread#7" [stack: 0x00000049f3c00000,0x00000049f3d00000] [id=6644]

Threads with active compile tasks:
C2 CompilerThread0  5258918 26691       4       org.eclipse.jdt.internal.compiler.lookup.Scope::findMethod0 (1773 bytes)

VM state: not at safepoint (normal execution)

VM Mutex/Monitor currently owned by a thread: None

Heap address: 0x00000000c0000000, size: 1024 MB, Compressed Oops mode: 32-bit

CDS archive(s) not mapped
Compressed class space mapped at: 0x0000000100000000-0x0000000140000000, reserved size: 1073741824
Narrow klass base: 0x0000000000000000, Narrow klass shift: 3, Narrow klass range: 0x140000000

GC Precious Log:
 CPUs: 8 total, 8 available
 Memory: 7987M
 Large Page Support: Disabled
 NUMA Support: Disabled
 Compressed Oops: Enabled (32-bit)
 Alignments: Space 512K, Generation 512K, Heap 2M
 Heap Min Capacity: 100M
 Heap Initial Capacity: 100M
 Heap Max Capacity: 1G
 Pre-touch: Disabled
 Parallel Workers: 8

Heap:
 PSYoungGen      total 7168K, used 2574K [0x00000000eab00000, 0x00000000eb300000, 0x0000000100000000)
  eden space 6144K, 26% used [0x00000000eab00000,0x00000000eac9e7b8,0x00000000eb100000)
  from space 1024K, 89% used [0x00000000eb180000,0x00000000eb265200,0x00000000eb280000)
  to   space 512K, 0% used [0x00000000eb280000,0x00000000eb280000,0x00000000eb300000)
 ParOldGen       total 143360K, used 120669K [0x00000000c0000000, 0x00000000c8c00000, 0x00000000eab00000)
  object space 143360K, 84% used [0x00000000c0000000,0x00000000c75d75a0,0x00000000c8c00000)
 Metaspace       used 98839K, committed 100352K, reserved 1179648K
  class space    used 9973K, committed 10688K, reserved 1048576K

Card table byte_map: [0x000001c070920000,0x000001c070b30000] _byte_map_base: 0x000001c070320000

Marking Bits: (ParMarkBitMap*) 0x00007ffc2e6383a0
 Begin Bits: [0x000001c073c00000, 0x000001c074c00000)
 End Bits:   [0x000001c074c00000, 0x000001c075c00000)

Polling page: 0x000001c06ee60000

Metaspace:

Usage:
  Non-class:     86.78 MB used.
      Class:      9.74 MB used.
       Both:     96.52 MB used.

Virtual space:
  Non-class space:      128.00 MB reserved,      87.56 MB ( 68%) committed,  2 nodes.
      Class space:        1.00 GB reserved,      10.44 MB (  1%) committed,  1 nodes.
             Both:        1.12 GB reserved,      98.00 MB (  9%) committed. 

Chunk freelists:
   Non-Class:  7.86 MB
       Class:  5.47 MB
        Both:  13.33 MB

MaxMetaspaceSize: unlimited
CompressedClassSpaceSize: 1.00 GB
Initial GC threshold: 21.00 MB
Current GC threshold: 163.38 MB
CDS: off
MetaspaceReclaimPolicy: balanced
 - commit_granule_bytes: 65536.
 - commit_granule_words: 8192.
 - virtual_space_node_default_size: 8388608.
 - enlarge_chunks_in_place: 1.
 - new_chunks_are_fully_committed: 0.
 - uncommit_free_chunks: 1.
 - use_allocation_guard: 0.
 - handle_deallocations: 1.


Internal statistics:

num_allocs_failed_limit: 9.
num_arena_births: 1342.
num_arena_deaths: 556.
num_vsnodes_births: 3.
num_vsnodes_deaths: 0.
num_space_committed: 1569.
num_space_uncommitted: 1.
num_chunks_returned_to_freelist: 704.
num_chunks_taken_from_freelist: 5891.
num_chunk_merges: 214.
num_chunk_splits: 3361.
num_chunks_enlarged: 1789.
num_inconsistent_stats: 0.

CodeHeap 'non-profiled nmethods': size=120000Kb used=21529Kb max_used=21529Kb free=98470Kb
 bounds [0x000001c007ad0000, 0x000001c009000000, 0x000001c00f000000]
CodeHeap 'profiled nmethods': size=120000Kb used=38982Kb max_used=38982Kb free=81017Kb
 bounds [0x000001c000000000, 0x000001c002630000, 0x000001c007530000]
CodeHeap 'non-nmethods': size=5760Kb used=1458Kb max_used=1604Kb free=4301Kb
 bounds [0x000001c007530000, 0x000001c0077a0000, 0x000001c007ad0000]
 total_blobs=18872 nmethods=18070 adapters=710
 compilation: enabled
              stopped_count=0, restarted_count=0
 full_count=0

Compilation events (20 events):
Event: 5239.438 Thread 0x000001c07b17a170 nmethod 26681 0x000001c008b75c10 code [0x000001c008b76160, 0x000001c008b7a7e8]
Event: 5239.472 Thread 0x000001c07b17a170 26682       4       org.eclipse.jdt.internal.compiler.lookup.ParameterizedMethodBinding::hasSubstitutedParameters (18 bytes)
Event: 5239.472 Thread 0x000001c07b17a170 nmethod 26682 0x000001c0081d1790 code [0x000001c0081d1900, 0x000001c0081d1998]
Event: 5239.478 Thread 0x000001c07b17a170 26683   !   4       org.eclipse.jdt.internal.core.search.IndexSelector::initializeIndexLocations (640 bytes)
Event: 5240.099 Thread 0x000001c07b17a170 nmethod 26683 0x000001c008fe9490 code [0x000001c008fe9ca0, 0x000001c008ff4c18]
Event: 5240.099 Thread 0x000001c07b17a170 26684       4       org.eclipse.jdt.internal.compiler.parser.Parser::consumeClassHeader (54 bytes)
Event: 5240.101 Thread 0x000001c07b17a170 nmethod 26684 0x000001c008b8bf10 code [0x000001c008b8c0a0, 0x000001c008b8c1d8]
Event: 5253.355 Thread 0x000001c07b17a170 26685       4       org.eclipse.jdt.internal.compiler.codegen.StackMapFrameCodeStream::initializeMaxLocals (34 bytes)
Event: 5253.362 Thread 0x000001c07b17a170 nmethod 26685 0x000001c008c57f10 code [0x000001c008c580a0, 0x000001c008c583f8]
Event: 5253.362 Thread 0x000001c07b17a170 26686       4       org.eclipse.jdt.internal.compiler.lookup.ParameterizedTypeBinding::genericTypeSignature (225 bytes)
Event: 5253.395 Thread 0x000001c07b17a170 nmethod 26686 0x000001c0089e8d10 code [0x000001c0089e8fa0, 0x000001c0089eac80]
Event: 5253.658 Thread 0x000001c07b17a170 26687   !   4       com.google.gson.Gson::fromJson (142 bytes)
Event: 5253.670 Thread 0x000001c07b17a170 nmethod 26687 0x000001c008b73f90 code [0x000001c008b74220, 0x000001c008b751a8]
Event: 5253.671 Thread 0x000001c07b17a170 26688       4       org.eclipse.jdt.internal.compiler.lookup.ClassScope::connectPermittedTypes (199 bytes)
Event: 5253.672 Thread 0x000001c07b17a170 nmethod 26688 0x000001c008b8ba10 code [0x000001c008b8bba0, 0x000001c008b8bcd8]
Event: 5253.903 Thread 0x000001c07b17a170 26689       4       org.eclipse.jdt.internal.compiler.ast.SingleNameReference::generateCode (654 bytes)
Event: 5253.920 Thread 0x000001c07b17a170 nmethod 26689 0x000001c0085ff890 code [0x000001c0085ffb60, 0x000001c008600d68]
Event: 5253.920 Thread 0x000001c07b17a170 26690       4       org.eclipse.jdt.internal.compiler.lookup.AnnotatableTypeSystem::getRawType (217 bytes)
Event: 5253.961 Thread 0x000001c07b17a170 nmethod 26690 0x000001c008a8b590 code [0x000001c008a8b8a0, 0x000001c008a8dd50]
Event: 5258.757 Thread 0x000001c07b17a170 26691       4       org.eclipse.jdt.internal.compiler.lookup.Scope::findMethod0 (1773 bytes)

GC Heap History (20 events):
Event: 5240.897 GC heap before
{Heap before GC invocations=3743 (full 135):
 PSYoungGen      total 8704K, used 8452K [0x00000000eab00000, 0x00000000eb580000, 0x0000000100000000)
  eden space 7168K, 100% used [0x00000000eab00000,0x00000000eb200000,0x00000000eb200000)
  from space 1536K, 83% used [0x00000000eb300000,0x00000000eb441210,0x00000000eb480000)
  to   space 1024K, 0% used [0x00000000eb480000,0x00000000eb480000,0x00000000eb580000)
 ParOldGen       total 143360K, used 114547K [0x00000000c0000000, 0x00000000c8c00000, 0x00000000eab00000)
  object space 143360K, 79% used [0x00000000c0000000,0x00000000c6fdcd50,0x00000000c8c00000)
 Metaspace       used 98839K, committed 100352K, reserved 1179648K
  class space    used 9973K, committed 10688K, reserved 1048576K
}
Event: 5240.900 GC heap after
{Heap after GC invocations=3743 (full 135):
 PSYoungGen      total 7168K, used 1009K [0x00000000eab00000, 0x00000000eb900000, 0x0000000100000000)
  eden space 6144K, 0% used [0x00000000eab00000,0x00000000eab00000,0x00000000eb100000)
  from space 1024K, 98% used [0x00000000eb480000,0x00000000eb57c450,0x00000000eb580000)
  to   space 3584K, 0% used [0x00000000eb100000,0x00000000eb100000,0x00000000eb480000)
 ParOldGen       total 143360K, used 116396K [0x00000000c0000000, 0x00000000c8c00000, 0x00000000eab00000)
  object space 143360K, 81% used [0x00000000c0000000,0x00000000c71ab250,0x00000000c8c00000)
 Metaspace       used 98839K, committed 100352K, reserved 1179648K
  class space    used 9973K, committed 10688K, reserved 1048576K
}
Event: 5253.337 GC heap before
{Heap before GC invocations=3744 (full 135):
 PSYoungGen      total 7168K, used 7153K [0x00000000eab00000, 0x00000000eb900000, 0x0000000100000000)
  eden space 6144K, 99% used [0x00000000eab00000,0x00000000eb0ffff8,0x00000000eb100000)
  from space 1024K, 98% used [0x00000000eb480000,0x00000000eb57c450,0x00000000eb580000)
  to   space 3584K, 0% used [0x00000000eb100000,0x00000000eb100000,0x00000000eb480000)
 ParOldGen       total 143360K, used 116396K [0x00000000c0000000, 0x00000000c8c00000, 0x00000000eab00000)
  object space 143360K, 81% used [0x00000000c0000000,0x00000000c71ab250,0x00000000c8c00000)
 Metaspace       used 98839K, committed 100352K, reserved 1179648K
  class space    used 9973K, committed 10688K, reserved 1048576K
}
Event: 5253.339 GC heap after
{Heap after GC invocations=3744 (full 135):
 PSYoungGen      total 7168K, used 532K [0x00000000eab00000, 0x00000000eb500000, 0x0000000100000000)
  eden space 6144K, 0% used [0x00000000eab00000,0x00000000eab00000,0x00000000eb100000)
  from space 1024K, 52% used [0x00000000eb100000,0x00000000eb185200,0x00000000eb200000)
  to   space 1536K, 0% used [0x00000000eb380000,0x00000000eb380000,0x00000000eb500000)
 ParOldGen       total 143360K, used 116712K [0x00000000c0000000, 0x00000000c8c00000, 0x00000000eab00000)
  object space 143360K, 81% used [0x00000000c0000000,0x00000000c71fa2e0,0x00000000c8c00000)
 Metaspace       used 98839K, committed 100352K, reserved 1179648K
  class space    used 9973K, committed 10688K, reserved 1048576K
}
Event: 5253.357 GC heap before
{Heap before GC invocations=3745 (full 135):
 PSYoungGen      total 7168K, used 6676K [0x00000000eab00000, 0x00000000eb500000, 0x0000000100000000)
  eden space 6144K, 100% used [0x00000000eab00000,0x00000000eb100000,0x00000000eb100000)
  from space 1024K, 52% used [0x00000000eb100000,0x00000000eb185200,0x00000000eb200000)
  to   space 1536K, 0% used [0x00000000eb380000,0x00000000eb380000,0x00000000eb500000)
 ParOldGen       total 143360K, used 116712K [0x00000000c0000000, 0x00000000c8c00000, 0x00000000eab00000)
  object space 143360K, 81% used [0x00000000c0000000,0x00000000c71fa2e0,0x00000000c8c00000)
 Metaspace       used 98839K, committed 100352K, reserved 1179648K
  class space    used 9973K, committed 10688K, reserved 1048576K
}
Event: 5253.359 GC heap after
{Heap after GC invocations=3745 (full 135):
 PSYoungGen      total 7680K, used 1056K [0x00000000eab00000, 0x00000000eb500000, 0x0000000100000000)
  eden space 6144K, 0% used [0x00000000eab00000,0x00000000eab00000,0x00000000eb100000)
  from space 1536K, 68% used [0x00000000eb380000,0x00000000eb488000,0x00000000eb500000)
  to   space 1536K, 0% used [0x00000000eb200000,0x00000000eb200000,0x00000000eb380000)
 ParOldGen       total 143360K, used 117033K [0x00000000c0000000, 0x00000000c8c00000, 0x00000000eab00000)
  object space 143360K, 81% used [0x00000000c0000000,0x00000000c724a4f0,0x00000000c8c00000)
 Metaspace       used 98839K, committed 100352K, reserved 1179648K
  class space    used 9973K, committed 10688K, reserved 1048576K
}
Event: 5253.427 GC heap before
{Heap before GC invocations=3746 (full 135):
 PSYoungGen      total 7680K, used 7200K [0x00000000eab00000, 0x00000000eb500000, 0x0000000100000000)
  eden space 6144K, 100% used [0x00000000eab00000,0x00000000eb100000,0x00000000eb100000)
  from space 1536K, 68% used [0x00000000eb380000,0x00000000eb488000,0x00000000eb500000)
  to   space 1536K, 0% used [0x00000000eb200000,0x00000000eb200000,0x00000000eb380000)
 ParOldGen       total 143360K, used 117033K [0x00000000c0000000, 0x00000000c8c00000, 0x00000000eab00000)
  object space 143360K, 81% used [0x00000000c0000000,0x00000000c724a4f0,0x00000000c8c00000)
 Metaspace       used 98839K, committed 100352K, reserved 1179648K
  class space    used 9973K, committed 10688K, reserved 1048576K
}
Event: 5253.430 GC heap after
{Heap after GC invocations=3746 (full 135):
 PSYoungGen      total 7680K, used 1124K [0x00000000eab00000, 0x00000000eb400000, 0x0000000100000000)
  eden space 6144K, 0% used [0x00000000eab00000,0x00000000eab00000,0x00000000eb100000)
  from space 1536K, 73% used [0x00000000eb200000,0x00000000eb319210,0x00000000eb380000)
  to   space 512K, 0% used [0x00000000eb380000,0x00000000eb380000,0x00000000eb400000)
 ParOldGen       total 143360K, used 117919K [0x00000000c0000000, 0x00000000c8c00000, 0x00000000eab00000)
  object space 143360K, 82% used [0x00000000c0000000,0x00000000c7327cb0,0x00000000c8c00000)
 Metaspace       used 98839K, committed 100352K, reserved 1179648K
  class space    used 9973K, committed 10688K, reserved 1048576K
}
Event: 5253.668 GC heap before
{Heap before GC invocations=3747 (full 135):
 PSYoungGen      total 7680K, used 7268K [0x00000000eab00000, 0x00000000eb400000, 0x0000000100000000)
  eden space 6144K, 100% used [0x00000000eab00000,0x00000000eb100000,0x00000000eb100000)
  from space 1536K, 73% used [0x00000000eb200000,0x00000000eb319210,0x00000000eb380000)
  to   space 512K, 0% used [0x00000000eb380000,0x00000000eb380000,0x00000000eb400000)
 ParOldGen       total 143360K, used 117919K [0x00000000c0000000, 0x00000000c8c00000, 0x00000000eab00000)
  object space 143360K, 82% used [0x00000000c0000000,0x00000000c7327cb0,0x00000000c8c00000)
 Metaspace       used 98839K, committed 100352K, reserved 1179648K
  class space    used 9973K, committed 10688K, reserved 1048576K
}
Event: 5253.670 GC heap after
{Heap after GC invocations=3747 (full 135):
 PSYoungGen      total 6656K, used 500K [0x00000000eab00000, 0x00000000eb500000, 0x0000000100000000)
  eden space 6144K, 0% used [0x00000000eab00000,0x00000000eab00000,0x00000000eb100000)
  from space 512K, 97% used [0x00000000eb380000,0x00000000eb3fd200,0x00000000eb400000)
  to   space 2048K, 0% used [0x00000000eb100000,0x00000000eb100000,0x00000000eb300000)
 ParOldGen       total 143360K, used 119302K [0x00000000c0000000, 0x00000000c8c00000, 0x00000000eab00000)
  object space 143360K, 83% used [0x00000000c0000000,0x00000000c74818e8,0x00000000c8c00000)
 Metaspace       used 98839K, committed 100352K, reserved 1179648K
  class space    used 9973K, committed 10688K, reserved 1048576K
}
Event: 5253.899 GC heap before
{Heap before GC invocations=3748 (full 135):
 PSYoungGen      total 6656K, used 6644K [0x00000000eab00000, 0x00000000eb500000, 0x0000000100000000)
  eden space 6144K, 100% used [0x00000000eab00000,0x00000000eb100000,0x00000000eb100000)
  from space 512K, 97% used [0x00000000eb380000,0x00000000eb3fd200,0x00000000eb400000)
  to   space 2048K, 0% used [0x00000000eb100000,0x00000000eb100000,0x00000000eb300000)
 ParOldGen       total 143360K, used 119302K [0x00000000c0000000, 0x00000000c8c00000, 0x00000000eab00000)
  object space 143360K, 83% used [0x00000000c0000000,0x00000000c74818e8,0x00000000c8c00000)
 Metaspace       used 98839K, committed 100352K, reserved 1179648K
  class space    used 9973K, committed 10688K, reserved 1048576K
}
Event: 5253.901 GC heap after
{Heap after GC invocations=3748 (full 135):
 PSYoungGen      total 7168K, used 1018K [0x00000000eab00000, 0x00000000eb400000, 0x0000000100000000)
  eden space 6144K, 0% used [0x00000000eab00000,0x00000000eab00000,0x00000000eb100000)
  from space 1024K, 99% used [0x00000000eb100000,0x00000000eb1fe900,0x00000000eb200000)
  to   space 1536K, 0% used [0x00000000eb280000,0x00000000eb280000,0x00000000eb400000)
 ParOldGen       total 143360K, used 119782K [0x00000000c0000000, 0x00000000c8c00000, 0x00000000eab00000)
  object space 143360K, 83% used [0x00000000c0000000,0x00000000c74f9bf0,0x00000000c8c00000)
 Metaspace       used 98839K, committed 100352K, reserved 1179648K
  class space    used 9973K, committed 10688K, reserved 1048576K
}
Event: 5254.056 GC heap before
{Heap before GC invocations=3749 (full 135):
 PSYoungGen      total 7168K, used 7162K [0x00000000eab00000, 0x00000000eb400000, 0x0000000100000000)
  eden space 6144K, 100% used [0x00000000eab00000,0x00000000eb100000,0x00000000eb100000)
  from space 1024K, 99% used [0x00000000eb100000,0x00000000eb1fe900,0x00000000eb200000)
  to   space 1536K, 0% used [0x00000000eb280000,0x00000000eb280000,0x00000000eb400000)
 ParOldGen       total 143360K, used 119782K [0x00000000c0000000, 0x00000000c8c00000, 0x00000000eab00000)
  object space 143360K, 83% used [0x00000000c0000000,0x00000000c74f9bf0,0x00000000c8c00000)
 Metaspace       used 98839K, committed 100352K, reserved 1179648K
  class space    used 9973K, committed 10688K, reserved 1048576K
}
Event: 5254.057 GC heap after
{Heap after GC invocations=3749 (full 135):
 PSYoungGen      total 7680K, used 1044K [0x00000000eab00000, 0x00000000eb400000, 0x0000000100000000)
  eden space 6144K, 0% used [0x00000000eab00000,0x00000000eab00000,0x00000000eb100000)
  from space 1536K, 68% used [0x00000000eb280000,0x00000000eb385200,0x00000000eb400000)
  to   space 1536K, 0% used [0x00000000eb100000,0x00000000eb100000,0x00000000eb280000)
 ParOldGen       total 143360K, used 120669K [0x00000000c0000000, 0x00000000c8c00000, 0x00000000eab00000)
  object space 143360K, 84% used [0x00000000c0000000,0x00000000c75d75a0,0x00000000c8c00000)
 Metaspace       used 98839K, committed 100352K, reserved 1179648K
  class space    used 9973K, committed 10688K, reserved 1048576K
}
Event: 5258.167 GC heap before
{Heap before GC invocations=3750 (full 135):
 PSYoungGen      total 7680K, used 7188K [0x00000000eab00000, 0x00000000eb400000, 0x0000000100000000)
  eden space 6144K, 100% used [0x00000000eab00000,0x00000000eb100000,0x00000000eb100000)
  from space 1536K, 68% used [0x00000000eb280000,0x00000000eb385200,0x00000000eb400000)
  to   space 1536K, 0% used [0x00000000eb100000,0x00000000eb100000,0x00000000eb280000)
 ParOldGen       total 143360K, used 120669K [0x00000000c0000000, 0x00000000c8c00000, 0x00000000eab00000)
  object space 143360K, 84% used [0x00000000c0000000,0x00000000c75d75a0,0x00000000c8c00000)
 Metaspace       used 98839K, committed 100352K, reserved 1179648K
  class space    used 9973K, committed 10688K, reserved 1048576K
}
Event: 5258.168 GC heap after
{Heap after GC invocations=3750 (full 135):
 PSYoungGen      total 7680K, used 1060K [0x00000000eab00000, 0x00000000eb400000, 0x0000000100000000)
  eden space 6144K, 0% used [0x00000000eab00000,0x00000000eab00000,0x00000000eb100000)
  from space 1536K, 69% used [0x00000000eb100000,0x00000000eb209210,0x00000000eb280000)
  to   space 1536K, 0% used [0x00000000eb280000,0x00000000eb280000,0x00000000eb400000)
 ParOldGen       total 143360K, used 120669K [0x00000000c0000000, 0x00000000c8c00000, 0x00000000eab00000)
  object space 143360K, 84% used [0x00000000c0000000,0x00000000c75d75a0,0x00000000c8c00000)
 Metaspace       used 98839K, committed 100352K, reserved 1179648K
  class space    used 9973K, committed 10688K, reserved 1048576K
}
Event: 5258.752 GC heap before
{Heap before GC invocations=3751 (full 135):
 PSYoungGen      total 7680K, used 7204K [0x00000000eab00000, 0x00000000eb400000, 0x0000000100000000)
  eden space 6144K, 100% used [0x00000000eab00000,0x00000000eb100000,0x00000000eb100000)
  from space 1536K, 69% used [0x00000000eb100000,0x00000000eb209210,0x00000000eb280000)
  to   space 1536K, 0% used [0x00000000eb280000,0x00000000eb280000,0x00000000eb400000)
 ParOldGen       total 143360K, used 120669K [0x00000000c0000000, 0x00000000c8c00000, 0x00000000eab00000)
  object space 143360K, 84% used [0x00000000c0000000,0x00000000c75d75a0,0x00000000c8c00000)
 Metaspace       used 98839K, committed 100352K, reserved 1179648K
  class space    used 9973K, committed 10688K, reserved 1048576K
}
Event: 5258.753 GC heap after
{Heap after GC invocations=3751 (full 135):
 PSYoungGen      total 7168K, used 964K [0x00000000eab00000, 0x00000000eb380000, 0x0000000100000000)
  eden space 6144K, 0% used [0x00000000eab00000,0x00000000eab00000,0x00000000eb100000)
  from space 1024K, 94% used [0x00000000eb280000,0x00000000eb371210,0x00000000eb380000)
  to   space 1024K, 0% used [0x00000000eb180000,0x00000000eb180000,0x00000000eb280000)
 ParOldGen       total 143360K, used 120669K [0x00000000c0000000, 0x00000000c8c00000, 0x00000000eab00000)
  object space 143360K, 84% used [0x00000000c0000000,0x00000000c75d75a0,0x00000000c8c00000)
 Metaspace       used 98839K, committed 100352K, reserved 1179648K
  class space    used 9973K, committed 10688K, reserved 1048576K
}
Event: 5258.835 GC heap before
{Heap before GC invocations=3752 (full 135):
 PSYoungGen      total 7168K, used 7108K [0x00000000eab00000, 0x00000000eb380000, 0x0000000100000000)
  eden space 6144K, 100% used [0x00000000eab00000,0x00000000eb100000,0x00000000eb100000)
  from space 1024K, 94% used [0x00000000eb280000,0x00000000eb371210,0x00000000eb380000)
  to   space 1024K, 0% used [0x00000000eb180000,0x00000000eb180000,0x00000000eb280000)
 ParOldGen       total 143360K, used 120669K [0x00000000c0000000, 0x00000000c8c00000, 0x00000000eab00000)
  object space 143360K, 84% used [0x00000000c0000000,0x00000000c75d75a0,0x00000000c8c00000)
 Metaspace       used 98839K, committed 100352K, reserved 1179648K
  class space    used 9973K, committed 10688K, reserved 1048576K
}
Event: 5258.836 GC heap after
{Heap after GC invocations=3752 (full 135):
 PSYoungGen      total 7168K, used 916K [0x00000000eab00000, 0x00000000eb300000, 0x0000000100000000)
  eden space 6144K, 0% used [0x00000000eab00000,0x00000000eab00000,0x00000000eb100000)
  from space 1024K, 89% used [0x00000000eb180000,0x00000000eb265200,0x00000000eb280000)
  to   space 512K, 0% used [0x00000000eb280000,0x00000000eb280000,0x00000000eb300000)
 ParOldGen       total 143360K, used 120669K [0x00000000c0000000, 0x00000000c8c00000, 0x00000000eab00000)
  object space 143360K, 84% used [0x00000000c0000000,0x00000000c75d75a0,0x00000000c8c00000)
 Metaspace       used 98839K, committed 100352K, reserved 1179648K
  class space    used 9973K, committed 10688K, reserved 1048576K
}

Dll operation events (11 events):
Event: 0.006 Loaded shared library c:\Users\phung\.vscode\extensions\redhat.java-1.23.0-win32-x64\jre\17.0.8.1-win32-x86_64\bin\java.dll
Event: 0.092 Loaded shared library c:\Users\phung\.vscode\extensions\redhat.java-1.23.0-win32-x64\jre\17.0.8.1-win32-x86_64\bin\zip.dll
Event: 0.094 Loaded shared library C:\Users\phung\.vscode\extensions\redhat.java-1.23.0-win32-x64\jre\17.0.8.1-win32-x86_64\bin\instrument.dll
Event: 0.101 Loaded shared library C:\Users\phung\.vscode\extensions\redhat.java-1.23.0-win32-x64\jre\17.0.8.1-win32-x86_64\bin\net.dll
Event: 0.103 Loaded shared library C:\Users\phung\.vscode\extensions\redhat.java-1.23.0-win32-x64\jre\17.0.8.1-win32-x86_64\bin\nio.dll
Event: 0.107 Loaded shared library C:\Users\phung\.vscode\extensions\redhat.java-1.23.0-win32-x64\jre\17.0.8.1-win32-x86_64\bin\zip.dll
Event: 0.124 Loaded shared library C:\Users\phung\.vscode\extensions\redhat.java-1.23.0-win32-x64\jre\17.0.8.1-win32-x86_64\bin\jimage.dll
Event: 0.188 Loaded shared library c:\Users\phung\.vscode\extensions\redhat.java-1.23.0-win32-x64\jre\17.0.8.1-win32-x86_64\bin\verify.dll
Event: 0.933 Loaded shared library C:\Users\phung\AppData\Roaming\Code\User\globalStorage\redhat.java\1.23.0\config_win\org.eclipse.equinox.launcher\org.eclipse.equinox.launcher.win32.win32.x86_64_1.2.700.v20221108-1024\eclipse_11801.dll
Event: 3.884 Loaded shared library C:\Users\phung\AppData\Local\Temp\jna-106648566\jna17677833162454974920.dll
Event: 11.396 Loaded shared library C:\Users\phung\.vscode\extensions\redhat.java-1.23.0-win32-x64\jre\17.0.8.1-win32-x86_64\bin\sunmscapi.dll

Deoptimization events (20 events):
Event: 3669.740 Thread 0x000001c07cfd7940 DEOPT PACKING pc=0x000001c0087dfb70 sp=0x00000049f49fd570
Event: 3669.740 Thread 0x000001c07cfd7940 DEOPT UNPACKING pc=0x000001c007589ea3 sp=0x00000049f49fd460 mode 2
Event: 5221.115 Thread 0x000001c07e2e6d10 Uncommon trap: trap_request=0xffffffde fr.pc=0x000001c008d561d0 relative=0x0000000000001110
Event: 5221.115 Thread 0x000001c07e2e6d10 Uncommon trap: reason=class_check action=maybe_recompile pc=0x000001c008d561d0 method=org.eclipse.jdt.internal.corext.refactoring.util.RefactoringASTParser.getCompilerOptions(Lorg/eclipse/jdt/core/IJavaElement;)Ljava/util/Map; @ 1 c2
Event: 5221.115 Thread 0x000001c07e2e6d10 DEOPT PACKING pc=0x000001c008d561d0 sp=0x00000049f1ffe940
Event: 5221.117 Thread 0x000001c07e2e6d10 DEOPT UNPACKING pc=0x000001c007589ea3 sp=0x00000049f1ffe930 mode 2
Event: 5221.135 Thread 0x000001c07e2e6d10 Uncommon trap: trap_request=0xffffffc6 fr.pc=0x000001c008fdc5fc relative=0x000000000000153c
Event: 5221.135 Thread 0x000001c07e2e6d10 Uncommon trap: reason=bimorphic_or_optimized_type_check action=maybe_recompile pc=0x000001c008fdc5fc method=org.eclipse.jdt.internal.compiler.parser.Parser.consumeRule(I)V @ 7020 c2
Event: 5221.135 Thread 0x000001c07e2e6d10 DEOPT PACKING pc=0x000001c008fdc5fc sp=0x00000049f1ffe140
Event: 5221.136 Thread 0x000001c07e2e6d10 DEOPT UNPACKING pc=0x000001c007589ea3 sp=0x00000049f1ffe0d0 mode 2
Event: 5221.137 Thread 0x000001c07e2e6d10 DEOPT PACKING pc=0x000001c001a374e8 sp=0x00000049f1ffdef0
Event: 5221.137 Thread 0x000001c07e2e6d10 DEOPT UNPACKING pc=0x000001c00758a9e3 sp=0x00000049f1ffd3f0 mode 0
Event: 5221.137 Thread 0x000001c07e2e6d10 Uncommon trap: trap_request=0xffffffc6 fr.pc=0x000001c008fdc5fc relative=0x000000000000153c
Event: 5221.137 Thread 0x000001c07e2e6d10 Uncommon trap: reason=bimorphic_or_optimized_type_check action=maybe_recompile pc=0x000001c008fdc5fc method=org.eclipse.jdt.internal.compiler.parser.Parser.consumeRule(I)V @ 7020 c2
Event: 5221.137 Thread 0x000001c07e2e6d10 DEOPT PACKING pc=0x000001c008fdc5fc sp=0x00000049f1ffe140
Event: 5221.137 Thread 0x000001c07e2e6d10 DEOPT UNPACKING pc=0x000001c007589ea3 sp=0x00000049f1ffe0d0 mode 2
Event: 5231.876 Thread 0x000001c07e2eb900 DEOPT PACKING pc=0x000001c00170a93f sp=0x00000049f46fdd30
Event: 5231.876 Thread 0x000001c07e2eb900 DEOPT UNPACKING pc=0x000001c00758a9e3 sp=0x00000049f46fd200 mode 0
Event: 5239.478 Thread 0x000001c07e2eb900 DEOPT PACKING pc=0x000001c001e5e6ea sp=0x00000049f46fdb70
Event: 5239.479 Thread 0x000001c07e2eb900 DEOPT UNPACKING pc=0x000001c00758a9e3 sp=0x00000049f46fd068 mode 0

Classes unloaded (20 events):
Event: 5238.994 Thread 0x000001c075def170 Unloading class 0x00000001002df800 'jdk/internal/reflect/GeneratedSerializationConstructorAccessor50'
Event: 5238.994 Thread 0x000001c075def170 Unloading class 0x0000000100300c00 'jdk/internal/reflect/GeneratedSerializationConstructorAccessor49'
Event: 5238.994 Thread 0x000001c075def170 Unloading class 0x0000000100302c00 'jdk/internal/reflect/GeneratedSerializationConstructorAccessor48'
Event: 5238.994 Thread 0x000001c075def170 Unloading class 0x0000000100303000 'jdk/internal/reflect/GeneratedSerializationConstructorAccessor47'
Event: 5238.994 Thread 0x000001c075def170 Unloading class 0x0000000100304000 'jdk/internal/reflect/GeneratedSerializationConstructorAccessor46'
Event: 5238.994 Thread 0x000001c075def170 Unloading class 0x0000000100307000 'jdk/internal/reflect/GeneratedSerializationConstructorAccessor45'
Event: 5238.994 Thread 0x000001c075def170 Unloading class 0x000000010086c000 'jdk/internal/reflect/GeneratedMethodAccessor71'
Event: 5238.994 Thread 0x000001c075def170 Unloading class 0x0000000100874c00 'jdk/internal/reflect/GeneratedMethodAccessor70'
Event: 5238.994 Thread 0x000001c075def170 Unloading class 0x0000000100877800 'jdk/internal/reflect/GeneratedSerializationConstructorAccessor44'
Event: 5238.994 Thread 0x000001c075def170 Unloading class 0x0000000100950400 'jdk/internal/reflect/GeneratedSerializationConstructorAccessor43'
Event: 5238.994 Thread 0x000001c075def170 Unloading class 0x0000000100959c00 'jdk/internal/reflect/GeneratedSerializationConstructorAccessor42'
Event: 5238.994 Thread 0x000001c075def170 Unloading class 0x0000000100991400 'jdk/internal/reflect/GeneratedSerializationConstructorAccessor41'
Event: 5238.994 Thread 0x000001c075def170 Unloading class 0x0000000100999000 'jdk/internal/reflect/GeneratedSerializationConstructorAccessor40'
Event: 5238.994 Thread 0x000001c075def170 Unloading class 0x00000001009f8c00 'jdk/internal/reflect/GeneratedSerializationConstructorAccessor39'
Event: 5238.995 Thread 0x000001c075def170 Unloading class 0x0000000100874000 'jdk/internal/reflect/GeneratedSerializationConstructorAccessor38'
Event: 5238.995 Thread 0x000001c075def170 Unloading class 0x0000000100388800 'jdk/internal/reflect/GeneratedSerializationConstructorAccessor37'
Event: 5238.995 Thread 0x000001c075def170 Unloading class 0x00000001002d5800 'jdk/internal/reflect/GeneratedSerializationConstructorAccessor36'
Event: 5238.995 Thread 0x000001c075def170 Unloading class 0x00000001002d4800 'jdk/internal/reflect/GeneratedSerializationConstructorAccessor35'
Event: 5238.995 Thread 0x000001c075def170 Unloading class 0x0000000100a88c00 'jdk/internal/reflect/GeneratedSerializationConstructorAccessor34'
Event: 5238.995 Thread 0x000001c075def170 Unloading class 0x0000000100a95800 'jdk/internal/reflect/GeneratedSerializationConstructorAccessor33'

Classes redefined (0 events):
No events

Internal exceptions (20 events):
Event: 1169.935 Thread 0x000001c07cfda1c0 Exception <a 'sun/nio/fs/WindowsException'{0x00000000eaba5b50}> (0x00000000eaba5b50) 
thrown [s\src\hotspot\share\prims\jni.cpp, line 516]
Event: 1299.063 Thread 0x000001c07e2e4490 Exception <a 'java/lang/NoSuchMethodError'{0x00000000eb098060}: 'int java.lang.invoke.DirectMethodHandle$Holder.invokeSpecial(java.lang.Object, java.lang.Object, java.lang.Object, java.lang.Object, java.lang.Object)'> (0x00000000eb098060) 
thrown [s\src\hotspot\share\interpreter\linkResolver.cpp, line 759]
Event: 1299.534 Thread 0x000001c07e2e4490 Exception <a 'java/lang/NoSuchMethodError'{0x00000000eaf2d810}: 'java.lang.Object java.lang.invoke.DirectMethodHandle$Holder.newInvokeSpecial(java.lang.Object, int, java.lang.Object, java.lang.Object)'> (0x00000000eaf2d810) 
thrown [s\src\hotspot\share\interpreter\linkResolver.cpp, line 759]
Event: 1300.209 Thread 0x000001c07cfd6f20 Exception <a 'sun/nio/fs/WindowsException'{0x00000000eb0f5290}> (0x00000000eb0f5290) 
thrown [s\src\hotspot\share\prims\jni.cpp, line 516]
Event: 1300.448 Thread 0x000001c07cfd6f20 Exception <a 'sun/nio/fs/WindowsException'{0x00000000eab6b418}> (0x00000000eab6b418) 
thrown [s\src\hotspot\share\prims\jni.cpp, line 516]
Event: 1308.419 Thread 0x000001c07cfda1c0 Exception <a 'sun/nio/fs/WindowsException'{0x00000000eb095d70}> (0x00000000eb095d70) 
thrown [s\src\hotspot\share\prims\jni.cpp, line 516]
Event: 1308.419 Thread 0x000001c07cfda1c0 Exception <a 'sun/nio/fs/WindowsException'{0x00000000eb096050}> (0x00000000eb096050) 
thrown [s\src\hotspot\share\prims\jni.cpp, line 516]
Event: 1308.419 Thread 0x000001c07cfda1c0 Exception <a 'sun/nio/fs/WindowsException'{0x00000000eb0969b0}> (0x00000000eb0969b0) 
thrown [s\src\hotspot\share\prims\jni.cpp, line 516]
Event: 1308.419 Thread 0x000001c07cfda1c0 Exception <a 'sun/nio/fs/WindowsException'{0x00000000eb096c80}> (0x00000000eb096c80) 
thrown [s\src\hotspot\share\prims\jni.cpp, line 516]
Event: 3335.037 Thread 0x000001c00f138de0 Implicit null exception at 0x000001c0083fc574 to 0x000001c0083fd09c
Event: 3369.727 Thread 0x000001c07cfd6f20 Implicit null exception at 0x000001c0083248e0 to 0x000001c008326c24
Event: 3369.789 Thread 0x000001c07cfd6f20 Exception <a 'sun/nio/fs/WindowsException'{0x00000000eb1c6588}> (0x00000000eb1c6588) 
thrown [s\src\hotspot\share\prims\jni.cpp, line 516]
Event: 3369.980 Thread 0x000001c07cfd6f20 Exception <a 'sun/nio/fs/WindowsException'{0x00000000eb108210}> (0x00000000eb108210) 
thrown [s\src\hotspot\share\prims\jni.cpp, line 516]
Event: 3669.740 Thread 0x000001c07cfd7940 Implicit null exception at 0x000001c0087de9f5 to 0x000001c0087dfb54
Event: 3669.753 Thread 0x000001c07cfd7940 Exception <a 'java/lang/NoSuchMethodError'{0x00000000eb10c0b0}: static Lorg/eclipse/m2e/core/internal/lifecyclemapping/model/PluginExecutionMetadata;.<clinit>()V> (0x00000000eb10c0b0) 
thrown [s\src\hotspot\share\prims\jni.cpp, line 1107]
Event: 3669.755 Thread 0x000001c07cfd7940 Exception <a 'java/lang/NoSuchMethodError'{0x00000000eb136180}: static Lorg/eclipse/m2e/core/internal/lifecyclemapping/model/PluginExecutionFilter;.<clinit>()V> (0x00000000eb136180) 
thrown [s\src\hotspot\share\prims\jni.cpp, line 1107]
Event: 3669.758 Thread 0x000001c07cfd7940 Exception <a 'java/lang/NoSuchMethodError'{0x00000000eb15b710}: static Lorg/eclipse/m2e/core/internal/project/registry/MavenProjectFacade$MavenProjectConfiguration;.<clinit>()V> (0x00000000eb15b710) 
thrown [s\src\hotspot\share\prims\jni.cpp, line 1107]
Event: 3669.758 Thread 0x000001c07cfd7940 Exception <a 'java/lang/NoSuchMethodError'{0x00000000eb17c010}: static [J.<clinit>()V> (0x00000000eb17c010) 
thrown [s\src\hotspot\share\prims\jni.cpp, line 1107]
Event: 4269.831 Thread 0x000001c07cfd6f20 Exception <a 'sun/nio/fs/WindowsException'{0x00000000eb2b5210}> (0x00000000eb2b5210) 
thrown [s\src\hotspot\share\prims\jni.cpp, line 516]
Event: 4272.898 Thread 0x000001c07cfd6f20 Exception <a 'sun/nio/fs/WindowsException'{0x00000000eaec4fc0}> (0x00000000eaec4fc0) 
thrown [s\src\hotspot\share\prims\jni.cpp, line 516]

VM Operations (20 events):
Event: 5241.912 Executing VM operation: Cleanup
Event: 5241.912 Executing VM operation: Cleanup done
Event: 5253.337 Executing VM operation: ParallelGCFailedAllocation
Event: 5253.339 Executing VM operation: ParallelGCFailedAllocation done
Event: 5253.357 Executing VM operation: ParallelGCFailedAllocation
Event: 5253.359 Executing VM operation: ParallelGCFailedAllocation done
Event: 5253.427 Executing VM operation: ParallelGCFailedAllocation
Event: 5253.430 Executing VM operation: ParallelGCFailedAllocation done
Event: 5253.668 Executing VM operation: ParallelGCFailedAllocation
Event: 5253.670 Executing VM operation: ParallelGCFailedAllocation done
Event: 5253.899 Executing VM operation: ParallelGCFailedAllocation
Event: 5253.901 Executing VM operation: ParallelGCFailedAllocation done
Event: 5254.056 Executing VM operation: ParallelGCFailedAllocation
Event: 5254.057 Executing VM operation: ParallelGCFailedAllocation done
Event: 5258.167 Executing VM operation: ParallelGCFailedAllocation
Event: 5258.168 Executing VM operation: ParallelGCFailedAllocation done
Event: 5258.752 Executing VM operation: ParallelGCFailedAllocation
Event: 5258.753 Executing VM operation: ParallelGCFailedAllocation done
Event: 5258.835 Executing VM operation: ParallelGCFailedAllocation
Event: 5258.836 Executing VM operation: ParallelGCFailedAllocation done

Events (20 events):
Event: 4542.189 Thread 0x000001c07e2e5de0 Thread exited: 0x000001c07e2e5de0
Event: 4572.077 Thread 0x000001c07e2eb900 Thread added: 0x000001c07e2eb900
Event: 4572.083 Thread 0x000001c07e2e49a0 Thread added: 0x000001c07e2e49a0
Event: 4572.087 Thread 0x000001c07e2eb900 Thread exited: 0x000001c07e2eb900
Event: 4572.087 Thread 0x000001c07e2e49a0 Thread exited: 0x000001c07e2e49a0
Event: 4602.187 Thread 0x000001c07e2e53c0 Thread exited: 0x000001c07e2e53c0
Event: 4662.194 Thread 0x000001c07e2e3f80 Thread exited: 0x000001c07e2e3f80
Event: 4722.199 Thread 0x000001c07e2eb3f0 Thread exited: 0x000001c07e2eb3f0
Event: 5219.345 Thread 0x000001c07e2e6d10 Thread added: 0x000001c07e2e6d10
Event: 5219.377 Thread 0x000001c07e2e58d0 Thread added: 0x000001c07e2e58d0
Event: 5219.387 Thread 0x000001c07e2e3f80 Thread added: 0x000001c07e2e3f80
Event: 5219.507 Thread 0x000001c07e2eb3f0 Thread added: 0x000001c07e2eb3f0
Event: 5219.990 Thread 0x000001c07e2eb900 Thread added: 0x000001c07e2eb900
Event: 5219.990 Thread 0x000001c07e2e49a0 Thread added: 0x000001c07e2e49a0
Event: 5221.031 Thread 0x000001c07e2e4eb0 Thread added: 0x000001c07e2e4eb0
Event: 5221.723 Thread 0x000001c07f3fb200 Thread added: 0x000001c07f3fb200
Event: 5222.225 Thread 0x000001c07f3fb200 Thread exited: 0x000001c07f3fb200
Event: 5236.118 Thread 0x000001c07e2e8660 Thread added: 0x000001c07e2e8660
Event: 5236.401 Thread 0x000001c07f3f6250 Thread added: 0x000001c07f3f6250
Event: 5237.031 Thread 0x000001c07f3f6250 Thread exited: 0x000001c07f3f6250


Dynamic libraries:
0x00007ff733970000 - 0x00007ff73397e000 	c:\Users\phung\.vscode\extensions\redhat.java-1.23.0-win32-x64\jre\17.0.8.1-win32-x86_64\bin\java.exe
0x00007ffcb2170000 - 0x00007ffcb2367000 	C:\WINDOWS\SYSTEM32\ntdll.dll
0x00007ffcb1ec0000 - 0x00007ffcb1f7d000 	C:\WINDOWS\System32\KERNEL32.DLL
0x00007ffcafed0000 - 0x00007ffcb01c6000 	C:\WINDOWS\System32\KERNELBASE.dll
0x00007ffcaf850000 - 0x00007ffcaf950000 	C:\WINDOWS\System32\ucrtbase.dll
0x00007ffc4d4f0000 - 0x00007ffc4d509000 	c:\Users\phung\.vscode\extensions\redhat.java-1.23.0-win32-x64\jre\17.0.8.1-win32-x86_64\bin\VCRUNTIME140.dll
0x00007ffc57cd0000 - 0x00007ffc57ce7000 	c:\Users\phung\.vscode\extensions\redhat.java-1.23.0-win32-x64\jre\17.0.8.1-win32-x86_64\bin\jli.dll
0x00007ffcb18c0000 - 0x00007ffcb1a5e000 	C:\WINDOWS\System32\USER32.dll
0x00007ffcafbd0000 - 0x00007ffcafbf2000 	C:\WINDOWS\System32\win32u.dll
0x00007ffca59c0000 - 0x00007ffca5c5a000 	C:\WINDOWS\WinSxS\amd64_microsoft.windows.common-controls_6595b64144ccf1df_6.0.19041.3570_none_60bb2a3971f3e41a\COMCTL32.dll
0x00007ffcb01d0000 - 0x00007ffcb01fc000 	C:\WINDOWS\System32\GDI32.dll
0x00007ffcb1f80000 - 0x00007ffcb201e000 	C:\WINDOWS\System32\msvcrt.dll
0x00007ffcafab0000 - 0x00007ffcafbca000 	C:\WINDOWS\System32\gdi32full.dll
0x00007ffcafdc0000 - 0x00007ffcafe5d000 	C:\WINDOWS\System32\msvcp_win.dll
0x00007ffcb0200000 - 0x00007ffcb0230000 	C:\WINDOWS\System32\IMM32.DLL
0x00007ffc8ef80000 - 0x00007ffc8ef8c000 	c:\Users\phung\.vscode\extensions\redhat.java-1.23.0-win32-x64\jre\17.0.8.1-win32-x86_64\bin\vcruntime140_1.dll
0x00007ffc333e0000 - 0x00007ffc33471000 	c:\Users\phung\.vscode\extensions\redhat.java-1.23.0-win32-x64\jre\17.0.8.1-win32-x86_64\bin\msvcp140.dll
0x00007ffc2dab0000 - 0x00007ffc2e6fc000 	c:\Users\phung\.vscode\extensions\redhat.java-1.23.0-win32-x64\jre\17.0.8.1-win32-x86_64\bin\server\jvm.dll
0x00007ffcb1340000 - 0x00007ffcb13ee000 	C:\WINDOWS\System32\ADVAPI32.dll
0x00007ffcb2020000 - 0x00007ffcb20bc000 	C:\WINDOWS\System32\sechost.dll
0x00007ffcb0650000 - 0x00007ffcb0776000 	C:\WINDOWS\System32\RPCRT4.dll
0x00007ffcaedc0000 - 0x00007ffcaee0b000 	C:\WINDOWS\SYSTEM32\POWRPROF.dll
0x00007ffc8e5e0000 - 0x00007ffc8e5e9000 	C:\WINDOWS\SYSTEM32\WSOCK32.dll
0x00007ffc8e5b0000 - 0x00007ffc8e5d7000 	C:\WINDOWS\SYSTEM32\WINMM.dll
0x00007ffcb20c0000 - 0x00007ffcb212b000 	C:\WINDOWS\System32\WS2_32.dll
0x00007ffca4830000 - 0x00007ffca483a000 	C:\WINDOWS\SYSTEM32\VERSION.dll
0x00007ffcaec70000 - 0x00007ffcaec82000 	C:\WINDOWS\SYSTEM32\UMPDC.dll
0x00007ffcae0d0000 - 0x00007ffcae0e2000 	C:\WINDOWS\SYSTEM32\kernel.appcore.dll
0x00007ffc8bdf0000 - 0x00007ffc8bdfa000 	c:\Users\phung\.vscode\extensions\redhat.java-1.23.0-win32-x64\jre\17.0.8.1-win32-x86_64\bin\jimage.dll
0x00007ffcad470000 - 0x00007ffcad654000 	C:\WINDOWS\SYSTEM32\DBGHELP.DLL
0x00007ffca0e50000 - 0x00007ffca0e84000 	C:\WINDOWS\SYSTEM32\dbgcore.DLL
0x00007ffcafc80000 - 0x00007ffcafd02000 	C:\WINDOWS\System32\bcryptPrimitives.dll
0x00007ffc8b000000 - 0x00007ffc8b00e000 	c:\Users\phung\.vscode\extensions\redhat.java-1.23.0-win32-x64\jre\17.0.8.1-win32-x86_64\bin\instrument.dll
0x00007ffc3aed0000 - 0x00007ffc3aef5000 	c:\Users\phung\.vscode\extensions\redhat.java-1.23.0-win32-x64\jre\17.0.8.1-win32-x86_64\bin\java.dll
0x00007ffc3cb50000 - 0x00007ffc3cb68000 	c:\Users\phung\.vscode\extensions\redhat.java-1.23.0-win32-x64\jre\17.0.8.1-win32-x86_64\bin\zip.dll
0x00007ffcb0850000 - 0x00007ffcb0f94000 	C:\WINDOWS\System32\SHELL32.dll
0x00007ffcad8d0000 - 0x00007ffcae06b000 	C:\WINDOWS\SYSTEM32\windows.storage.dll
0x00007ffcb1b60000 - 0x00007ffcb1eb4000 	C:\WINDOWS\System32\combase.dll
0x00007ffcaf290000 - 0x00007ffcaf2bd000 	C:\WINDOWS\SYSTEM32\Wldp.dll
0x00007ffcb0420000 - 0x00007ffcb04cd000 	C:\WINDOWS\System32\SHCORE.dll
0x00007ffcb0290000 - 0x00007ffcb02e5000 	C:\WINDOWS\System32\shlwapi.dll
0x00007ffcaf780000 - 0x00007ffcaf7a5000 	C:\WINDOWS\SYSTEM32\profapi.dll
0x00007ffc97020000 - 0x00007ffc97039000 	C:\Users\phung\.vscode\extensions\redhat.java-1.23.0-win32-x64\jre\17.0.8.1-win32-x86_64\bin\net.dll
0x00007ffcaa1b0000 - 0x00007ffcaa2ba000 	C:\WINDOWS\SYSTEM32\WINHTTP.dll
0x00007ffcaeff0000 - 0x00007ffcaf05a000 	C:\WINDOWS\system32\mswsock.dll
0x00007ffc96fb0000 - 0x00007ffc96fc5000 	C:\Users\phung\.vscode\extensions\redhat.java-1.23.0-win32-x64\jre\17.0.8.1-win32-x86_64\bin\nio.dll
0x00007ffcab130000 - 0x00007ffcab140000 	c:\Users\phung\.vscode\extensions\redhat.java-1.23.0-win32-x64\jre\17.0.8.1-win32-x86_64\bin\verify.dll
0x00007ffca5c60000 - 0x00007ffca5c9e000 	C:\Users\phung\AppData\Roaming\Code\User\globalStorage\redhat.java\1.23.0\config_win\org.eclipse.equinox.launcher\org.eclipse.equinox.launcher.win32.win32.x86_64_1.2.700.v20221108-1024\eclipse_11801.dll
0x00007ffcb0fb0000 - 0x00007ffcb10db000 	C:\WINDOWS\System32\ole32.dll
0x00007ffcaf1e0000 - 0x00007ffcaf1f8000 	C:\WINDOWS\SYSTEM32\CRYPTSP.dll
0x00007ffcae890000 - 0x00007ffcae8c4000 	C:\WINDOWS\system32\rsaenh.dll
0x00007ffcafc50000 - 0x00007ffcafc77000 	C:\WINDOWS\System32\bcrypt.dll
0x00007ffcaf740000 - 0x00007ffcaf76e000 	C:\WINDOWS\SYSTEM32\USERENV.dll
0x00007ffcaf200000 - 0x00007ffcaf20c000 	C:\WINDOWS\SYSTEM32\CRYPTBASE.dll
0x00007ffcaec90000 - 0x00007ffcaeccb000 	C:\WINDOWS\SYSTEM32\IPHLPAPI.DLL
0x00007ffcb0fa0000 - 0x00007ffcb0fa8000 	C:\WINDOWS\System32\NSI.dll
0x00007ffca5430000 - 0x00007ffca5447000 	C:\WINDOWS\SYSTEM32\dhcpcsvc6.DLL
0x00007ffca6550000 - 0x00007ffca656d000 	C:\WINDOWS\SYSTEM32\dhcpcsvc.DLL
0x00007ffcaecd0000 - 0x00007ffcaed9a000 	C:\WINDOWS\SYSTEM32\DNSAPI.dll
0x00007ffc9ac60000 - 0x00007ffc9aca5000 	C:\Users\phung\AppData\Local\Temp\jna-106648566\jna17677833162454974920.dll
0x00007ffcb02f0000 - 0x00007ffcb02f8000 	C:\WINDOWS\System32\PSAPI.DLL
0x00007ffca1e60000 - 0x00007ffca1e6e000 	C:\Users\phung\.vscode\extensions\redhat.java-1.23.0-win32-x64\jre\17.0.8.1-win32-x86_64\bin\sunmscapi.dll
0x00007ffcaf950000 - 0x00007ffcafaad000 	C:\WINDOWS\System32\CRYPT32.dll
0x00007ffcaf300000 - 0x00007ffcaf327000 	C:\WINDOWS\SYSTEM32\ncrypt.dll
0x00007ffcaf2c0000 - 0x00007ffcaf2fb000 	C:\WINDOWS\SYSTEM32\NTASN1.dll
0x00007ffca64e0000 - 0x00007ffca64ea000 	C:\Windows\System32\rasadhlp.dll
0x00007ffca5000000 - 0x00007ffca5082000 	C:\WINDOWS\System32\fwpuclnt.dll

dbghelp: loaded successfully - version: 4.0.5 - missing functions: none
symbol engine: initialized successfully - sym options: 0x614 - pdb path: .;c:\Users\phung\.vscode\extensions\redhat.java-1.23.0-win32-x64\jre\17.0.8.1-win32-x86_64\bin;C:\WINDOWS\SYSTEM32;C:\WINDOWS\WinSxS\amd64_microsoft.windows.common-controls_6595b64144ccf1df_6.0.19041.3570_none_60bb2a3971f3e41a;c:\Users\phung\.vscode\extensions\redhat.java-1.23.0-win32-x64\jre\17.0.8.1-win32-x86_64\bin\server;C:\Users\phung\AppData\Roaming\Code\User\globalStorage\redhat.java\1.23.0\config_win\org.eclipse.equinox.launcher\org.eclipse.equinox.launcher.win32.win32.x86_64_1.2.700.v20221108-1024;C:\Users\phung\AppData\Local\Temp\jna-106648566

VM Arguments:
jvm_args: --add-modules=ALL-SYSTEM --add-opens=java.base/java.util=ALL-UNNAMED --add-opens=java.base/java.lang=ALL-UNNAMED --add-opens=java.base/sun.nio.fs=ALL-UNNAMED -Declipse.application=org.eclipse.jdt.ls.core.id1 -Dosgi.bundles.defaultStartLevel=4 -Declipse.product=org.eclipse.jdt.ls.core.product -Djava.import.generatesMetadataFilesAtProjectRoot=false -DDetectVMInstallationsJob.disabled=true -Dfile.encoding=utf8 -XX:+UseParallelGC -XX:GCTimeRatio=4 -XX:AdaptiveSizePolicyWeight=90 -Dsun.zip.disableMemoryMapping=true -Xmx1G -Xms100m -Xlog:disable -javaagent:c:\Users\phung\.vscode\extensions\redhat.java-1.23.0-win32-x64\lombok\lombok-1.18.30.jar -XX:+HeapDumpOnOutOfMemoryError -XX:HeapDumpPath=c:\Users\phung\AppData\Roaming\Code\User\workspaceStorage\532290e112ddb0a58047b942df4e28cd\redhat.java -Daether.dependencyCollector.impl=bf 
java_command: c:\Users\phung\.vscode\extensions\redhat.java-1.23.0-win32-x64\server\plugins\org.eclipse.equinox.launcher_1.6.500.v20230717-2134.jar -configuration c:\Users\phung\AppData\Roaming\Code\User\globalStorage\redhat.java\1.23.0\config_win -data c:\Users\phung\AppData\Roaming\Code\User\workspaceStorage\532290e112ddb0a58047b942df4e28cd\redhat.java\jdt_ws
java_class_path (initial): c:\Users\phung\.vscode\extensions\redhat.java-1.23.0-win32-x64\server\plugins\org.eclipse.equinox.launcher_1.6.500.v20230717-2134.jar
Launcher Type: SUN_STANDARD

[Global flags]
    uintx AdaptiveSizePolicyWeight                 = 90                                        {product} {command line}
     intx CICompilerCount                          = 4                                         {product} {ergonomic}
    uintx GCTimeRatio                              = 4                                         {product} {command line}
     bool HeapDumpOnOutOfMemoryError               = true                                   {manageable} {command line}
    ccstr HeapDumpPath                             = c:\Users\phung\AppData\Roaming\Code\User\workspaceStorage\532290e112ddb0a58047b942df4e28cd\redhat.java         {manageable} {command line}
   size_t InitialHeapSize                          = 104857600                                 {product} {command line}
   size_t MaxHeapSize                              = 1073741824                                {product} {command line}
   size_t MaxNewSize                               = 357564416                                 {product} {ergonomic}
   size_t MinHeapDeltaBytes                        = 524288                                    {product} {ergonomic}
   size_t MinHeapSize                              = 104857600                                 {product} {command line}
   size_t NewSize                                  = 34603008                                  {product} {ergonomic}
    uintx NonNMethodCodeHeapSize                   = 5839372                                {pd product} {ergonomic}
    uintx NonProfiledCodeHeapSize                  = 122909434                              {pd product} {ergonomic}
   size_t OldSize                                  = 70254592                                  {product} {ergonomic}
    uintx ProfiledCodeHeapSize                     = 122909434                              {pd product} {ergonomic}
    uintx ReservedCodeCacheSize                    = 251658240                              {pd product} {ergonomic}
     bool SegmentedCodeCache                       = true                                      {product} {ergonomic}
   size_t SoftMaxHeapSize                          = 1073741824                             {manageable} {ergonomic}
     bool UseCompressedClassPointers               = true                           {product lp64_product} {ergonomic}
     bool UseCompressedOops                        = true                           {product lp64_product} {ergonomic}
     bool UseLargePagesIndividualAllocation        = false                                  {pd product} {ergonomic}
     bool UseParallelGC                            = true                                      {product} {command line}

Logging:
Log output configuration:
 #0: stdout all=off uptime,level,tags
 #1: stderr all=off uptime,level,tags

Environment Variables:
JAVA_HOME=C:\Program Files\Java\jdk-21
PATH=D:\apache-maven-3.9.5-bin\apache-maven-3.9.5\bin;C:\Program Files\Java\jdk-21\bin;C:\Program Files\Common Files\Oracle\Java\javapath;C:\Program Files (x86)\Microsoft SQL Server Management Studio 19\Common7\IDE;C:\WINDOWS\system32;C:\WINDOWS;C:\WINDOWS\System32\Wbem;C:\WINDOWS\System32\WindowsPowerShell\v1.0\;C:\WINDOWS\System32\OpenSSH\;C:\Program Files\Git\cmd;C:\Program Files (x86)\Microsoft SQL Server\160\Tools\Binn\;C:\Program Files\Microsoft SQL Server\160\Tools\Binn\;C:\Program Files\Microsoft SQL Server\Client SDK\ODBC\170\Tools\Binn\;C:\Program Files\Microsoft SQL Server\160\DTS\Binn\;C:\Program Files (x86)\Microsoft SQL Server\160\DTS\Binn\;C:\Program Files\Azure Data Studio\bin;C:\Program Files\nodejs\;C:\Users\phung\AppData\Local\Microsoft\WindowsApps;;C:\Users\phung\AppData\Local\Programs\Microsoft VS Code\bin;C:\Program Files\Azure Data Studio\bin;C:\Users\phung\AppData\Roaming\npm
USERNAME=phung
OS=Windows_NT
PROCESSOR_IDENTIFIER=Intel64 Family 6 Model 140 Stepping 1, GenuineIntel
TMP=C:\Users\phung\AppData\Local\Temp
TEMP=C:\Users\phung\AppData\Local\Temp



---------------  S Y S T E M  ---------------

OS:
 Windows 10 , 64 bit Build 19041 (10.0.19041.3570)
OS uptime: 2 days 6:55 hours

CPU: total 8 (initial active 8) (4 cores per cpu, 2 threads per core) family 6 model 140 stepping 1 microcode 0x86, cx8, cmov, fxsr, ht, mmx, 3dnowpref, sse, sse2, sse3, ssse3, sse4.1, sse4.2, popcnt, lzcnt, tsc, tscinvbit, avx, avx2, aes, erms, clmul, bmi1, bmi2, adx, avx512f, avx512dq, avx512cd, avx512bw, avx512vl, sha, fma, vzeroupper, avx512_vpopcntdq, avx512_vpclmulqdq, avx512_vaes, avx512_vnni, clflush, clflushopt, clwb, avx512_vbmi2, avx512_vbmi
Processor Information for all 8 processors :
  Max Mhz: 3110, Current Mhz: 3110, Mhz Limit: 3110

Memory: 4k page, system-wide physical 7987M (734M free)
TotalPageFile size 32563M (AvailPageFile size 7M)
current process WorkingSet (physical memory assigned to process): 389M, peak: 435M
current process commit charge ("private bytes"): 483M, peak: 521M

vm_info: OpenJDK 64-Bit Server VM (17.0.8.1+1) for windows-amd64 JRE (17.0.8.1+1), built on Aug 23 2023 15:29:17 by "admin" with MS VC++ 16.7 (VS2019)

END.
